$version Generated by VerilatedVcd $end
$timescale 1ps $end
 $scope module TOP $end
  $scope module $unit $end
   $var wire 7 t I_IMM_TYPE [6:0] $end
   $var wire 7 t I_OR_R_ALU [6:0] $end
   $var wire 7 u LD_TYPE [6:0] $end
   $var wire 7 u I_IMM_OR_LD [6:0] $end
   $var wire 7 v S_TYPE [6:0] $end
   $var wire 7 u LD_OR_S [6:0] $end
   $var wire 7 w B_TYPE [6:0] $end
   $var wire 7 x J_TYPE [6:0] $end
   $var wire 7 y I_JMP_TYPE [6:0] $end
   $var wire 7 y JAL_OR_JALR [6:0] $end
   $var wire 7 z AUIPC [6:0] $end
   $var wire 7 z U_TYPE [6:0] $end
  $upscope $end
  $var wire 1 j clk_i $end
  $var wire 1 k rst_i $end
  $var wire 1 l imem_ld_i $end
  $var wire 10 m imem_ld_addr_i [9:0] $end
  $var wire 32 n imem_ld_data_i [31:0] $end
  $scope module risc_v $end
   $var wire 32 o AddressWidth [31:0] $end
   $var wire 32 p DataWidth [31:0] $end
   $var wire 1 j clk_i $end
   $var wire 1 k rst_i $end
   $var wire 1 l imem_ld_i $end
   $var wire 10 m imem_ld_addr_i [9:0] $end
   $var wire 32 n imem_ld_data_i [31:0] $end
   $var wire 1 q halt $end
   $var wire 4 # alu_op [3:0] $end
   $var wire 2 $ regf_rd_src [1:0] $end
   $var wire 1 % alu_src2_sel $end
   $var wire 1 & jal $end
   $var wire 1 ' jalr $end
   $var wire 1 ( branch $end
   $var wire 1 ) auipc $end
   $var wire 1 * regf_wr_en $end
   $var wire 1 + mem_wr_en $end
   $var wire 1 , pc_src_sel $end
   $var wire 32 - target_pc [31:0] $end
   $var wire 32 G pc [31:0] $end
   $var wire 32 H pc_plus4 [31:0] $end
   $var wire 32 . next_pc [31:0] $end
   $var wire 1 / alu_flag $end
   $var wire 32 0 alu_src2 [31:0] $end
   $var wire 32 1 alu_result [31:0] $end
   $var wire 32 2 regf_rd_data [31:0] $end
   $var wire 32 3 regf_rs1_data [31:0] $end
   $var wire 32 4 regf_rs2_data [31:0] $end
   $var wire 32 5 uimm_type_data [31:0] $end
   $var wire 32 6 data_mem_r_data [31:0] $end
   $var wire 32 7 imm [31:0] $end
   $var wire 32 8 instr [31:0] $end
   $var wire 32 9 ld_data [31:0] $end
   $var wire 10 : imem_addr [9:0] $end
   $var wire 7 ; op_code [6:0] $end
   $var wire 3 < funct3 [2:0] $end
   $var wire 1 = funct7_h20 $end
   $var wire 5 > regf_rd_addr [4:0] $end
   $var wire 5 ? regf_rs1_addr [4:0] $end
   $var wire 5 @ regf_rs2_addr [4:0] $end
   $scope module alu $end
    $var wire 32 p DataWidth [31:0] $end
    $var wire 32 3 src1_i [31:0] $end
    $var wire 32 0 src2_i [31:0] $end
    $var wire 4 # alu_op_i [3:0] $end
    $var wire 32 1 result_o [31:0] $end
   $upscope $end
   $scope module alu_src2_mux $end
    $var wire 32 p DataWidth [31:0] $end
    $var wire 1 % sel_i $end
    $var wire 32 4 in0_i [31:0] $end
    $var wire 32 7 in1_i [31:0] $end
    $var wire 32 0 out_o [31:0] $end
   $upscope $end
   $scope module control_unit $end
    $var wire 7 ; op_code_i [6:0] $end
    $var wire 1 & jal_o $end
    $var wire 1 ' jalr_o $end
    $var wire 1 ( branch_o $end
    $var wire 1 ) auipc_o $end
    $var wire 1 * regf_wr_en_o $end
    $var wire 1 + mem_wr_en_o $end
    $var wire 2 $ regf_rd_src_o [1:0] $end
    $var wire 1 A fnc7_h20_i $end
    $var wire 3 < funct3_i [2:0] $end
    $var wire 1 % alu_src_o $end
    $var wire 4 # alu_op_o [3:0] $end
   $upscope $end
   $scope module ctrl_flow_unit $end
    $var wire 32 p DataWidth [31:0] $end
    $var wire 1 & jal_i $end
    $var wire 1 ' jalr_i $end
    $var wire 1 ( branch_i $end
    $var wire 1 / alu_flag_i $end
    $var wire 32 G pc_i [31:0] $end
    $var wire 32 3 rs1_data_i [31:0] $end
    $var wire 32 7 addr_offset_i [31:0] $end
    $var wire 1 , pc_src_sel_o $end
    $var wire 32 - pc_target_o [31:0] $end
    $var wire 32 B base_addr [31:0] $end
    $var wire 32 - pc_plus_offset [31:0] $end
   $upscope $end
   $scope module dmem $end
    $var wire 32 o AddressWidth [31:0] $end
    $var wire 32 p DataWidth [31:0] $end
    $var wire 1 j clk_i $end
    $var wire 1 + wr_en_i $end
    $var wire 10 C addr_i [9:0] $end
    $var wire 32 4 wr_data_i [31:0] $end
    $var wire 32 6 r_data_o [31:0] $end
   $upscope $end
   $scope module imem $end
    $var wire 32 o AddressWidth [31:0] $end
    $var wire 32 p DataWidth [31:0] $end
    $var wire 1 j clk_i $end
    $var wire 1 l wr_en_i $end
    $var wire 10 : addr_i [9:0] $end
    $var wire 32 n wr_data_i [31:0] $end
    $var wire 32 8 r_data_o [31:0] $end
   $upscope $end
   $scope module imm_extension_unit $end
    $var wire 32 8 instr_i [31:0] $end
    $var wire 32 7 imm_o [31:0] $end
    $var wire 7 ; op_code [6:0] $end
   $upscope $end
   $scope module ld_data_ext $end
    $var wire 3 < funct3_i [2:0] $end
    $var wire 2 D offset_i [1:0] $end
    $var wire 32 6 data_i [31:0] $end
    $var wire 32 9 data_o [31:0] $end
    $var wire 8 E byte_sel [7:0] $end
    $var wire 16 F halfword_sel [15:0] $end
   $upscope $end
   $scope module pc_adder $end
    $var wire 32 p DataWidth [31:0] $end
    $var wire 32 G a_i [31:0] $end
    $var wire 32 r b_i [31:0] $end
    $var wire 32 H y_o [31:0] $end
   $upscope $end
   $scope module pc_mux $end
    $var wire 32 p DataWidth [31:0] $end
    $var wire 1 , sel_i $end
    $var wire 32 H in0_i [31:0] $end
    $var wire 32 - in1_i [31:0] $end
    $var wire 32 . out_o [31:0] $end
   $upscope $end
   $scope module pc_reg $end
    $var wire 32 p DataWidth [31:0] $end
    $var wire 1 k rst_i $end
    $var wire 1 j clk_i $end
    $var wire 32 . d_i [31:0] $end
    $var wire 32 G q_o [31:0] $end
   $upscope $end
   $scope module regf_wr_data_mux $end
    $var wire 32 p DataWidth [31:0] $end
    $var wire 2 $ sel_i [1:0] $end
    $var wire 32 1 in0_i [31:0] $end
    $var wire 32 9 in1_i [31:0] $end
    $var wire 32 H in2_i [31:0] $end
    $var wire 32 5 in3_i [31:0] $end
    $var wire 32 2 out_o [31:0] $end
   $upscope $end
   $scope module regfile $end
    $var wire 32 p NumRegs [31:0] $end
    $var wire 32 p DataWidth [31:0] $end
    $var wire 32 s AddressWidth [31:0] $end
    $var wire 1 j clk_i $end
    $var wire 1 k rst_i $end
    $var wire 1 * wr_en_i $end
    $var wire 5 > rd_addr_i [4:0] $end
    $var wire 5 ? rs1_addr_i [4:0] $end
    $var wire 5 @ rs2_addr_i [4:0] $end
    $var wire 32 2 rd_data_i [31:0] $end
    $var wire 32 3 rs1_data_o [31:0] $end
    $var wire 32 4 rs2_data_o [31:0] $end
    $var wire 32 I i [31:0] $end
    $var wire 32 J register_file[0] [31:0] $end
    $var wire 32 K register_file[1] [31:0] $end
    $var wire 32 L register_file[2] [31:0] $end
    $var wire 32 M register_file[3] [31:0] $end
    $var wire 32 N register_file[4] [31:0] $end
    $var wire 32 O register_file[5] [31:0] $end
    $var wire 32 P register_file[6] [31:0] $end
    $var wire 32 Q register_file[7] [31:0] $end
    $var wire 32 R register_file[8] [31:0] $end
    $var wire 32 S register_file[9] [31:0] $end
    $var wire 32 T register_file[10] [31:0] $end
    $var wire 32 U register_file[11] [31:0] $end
    $var wire 32 V register_file[12] [31:0] $end
    $var wire 32 W register_file[13] [31:0] $end
    $var wire 32 X register_file[14] [31:0] $end
    $var wire 32 Y register_file[15] [31:0] $end
    $var wire 32 Z register_file[16] [31:0] $end
    $var wire 32 [ register_file[17] [31:0] $end
    $var wire 32 \ register_file[18] [31:0] $end
    $var wire 32 ] register_file[19] [31:0] $end
    $var wire 32 ^ register_file[20] [31:0] $end
    $var wire 32 _ register_file[21] [31:0] $end
    $var wire 32 ` register_file[22] [31:0] $end
    $var wire 32 a register_file[23] [31:0] $end
    $var wire 32 b register_file[24] [31:0] $end
    $var wire 32 c register_file[25] [31:0] $end
    $var wire 32 d register_file[26] [31:0] $end
    $var wire 32 e register_file[27] [31:0] $end
    $var wire 32 f register_file[28] [31:0] $end
    $var wire 32 g register_file[29] [31:0] $end
    $var wire 32 h register_file[30] [31:0] $end
    $var wire 32 i register_file[31] [31:0] $end
   $upscope $end
   $scope module utype_rd_data_mux $end
    $var wire 32 p DataWidth [31:0] $end
    $var wire 1 ) sel_i $end
    $var wire 32 7 in0_i [31:0] $end
    $var wire 32 - in1_i [31:0] $end
    $var wire 32 5 out_o [31:0] $end
   $upscope $end
  $upscope $end
 $upscope $end
$enddefinitions $end


#0
b0000 #
b11 $
0%
0&
0'
0(
0)
1*
0+
0,
b10000000000000000000000000000000 -
b00000000000000000000000000000100 .
0/
b00000000000000000000000000000000 0
b00000000000000000000000000000000 1
b10000000000000000000000000000000 2
b00000000000000000000000000000000 3
b00000000000000000000000000000000 4
b10000000000000000000000000000000 5
b00000000000000000000000000000000 6
b10000000000000000000000000000000 7
b10000000000000000000000010110111 8
b00000000000000000000000000000000 9
b0000000000 :
b0110111 ;
b000 <
0=
b00001 >
b00000 ?
b00000 @
0A
b00000000000000000000000000000000 B
b0000000000 C
b00 D
b00000000 E
b0000000000000000 F
b00000000000000000000000000000000 G
b00000000000000000000000000000100 H
b00000000000000000000000000100000 I
b00000000000000000000000000000000 J
b00000000000000000000000000000000 K
b00000000000000000000000000000000 L
b00000000000000000000000000000000 M
b00000000000000000000000000000000 N
b00000000000000000000000000000000 O
b00000000000000000000000000000000 P
b00000000000000000000000000000000 Q
b00000000000000000000000000000000 R
b00000000000000000000000000000000 S
b00000000000000000000000000000000 T
b00000000000000000000000000000000 U
b00000000000000000000000000000000 V
b00000000000000000000000000000000 W
b00000000000000000000000000000000 X
b00000000000000000000000000000000 Y
b00000000000000000000000000000000 Z
b00000000000000000000000000000000 [
b00000000000000000000000000000000 \
b00000000000000000000000000000000 ]
b00000000000000000000000000000000 ^
b00000000000000000000000000000000 _
b00000000000000000000000000000000 `
b00000000000000000000000000000000 a
b00000000000000000000000000000000 b
b00000000000000000000000000000000 c
b00000000000000000000000000000000 d
b00000000000000000000000000000000 e
b00000000000000000000000000000000 f
b00000000000000000000000000000000 g
b00000000000000000000000000000000 h
b00000000000000000000000000000000 i
0j
0k
0l
b0010110111 m
b00000000000000000000000001110011 n
b00000000000000000000000000001010 o
b00000000000000000000000000100000 p
0q
b00000000000000000000000000000100 r
b00000000000000000000000000000101 s
b0010011 t
b0000011 u
b0100011 v
b1100011 w
b1101111 x
b1100111 y
b0010111 z
#1
b00 $
1%
b00000000000000000000000000000100 -
b00000000000000000000000000001000 .
b10000000000000000000000000000000 1
b10000000000000000000000000000000 3
b00000000000000000000000000000000 5
b00000000000000000000000000000000 7
b00000000000000001000000010010011 8
b0000000001 :
b0010011 ;
b00001 ?
b00000000000000000000000000000100 B
b00000000000000000000000000000100 G
b00000000000000000000000000001000 H
b10000000000000000000000000000000 K
1j
#2
0j
#3
b00000000000000000000000000001000 -
b00000000000000000000000000001100 .
b00000000000000000000000000000000 1
b00000000000000000000000000000000 2
b00000000000000000000000000000000 3
b00000000000000000000000100010011 8
b0000000010 :
b00010 >
b00000 ?
b00000000000000000000000000001000 B
b00000000000000000000000000001000 G
b00000000000000000000000000001100 H
1j
#4
0j
#5
b0111 #
0%
b00000000000000000000000000001100 -
b00000000000000000000000000010000 .
b10000000000000000000000000000000 1
b10000000000000000000000000000000 2
b10000000000000000000000000000000 3
b01000000001000001101111100110011 8
b0000000011 :
b0110011 ;
b101 <
1=
b11110 >
b00001 ?
b00010 @
1A
b00000000000000000000000000001100 B
b00000000000000000000000000001100 G
b00000000000000000000000000010000 H
1j
#6
0j
#7
b0000 #
b11 $
b10000000000000000000000000010000 -
b00000000000000000000000000010100 .
b00000000000000000000000000000000 1
b00000000000000000000000000000000 3
b10000000000000000000000000000000 5
b10000000000000000000000000000000 7
b10000000000000000000111010110111 8
b0000000100 :
b0110111 ;
b000 <
0=
b11101 >
b00000 ?
b00000 @
0A
b00000000000000000000000000010000 B
b00000000000000000000000000010000 G
b00000000000000000000000000010100 H
b10000000000000000000000000000000 h
1j
#8
0j
#9
b00 $
1%
b00000000000000000000000000010100 -
b00000000000000000000000000011000 .
b10000000000000000000000000000000 1
b10000000000000000000000000000000 3
b00000000000000000000000000000000 5
b00000000000000000000000000000000 7
b00000000000011101000111010010011 8
b0000000101 :
b0010011 ;
b11101 ?
b00000000000000000000000000010100 B
b00000000000000000000000000010100 G
b00000000000000000000000000011000 H
b10000000000000000000000000000000 g
1j
#10
0j
#11
b00000000000000000000000000011010 -
b00000000000000000000000000011100 .
b00000000000000000000000000000010 0
b00000000000000000000000000000010 1
b00000000000000000000000000000010 2
b00000000000000000000000000000000 3
b00000000000000000000000000000010 5
b00000000000000000000000000000010 7
b00000000001000000000000110010011 8
b0000000110 :
b00011 >
b00000 ?
b00010 @
b00000000000000000000000000011000 B
b10 D
b00000000000000000000000000011000 G
b00000000000000000000000000011100 H
1j
#12
0j
#13
b1011 #
0%
1(
0*
b00000000000000000000001011001000 -
b00000000000000000000000000100000 .
b10000000000000000000000000000000 0
b00000000000000000000000000000000 1
b00000000000000000000000000000000 2
b10000000000000000000000000000000 3
b10000000000000000000000000000000 4
b00000000000000000000001010101100 5
b00000000000000000000001010101100 7
b00101011110111110001011001100011 8
b0000000111 :
b1100011 ;
b001 <
b01100 >
b11110 ?
b11101 @
b00000000000000000000000000011100 B
b00 D
b00000000000000000000000000011100 G
b00000000000000000000000000100000 H
b00000000000000000000000000000010 M
1j
#14
0j
#15
b0000 #
b11 $
0(
1*
b10000000000000000000000000100000 -
b00000000000000000000000000100100 .
b00000000000000000000000000000000 0
b10000000000000000000000000000000 2
b00000000000000000000000000000000 3
b00000000000000000000000000000000 4
b10000000000000000000000000000000 5
b10000000000000000000000000000000 7
b10000000000000000000000010110111 8
b0000001000 :
b0110111 ;
b000 <
b00001 >
b00000 ?
b00000 @
b00000000000000000000000000100000 B
b00000000000000000000000000100000 G
b00000000000000000000000000100100 H
1j
#16
0j
#17
b00 $
1%
b00000000000000000000000000100100 -
b00000000000000000000000000101000 .
b10000000000000000000000000000000 1
b10000000000000000000000000000000 3
b00000000000000000000000000000000 5
b00000000000000000000000000000000 7
b00000000000000001000000010010011 8
b0000001001 :
b0010011 ;
b00001 ?
b00000000000000000000000000100100 B
b00000000000000000000000000100100 G
b00000000000000000000000000101000 H
1j
#18
0j
#19
b00000000000000000000000000101001 -
b00000000000000000000000000101100 .
1/
b00000000000000000000000000000001 0
b00000000000000000000000000000001 1
b00000000000000000000000000000001 2
b00000000000000000000000000000000 3
b10000000000000000000000000000000 4
b00000000000000000000000000000001 5
b00000000000000000000000000000001 7
b00000000000100000000000100010011 8
b0000001010 :
b00010 >
b00000 ?
b00001 @
b00000000000000000000000000101000 B
b01 D
b00000000000000000000000000101000 G
b00000000000000000000000000101100 H
1j
#20
0j
#21
b0111 #
0%
b00000000000000000000000000101100 -
b00000000000000000000000000110000 .
0/
b11000000000000000000000000000000 1
b11000000000000000000000000000000 2
b10000000000000000000000000000000 3
b00000000000000000000000000000001 4
b00000000000000000000000000000000 5
b00000000000000000000000000000000 7
b01000000001000001101111100110011 8
b0000001011 :
b0110011 ;
b101 <
1=
b11110 >
b00001 ?
b00010 @
1A
b00000000000000000000000000101100 B
b00 D
b00000000000000000000000000101100 G
b00000000000000000000000000110000 H
b00000000000000000000000000000001 L
1j
#22
0j
#23
b0000 #
b11 $
b11000000000000000000000000110000 -
b00000000000000000000000000110100 .
b00000000000000000000000000000000 0
b00000000000000000000000000000000 1
b00000000000000000000000000000000 3
b00000000000000000000000000000000 4
b11000000000000000000000000000000 5
b11000000000000000000000000000000 7
b11000000000000000000111010110111 8
b0000001100 :
b0110111 ;
b000 <
b11101 >
b00000 ?
b00000 @
b00000000000000000000000000110000 B
b00000000000000000000000000110000 G
b00000000000000000000000000110100 H
b11000000000000000000000000000000 h
1j
#24
0j
#25
b00 $
1%
b00000000000000000000000000110100 -
b00000000000000000000000000111000 .
b11000000000000000000000000000000 1
b11000000000000000000000000000000 3
b00000000000000000000000000000000 5
b00000000000000000000000000000000 7
b00000000000011101000111010010011 8
b0000001101 :
b0010011 ;
0=
b11101 ?
0A
b00000000000000000000000000110100 B
b00000000000000000000000000110100 G
b00000000000000000000000000111000 H
b11000000000000000000000000000000 g
1j
#26
0j
#27
b00000000000000000000000000111011 -
b00000000000000000000000000111100 .
1/
b00000000000000000000000000000011 0
b00000000000000000000000000000011 1
b00000000000000000000000000000011 2
b00000000000000000000000000000000 3
b00000000000000000000000000000010 4
b00000000000000000000000000000011 5
b00000000000000000000000000000011 7
b00000000001100000000000110010011 8
b0000001110 :
b00011 >
b00000 ?
b00011 @
b00000000000000000000000000111000 B
b11 D
b00000000000000000000000000111000 G
b00000000000000000000000000111100 H
1j
#28
0j
#29
b1011 #
0%
1(
0*
b00000000000000000000001011001000 -
b00000000000000000000000001000000 .
0/
b11000000000000000000000000000000 0
b00000000000000000000000000000000 1
b00000000000000000000000000000000 2
b11000000000000000000000000000000 3
b11000000000000000000000000000000 4
b00000000000000000000001010001100 5
b00000000000000000000001010001100 7
b00101001110111110001011001100011 8
b0000001111 :
b1100011 ;
b001 <
b01100 >
b11110 ?
b11101 @
b00000000000000000000000000111100 B
b00 D
b00000000000000000000000000111100 G
b00000000000000000000000001000000 H
b00000000000000000000000000000011 M
1j
#30
0j
#31
b0000 #
b11 $
0(
1*
b10000000000000000000000001000000 -
b00000000000000000000000001000100 .
b00000000000000000000000000000000 0
b10000000000000000000000000000000 2
b00000000000000000000000000000000 3
b00000000000000000000000000000000 4
b10000000000000000000000000000000 5
b10000000000000000000000000000000 7
b10000000000000000000000010110111 8
b0000010000 :
b0110111 ;
b000 <
b00001 >
b00000 ?
b00000 @
b00000000000000000000000001000000 B
b00000000000000000000000001000000 G
b00000000000000000000000001000100 H
1j
#32
0j
#33
b00 $
1%
b00000000000000000000000001000100 -
b00000000000000000000000001001000 .
b10000000000000000000000000000000 1
b10000000000000000000000000000000 3
b00000000000000000000000000000000 5
b00000000000000000000000000000000 7
b00000000000000001000000010010011 8
b0000010001 :
b0010011 ;
b00001 ?
b00000000000000000000000001000100 B
b00000000000000000000000001000100 G
b00000000000000000000000001001000 H
1j
#34
0j
#35
b00000000000000000000000001001111 -
b00000000000000000000000001001100 .
1/
b00000000000000000000000000000111 0
b00000000000000000000000000000111 1
b00000000000000000000000000000111 2
b00000000000000000000000000000000 3
b00000000000000000000000000000111 5
b00000000000000000000000000000111 7
b00000000011100000000000100010011 8
b0000010010 :
b00010 >
b00000 ?
b00111 @
b00000000000000000000000001001000 B
b0000000001 C
b11 D
b00000000000000000000000001001000 G
b00000000000000000000000001001100 H
1j
#36
0j
#37
b0111 #
0%
b00000000000000000000000001001100 -
b00000000000000000000000001010000 .
0/
b11111111000000000000000000000000 1
b11111111000000000000000000000000 2
b10000000000000000000000000000000 3
b00000000000000000000000000000111 4
b00000000000000000000000000000000 5
b00000000000000000000000000000000 7
b01000000001000001101111100110011 8
b0000010011 :
b0110011 ;
b101 <
1=
b11110 >
b00001 ?
b00010 @
1A
b00000000000000000000000001001100 B
b0000000000 C
b00 D
b00000000000000000000000001001100 G
b00000000000000000000000001010000 H
b00000000000000000000000000000111 L
1j
#38
0j
#39
b0000 #
b11 $
b11111111000000000000000001010000 -
b00000000000000000000000001010100 .
b00000000000000000000000000000000 0
b00000000000000000000000000000000 1
b00000000000000000000000000000000 3
b00000000000000000000000000000000 4
b11111111000000000000000000000000 5
b11111111000000000000000000000000 7
b11111111000000000000111010110111 8
b0000010100 :
b0110111 ;
b000 <
b11101 >
b00000 ?
b10000 @
b00000000000000000000000001010000 B
b00000000000000000000000001010000 G
b00000000000000000000000001010100 H
b11111111000000000000000000000000 h
1j
#40
0j
#41
b00 $
1%
b00000000000000000000000001010100 -
b00000000000000000000000001011000 .
b11111111000000000000000000000000 1
b11111111000000000000000000000000 3
b00000000000000000000000000000000 5
b00000000000000000000000000000000 7
b00000000000011101000111010010011 8
b0000010101 :
b0010011 ;
0=
b11101 ?
b00000 @
0A
b00000000000000000000000001010100 B
b00000000000000000000000001010100 G
b00000000000000000000000001011000 H
b11111111000000000000000000000000 g
1j
#42
0j
#43
b00000000000000000000000001011100 -
b00000000000000000000000001011100 .
b00000000000000000000000000000100 0
b00000000000000000000000000000100 1
b00000000000000000000000000000100 2
b00000000000000000000000000000000 3
b00000000000000000000000000000100 5
b00000000000000000000000000000100 7
b00000000010000000000000110010011 8
b0000010110 :
b00011 >
b00000 ?
b00100 @
b00000000000000000000000001011000 B
b0000000001 C
b00000000000000000000000001011000 G
b00000000000000000000000001011100 H
1j
#44
0j
#45
b1011 #
0%
1(
0*
b00000000000000000000001011001000 -
b00000000000000000000000001100000 .
b11111111000000000000000000000000 0
b00000000000000000000000000000000 1
b00000000000000000000000000000000 2
b11111111000000000000000000000000 3
b11111111000000000000000000000000 4
b00000000000000000000001001101100 5
b00000000000000000000001001101100 7
b00100111110111110001011001100011 8
b0000010111 :
b1100011 ;
b001 <
b01100 >
b11110 ?
b11101 @
b00000000000000000000000001011100 B
b0000000000 C
b00000000000000000000000001011100 G
b00000000000000000000000001100000 H
b00000000000000000000000000000100 M
1j
#46
0j
#47
b0000 #
b11 $
0(
1*
b10000000000000000000000001100000 -
b00000000000000000000000001100100 .
b00000000000000000000000000000000 0
b10000000000000000000000000000000 2
b00000000000000000000000000000000 3
b00000000000000000000000000000000 4
b10000000000000000000000000000000 5
b10000000000000000000000000000000 7
b10000000000000000000000010110111 8
b0000011000 :
b0110111 ;
b000 <
b00001 >
b00000 ?
b00000 @
b00000000000000000000000001100000 B
b00000000000000000000000001100000 G
b00000000000000000000000001100100 H
1j
#48
0j
#49
b00 $
1%
b00000000000000000000000001100100 -
b00000000000000000000000001101000 .
b10000000000000000000000000000000 1
b10000000000000000000000000000000 3
b00000000000000000000000000000000 5
b00000000000000000000000000000000 7
b00000000000000001000000010010011 8
b0000011001 :
b0010011 ;
b00001 ?
b00000000000000000000000001100100 B
b00000000000000000000000001100100 G
b00000000000000000000000001101000 H
1j
#50
0j
#51
b00000000000000000000000001110110 -
b00000000000000000000000001101100 .
b00000000000000000000000000001110 0
b00000000000000000000000000001110 1
b00000000000000000000000000001110 2
b00000000000000000000000000000000 3
b00000000000000000000000000001110 5
b00000000000000000000000000001110 7
b00000000111000000000000100010011 8
b0000011010 :
b00010 >
b00000 ?
b01110 @
b00000000000000000000000001101000 B
b0000000011 C
b10 D
b00000000000000000000000001101000 G
b00000000000000000000000001101100 H
1j
#52
0j
#53
b0111 #
0%
b00000000000000000000000001101100 -
b00000000000000000000000001110000 .
b11111111111111100000000000000000 1
b11111111111111100000000000000000 2
b10000000000000000000000000000000 3
b00000000000000000000000000001110 4
b00000000000000000000000000000000 5
b00000000000000000000000000000000 7
b01000000001000001101111100110011 8
b0000011011 :
b0110011 ;
b101 <
1=
b11110 >
b00001 ?
b00010 @
1A
b00000000000000000000000001101100 B
b0000000000 C
b00 D
b00000000000000000000000001101100 G
b00000000000000000000000001110000 H
b00000000000000000000000000001110 L
1j
#54
0j
#55
b0000 #
b11 $
b11111111111111100000000001110000 -
b00000000000000000000000001110100 .
b00000000000000000000000000000000 0
b00000000000000000000000000000000 1
b00000000000000000000000000000000 3
b00000000000000000000000000000000 4
b11111111111111100000000000000000 5
b11111111111111100000000000000000 7
b11111111111111100000111010110111 8
b0000011100 :
b0110111 ;
b000 <
b11101 >
b11100 ?
b11111 @
b00000000000000000000000001110000 B
b00000000000000000000000001110000 G
b00000000000000000000000001110100 H
b11111111111111100000000000000000 h
1j
#56
0j
#57
b00 $
1%
b00000000000000000000000001110100 -
b00000000000000000000000001111000 .
b11111111111111100000000000000000 1
b11111111111111100000000000000000 3
b00000000000000000000000000000000 5
b00000000000000000000000000000000 7
b00000000000011101000111010010011 8
b0000011101 :
b0010011 ;
0=
b11101 ?
b00000 @
0A
b00000000000000000000000001110100 B
b00000000000000000000000001110100 G
b00000000000000000000000001111000 H
b11111111111111100000000000000000 g
1j
#58
0j
#59
b00000000000000000000000001111101 -
b00000000000000000000000001111100 .
1/
b00000000000000000000000000000101 0
b00000000000000000000000000000101 1
b00000000000000000000000000000101 2
b00000000000000000000000000000000 3
b00000000000000000000000000000101 5
b00000000000000000000000000000101 7
b00000000010100000000000110010011 8
b0000011110 :
b00011 >
b00000 ?
b00101 @
b00000000000000000000000001111000 B
b0000000001 C
b01 D
b00000000000000000000000001111000 G
b00000000000000000000000001111100 H
1j
#60
0j
#61
b1011 #
0%
1(
0*
b00000000000000000000001011001000 -
b00000000000000000000000010000000 .
0/
b11111111111111100000000000000000 0
b00000000000000000000000000000000 1
b00000000000000000000000000000000 2
b11111111111111100000000000000000 3
b11111111111111100000000000000000 4
b00000000000000000000001001001100 5
b00000000000000000000001001001100 7
b00100101110111110001011001100011 8
b0000011111 :
b1100011 ;
b001 <
b01100 >
b11110 ?
b11101 @
b00000000000000000000000001111100 B
b0000000000 C
b00 D
b00000000000000000000000001111100 G
b00000000000000000000000010000000 H
b00000000000000000000000000000101 M
1j
#62
0j
#63
b0000 #
b11 $
0(
1*
b10000000000000000000000010000000 -
b00000000000000000000000010000100 .
b00000000000000000000000000000000 0
b10000000000000000000000000000000 2
b00000000000000000000000000000000 3
b00000000000000000000000000000000 4
b10000000000000000000000000000000 5
b10000000000000000000000000000000 7
b10000000000000000000000010110111 8
b0000100000 :
b0110111 ;
b000 <
b00001 >
b00000 ?
b00000 @
b00000000000000000000000010000000 B
b00000000000000000000000010000000 G
b00000000000000000000000010000100 H
1j
#64
0j
#65
b00 $
1%
b00000000000000000000000010000101 -
b00000000000000000000000010001000 .
1/
b00000000000000000000000000000001 0
b10000000000000000000000000000001 1
b10000000000000000000000000000001 2
b10000000000000000000000000000000 3
b10000000000000000000000000000000 4
b00000000000000000000000000000001 5
b00000000000000000000000000000001 7
b00000000000100001000000010010011 8
b0000100001 :
b0010011 ;
b00001 ?
b00001 @
b00000000000000000000000010000100 B
b01 D
b00000000000000000000000010000100 G
b00000000000000000000000010001000 H
1j
#66
0j
#67
b00000000000000000000000010100111 -
b00000000000000000000000010001100 .
b00000000000000000000000000011111 0
b00000000000000000000000000011111 1
b00000000000000000000000000011111 2
b00000000000000000000000000000000 3
b00000000000000000000000000000000 4
b00000000000000000000000000011111 5
b00000000000000000000000000011111 7
b00000001111100000000000100010011 8
b0000100010 :
b00010 >
b00000 ?
b11111 @
b00000000000000000000000010001000 B
b0000000111 C
b11 D
b00000000000000000000000010001000 G
b00000000000000000000000010001100 H
b10000000000000000000000000000001 K
1j
#68
0j
#69
b0111 #
0%
b00000000000000000000000010001100 -
b00000000000000000000000010010000 .
b11111111111111111111111111111111 1
b11111111111111111111111111111111 2
b10000000000000000000000000000001 3
b00000000000000000000000000011111 4
b00000000000000000000000000000000 5
b00000000000000000000000000000000 7
b01000000001000001101111100110011 8
b0000100011 :
b0110011 ;
b101 <
1=
b11110 >
b00001 ?
b00010 @
1A
b00000000000000000000000010001100 B
b1111111111 C
b00000000000000000000000010001100 G
b00000000000000000000000010010000 H
b00000000000000000000000000011111 L
1j
#70
0j
#71
b0001 #
1%
b00000000000000000000000010001111 -
b00000000000000000000000010010100 .
b11111111111111111111111111111111 0
b00000000000000000000000000000001 1
b00000000000000000000000000000001 2
b00000000000000000000000000000000 3
b00000000000000000000000000000000 4
b11111111111111111111111111111111 5
b11111111111111111111111111111111 7
b11111111111100000000111010010011 8
b0000100100 :
b0010011 ;
b000 <
b11101 >
b00000 ?
b11111 @
b00000000000000000000000010010000 B
b0000000000 C
b01 D
b00000000000000000000000010010000 G
b00000000000000000000000010010100 H
b11111111111111111111111111111111 h
1j
#72
0j
#73
b0000 #
b00000000000000000000000010011010 -
b00000000000000000000000010011000 .
0/
b00000000000000000000000000000110 0
b00000000000000000000000000000110 1
b00000000000000000000000000000110 2
b00000000000000000000000000000110 5
b00000000000000000000000000000110 7
b00000000011000000000000110010011 8
b0000100101 :
0=
b00011 >
b00110 @
0A
b00000000000000000000000010010100 B
b0000000001 C
b10 D
b00000000000000000000000010010100 G
b00000000000000000000000010011000 H
b00000000000000000000000000000001 g
1j
#74
0j
#75
b1011 #
0%
1(
0*
1,
b00000000000000000000001011001000 -
b00000000000000000000001011001000 .
1/
b00000000000000000000000000000001 0
b00000000000000000000000000000001 1
b00000000000000000000000000000001 2
b11111111111111111111111111111111 3
b00000000000000000000000000000001 4
b00000000000000000000001000110000 5
b00000000000000000000001000110000 7
b00100011110111110001100001100011 8
b0000100110 :
b1100011 ;
b001 <
b10000 >
b11110 ?
b11101 @
b00000000000000000000000010011000 B
b0000000000 C
b01 D
b00000000000000000000000010011000 G
b00000000000000000000000010011100 H
b00000000000000000000000000000110 M
1j
#76
0j
#77
b0000 #
1%
0(
1*
0,
b00000000000000000000001011001100 .
0/
b00000000000000000000000000000000 0
b00000000000000000000000000000000 1
b00000000000000000000000000000000 2
b00000000000000000000000000000000 3
b00000000000000000000000000000000 4
b00000000000000000000000000000000 5
b00000000000000000000000000000000 7
b00000000000000000000010100010011 8
b0010110010 :
b0010011 ;
b000 <
b01010 >
b00000 ?
b00000 @
b00000000000000000000001011001000 B
b00 D
b00000000000000000000001011001000 G
b00000000000000000000001011001100 H
1j
#78
0j
#79
b00000000000000000000001100101001 -
b00000000000000000000001011010000 .
1/
b00000000000000000000000001011101 0
b00000000000000000000000001011101 1
b00000000000000000000000001011101 2
b00000000000000000000000000000001 4
b00000000000000000000000001011101 5
b00000000000000000000000001011101 7
b00000101110100000000100010010011 8
b0010110011 :
b10001 >
b11101 @
b00000000000000000000001011001100 B
b0000010111 C
b01 D
b00000000000000000000001011001100 G
b00000000000000000000001011010000 H
1j
#80
0j
#81
0%
b00000000000000000000001011010000 -
b00000000000000000000001011010100 .
0/
b00000000000000000000000000000000 0
b00000000000000000000000000000000 1
b00000000000000000000000000000000 2
b00000000000000000000000000000000 4
b00000000000000000000000000000000 5
b00000000000000000000000000000000 7
b00000000000000000000000001110011 8
b0010110100 :
b1110011 ;
b00000 >
b00000 @
b00000000000000000000001011010000 B
b0000000000 C
b00 D
b00000000000000000000001011010000 G
b00000000000000000000001011010100 H
b00000000000000000000000001011101 [
1j
#82
0j
#83
1%
b00000000000000000000001011111110 -
b00000000000000000000001011011000 .
b00000000000000000000000000101010 0
b00000000000000000000000000101010 1
b00000000000000000000000000101010 2
b00000000000000000000000000101010 5
b00000000000000000000000000101010 7
b00000010101000000000010100010011 8
b0010110101 :
b0010011 ;
b01010 >
b01010 @
b00000000000000000000001011010100 B
b0000001010 C
b10 D
b00000000000000000000001011010100 G
b00000000000000000000001011011000 H
1j
#84
0j
#85
b00000000000000000000001100110101 -
b00000000000000000000001011011100 .
1/
b00000000000000000000000001011101 0
b00000000000000000000000001011101 1
b00000000000000000000000001011101 2
b00000000000000000000000000000001 4
b00000000000000000000000001011101 5
b00000000000000000000000001011101 7
b00000101110100000000100010010011 8
b0010110110 :
b10001 >
b11101 @
b00000000000000000000001011011000 B
b0000010111 C
b01 D
b00000000000000000000001011011000 G
b00000000000000000000001011011100 H
b00000000000000000000000000101010 T
1j
#86
0j
#87
0%
b00000000000000000000001011011100 -
b00000000000000000000001011100000 .
0/
b00000000000000000000000000000000 0
b00000000000000000000000000000000 1
b00000000000000000000000000000000 2
b00000000000000000000000000000000 4
b00000000000000000000000000000000 5
b00000000000000000000000000000000 7
b00000000000000000000000001110011 8
b0010110111 :
b1110011 ;
b00000 >
b00000 @
b00000000000000000000001011011100 B
b0000000000 C
b00 D
b00000000000000000000001011011100 G
b00000000000000000000001011100000 H
1j
#88
0j
#89
b00000000000000000000001011100000 -
b00000000000000000000001011100100 .
b00000000000000000000000000000000 8
b0010111000 :
b0000000 ;
b00000000000000000000001011100000 B
b00000000000000000000001011100000 G
b00000000000000000000001011100100 H
1j
#90
0j
#91
b00000000000000000000001011100100 -
b00000000000000000000001011101000 .
b0010111001 :
b00000000000000000000001011100100 B
b00000000000000000000001011100100 G
b00000000000000000000001011101000 H
1j
#92
0j
#93
b00000000000000000000001011101000 -
b00000000000000000000001011101100 .
b0010111010 :
b00000000000000000000001011101000 B
b00000000000000000000001011101000 G
b00000000000000000000001011101100 H
1j
#94
0j
#95
b00000000000000000000001011101100 -
b00000000000000000000001011110000 .
b0010111011 :
b00000000000000000000001011101100 B
b00000000000000000000001011101100 G
b00000000000000000000001011110000 H
1j
#96
0j
#97
b00000000000000000000001011110000 -
b00000000000000000000001011110100 .
b0010111100 :
b00000000000000000000001011110000 B
b00000000000000000000001011110000 G
b00000000000000000000001011110100 H
1j
#98
0j
#99
b00000000000000000000001011110100 -
b00000000000000000000001011111000 .
b0010111101 :
b00000000000000000000001011110100 B
b00000000000000000000001011110100 G
b00000000000000000000001011111000 H
1j
#100
0j
#101
b00000000000000000000001011111000 -
b00000000000000000000001011111100 .
b0010111110 :
b00000000000000000000001011111000 B
b00000000000000000000001011111000 G
b00000000000000000000001011111100 H
1j
#102
0j
#103
b00000000000000000000001011111100 -
b00000000000000000000001100000000 .
b0010111111 :
b00000000000000000000001011111100 B
b00000000000000000000001011111100 G
b00000000000000000000001100000000 H
1j
#104
0j
#105
b00000000000000000000001100000000 -
b00000000000000000000001100000100 .
b0011000000 :
b00000000000000000000001100000000 B
b00000000000000000000001100000000 G
b00000000000000000000001100000100 H
1j
#106
0j
#107
b00000000000000000000001100000100 -
b00000000000000000000001100001000 .
b0011000001 :
b00000000000000000000001100000100 B
b00000000000000000000001100000100 G
b00000000000000000000001100001000 H
1j
#108
0j
#109
b00000000000000000000001100001000 -
b00000000000000000000001100001100 .
b0011000010 :
b00000000000000000000001100001000 B
b00000000000000000000001100001000 G
b00000000000000000000001100001100 H
1j
#110
0j
#111
b00000000000000000000001100001100 -
b00000000000000000000001100010000 .
b0011000011 :
b00000000000000000000001100001100 B
b00000000000000000000001100001100 G
b00000000000000000000001100010000 H
1j
#112
0j
#113
b00000000000000000000001100010000 -
b00000000000000000000001100010100 .
b0011000100 :
b00000000000000000000001100010000 B
b00000000000000000000001100010000 G
b00000000000000000000001100010100 H
1j
#114
0j
#115
b00000000000000000000001100010100 -
b00000000000000000000001100011000 .
b0011000101 :
b00000000000000000000001100010100 B
b00000000000000000000001100010100 G
b00000000000000000000001100011000 H
1j
#116
0j
#117
b00000000000000000000001100011000 -
b00000000000000000000001100011100 .
b0011000110 :
b00000000000000000000001100011000 B
b00000000000000000000001100011000 G
b00000000000000000000001100011100 H
1j
#118
0j
#119
b00000000000000000000001100011100 -
b00000000000000000000001100100000 .
b0011000111 :
b00000000000000000000001100011100 B
b00000000000000000000001100011100 G
b00000000000000000000001100100000 H
1j
#120
0j
#121
b00000000000000000000001100100000 -
b00000000000000000000001100100100 .
b0011001000 :
b00000000000000000000001100100000 B
b00000000000000000000001100100000 G
b00000000000000000000001100100100 H
1j
#122
0j
#123
b00000000000000000000001100100100 -
b00000000000000000000001100101000 .
b0011001001 :
b00000000000000000000001100100100 B
b00000000000000000000001100100100 G
b00000000000000000000001100101000 H
1j
#124
0j
#125
b00000000000000000000001100101000 -
b00000000000000000000001100101100 .
b0011001010 :
b00000000000000000000001100101000 B
b00000000000000000000001100101000 G
b00000000000000000000001100101100 H
1j
#126
0j
#127
b00000000000000000000001100101100 -
b00000000000000000000001100110000 .
b0011001011 :
b00000000000000000000001100101100 B
b00000000000000000000001100101100 G
b00000000000000000000001100110000 H
1j
#128
0j
#129
b00000000000000000000001100110000 -
b00000000000000000000001100110100 .
b0011001100 :
b00000000000000000000001100110000 B
b00000000000000000000001100110000 G
b00000000000000000000001100110100 H
1j
#130
0j
#131
b00000000000000000000001100110100 -
b00000000000000000000001100111000 .
b0011001101 :
b00000000000000000000001100110100 B
b00000000000000000000001100110100 G
b00000000000000000000001100111000 H
1j
#132
0j
#133
b00000000000000000000001100111000 -
b00000000000000000000001100111100 .
b0011001110 :
b00000000000000000000001100111000 B
b00000000000000000000001100111000 G
b00000000000000000000001100111100 H
1j
#134
0j
#135
b00000000000000000000001100111100 -
b00000000000000000000001101000000 .
b0011001111 :
b00000000000000000000001100111100 B
b00000000000000000000001100111100 G
b00000000000000000000001101000000 H
1j
#136
0j
#137
b00000000000000000000001101000000 -
b00000000000000000000001101000100 .
b0011010000 :
b00000000000000000000001101000000 B
b00000000000000000000001101000000 G
b00000000000000000000001101000100 H
1j
#138
0j
#139
b00000000000000000000001101000100 -
b00000000000000000000001101001000 .
b0011010001 :
b00000000000000000000001101000100 B
b00000000000000000000001101000100 G
b00000000000000000000001101001000 H
1j
#140
0j
#141
b00000000000000000000001101001000 -
b00000000000000000000001101001100 .
b0011010010 :
b00000000000000000000001101001000 B
b00000000000000000000001101001000 G
b00000000000000000000001101001100 H
1j
#142
0j
#143
b00000000000000000000001101001100 -
b00000000000000000000001101010000 .
b0011010011 :
b00000000000000000000001101001100 B
b00000000000000000000001101001100 G
b00000000000000000000001101010000 H
1j
#144
0j
#145
b00000000000000000000001101010000 -
b00000000000000000000001101010100 .
b0011010100 :
b00000000000000000000001101010000 B
b00000000000000000000001101010000 G
b00000000000000000000001101010100 H
1j
#146
0j
#147
b00000000000000000000001101010100 -
b00000000000000000000001101011000 .
b0011010101 :
b00000000000000000000001101010100 B
b00000000000000000000001101010100 G
b00000000000000000000001101011000 H
1j
#148
0j
#149
b00000000000000000000001101011000 -
b00000000000000000000001101011100 .
b0011010110 :
b00000000000000000000001101011000 B
b00000000000000000000001101011000 G
b00000000000000000000001101011100 H
1j
#150
0j
#151
b00000000000000000000001101011100 -
b00000000000000000000001101100000 .
b0011010111 :
b00000000000000000000001101011100 B
b00000000000000000000001101011100 G
b00000000000000000000001101100000 H
1j
#152
0j
#153
b00000000000000000000001101100000 -
b00000000000000000000001101100100 .
b0011011000 :
b00000000000000000000001101100000 B
b00000000000000000000001101100000 G
b00000000000000000000001101100100 H
1j
#154
0j
#155
b00000000000000000000001101100100 -
b00000000000000000000001101101000 .
b0011011001 :
b00000000000000000000001101100100 B
b00000000000000000000001101100100 G
b00000000000000000000001101101000 H
1j
#156
0j
#157
b00000000000000000000001101101000 -
b00000000000000000000001101101100 .
b0011011010 :
b00000000000000000000001101101000 B
b00000000000000000000001101101000 G
b00000000000000000000001101101100 H
1j
#158
0j
#159
b00000000000000000000001101101100 -
b00000000000000000000001101110000 .
b0011011011 :
b00000000000000000000001101101100 B
b00000000000000000000001101101100 G
b00000000000000000000001101110000 H
1j
#160
0j
#161
b00000000000000000000001101110000 -
b00000000000000000000001101110100 .
b0011011100 :
b00000000000000000000001101110000 B
b00000000000000000000001101110000 G
b00000000000000000000001101110100 H
1j
#162
0j
#163
b00000000000000000000001101110100 -
b00000000000000000000001101111000 .
b0011011101 :
b00000000000000000000001101110100 B
b00000000000000000000001101110100 G
b00000000000000000000001101111000 H
1j
#164
0j
#165
b00000000000000000000001101111000 -
b00000000000000000000001101111100 .
b0011011110 :
b00000000000000000000001101111000 B
b00000000000000000000001101111000 G
b00000000000000000000001101111100 H
1j
#166
0j
#167
b00000000000000000000001101111100 -
b00000000000000000000001110000000 .
b0011011111 :
b00000000000000000000001101111100 B
b00000000000000000000001101111100 G
b00000000000000000000001110000000 H
1j
#168
0j
#169
b00000000000000000000001110000000 -
b00000000000000000000001110000100 .
b0011100000 :
b00000000000000000000001110000000 B
b00000000000000000000001110000000 G
b00000000000000000000001110000100 H
1j
#170
0j
#171
b00000000000000000000001110000100 -
b00000000000000000000001110001000 .
b0011100001 :
b00000000000000000000001110000100 B
b00000000000000000000001110000100 G
b00000000000000000000001110001000 H
1j
#172
0j
#173
b00000000000000000000001110001000 -
b00000000000000000000001110001100 .
b0011100010 :
b00000000000000000000001110001000 B
b00000000000000000000001110001000 G
b00000000000000000000001110001100 H
1j
#174
0j
#175
b00000000000000000000001110001100 -
b00000000000000000000001110010000 .
b0011100011 :
b00000000000000000000001110001100 B
b00000000000000000000001110001100 G
b00000000000000000000001110010000 H
1j
#176
0j
#177
b00000000000000000000001110010000 -
b00000000000000000000001110010100 .
b0011100100 :
b00000000000000000000001110010000 B
b00000000000000000000001110010000 G
b00000000000000000000001110010100 H
1j
#178
0j
#179
b00000000000000000000001110010100 -
b00000000000000000000001110011000 .
b0011100101 :
b00000000000000000000001110010100 B
b00000000000000000000001110010100 G
b00000000000000000000001110011000 H
1j
#180
0j
#181
b00000000000000000000001110011000 -
b00000000000000000000001110011100 .
b0011100110 :
b00000000000000000000001110011000 B
b00000000000000000000001110011000 G
b00000000000000000000001110011100 H
1j
#182
0j
#183
b00000000000000000000001110011100 -
b00000000000000000000001110100000 .
b0011100111 :
b00000000000000000000001110011100 B
b00000000000000000000001110011100 G
b00000000000000000000001110100000 H
1j
#184
0j
#185
b00000000000000000000001110100000 -
b00000000000000000000001110100100 .
b0011101000 :
b00000000000000000000001110100000 B
b00000000000000000000001110100000 G
b00000000000000000000001110100100 H
1j
#186
0j
#187
b00000000000000000000001110100100 -
b00000000000000000000001110101000 .
b0011101001 :
b00000000000000000000001110100100 B
b00000000000000000000001110100100 G
b00000000000000000000001110101000 H
1j
#188
0j
#189
b00000000000000000000001110101000 -
b00000000000000000000001110101100 .
b0011101010 :
b00000000000000000000001110101000 B
b00000000000000000000001110101000 G
b00000000000000000000001110101100 H
1j
#190
0j
#191
b00000000000000000000001110101100 -
b00000000000000000000001110110000 .
b0011101011 :
b00000000000000000000001110101100 B
b00000000000000000000001110101100 G
b00000000000000000000001110110000 H
1j
#192
0j
#193
b00000000000000000000001110110000 -
b00000000000000000000001110110100 .
b0011101100 :
b00000000000000000000001110110000 B
b00000000000000000000001110110000 G
b00000000000000000000001110110100 H
1j
#194
0j
#195
b00000000000000000000001110110100 -
b00000000000000000000001110111000 .
b0011101101 :
b00000000000000000000001110110100 B
b00000000000000000000001110110100 G
b00000000000000000000001110111000 H
1j
#196
0j
#197
b00000000000000000000001110111000 -
b00000000000000000000001110111100 .
b0011101110 :
b00000000000000000000001110111000 B
b00000000000000000000001110111000 G
b00000000000000000000001110111100 H
1j
#198
0j
#199
b00000000000000000000001110111100 -
b00000000000000000000001111000000 .
b0011101111 :
b00000000000000000000001110111100 B
b00000000000000000000001110111100 G
b00000000000000000000001111000000 H
1j
#200
0j
#201
b00000000000000000000001111000000 -
b00000000000000000000001111000100 .
b0011110000 :
b00000000000000000000001111000000 B
b00000000000000000000001111000000 G
b00000000000000000000001111000100 H
1j
#202
0j
#203
b00000000000000000000001111000100 -
b00000000000000000000001111001000 .
b0011110001 :
b00000000000000000000001111000100 B
b00000000000000000000001111000100 G
b00000000000000000000001111001000 H
1j
#204
0j
#205
b00000000000000000000001111001000 -
b00000000000000000000001111001100 .
b0011110010 :
b00000000000000000000001111001000 B
b00000000000000000000001111001000 G
b00000000000000000000001111001100 H
1j
#206
0j
#207
b00000000000000000000001111001100 -
b00000000000000000000001111010000 .
b0011110011 :
b00000000000000000000001111001100 B
b00000000000000000000001111001100 G
b00000000000000000000001111010000 H
1j
#208
0j
#209
b00000000000000000000001111010000 -
b00000000000000000000001111010100 .
b0011110100 :
b00000000000000000000001111010000 B
b00000000000000000000001111010000 G
b00000000000000000000001111010100 H
1j
#210
0j
#211
b00000000000000000000001111010100 -
b00000000000000000000001111011000 .
b0011110101 :
b00000000000000000000001111010100 B
b00000000000000000000001111010100 G
b00000000000000000000001111011000 H
1j
#212
0j
#213
b00000000000000000000001111011000 -
b00000000000000000000001111011100 .
b0011110110 :
b00000000000000000000001111011000 B
b00000000000000000000001111011000 G
b00000000000000000000001111011100 H
1j
#214
0j
#215
b00000000000000000000001111011100 -
b00000000000000000000001111100000 .
b0011110111 :
b00000000000000000000001111011100 B
b00000000000000000000001111011100 G
b00000000000000000000001111100000 H
1j
#216
0j
#217
b00000000000000000000001111100000 -
b00000000000000000000001111100100 .
b0011111000 :
b00000000000000000000001111100000 B
b00000000000000000000001111100000 G
b00000000000000000000001111100100 H
1j
#218
0j
#219
b00000000000000000000001111100100 -
b00000000000000000000001111101000 .
b0011111001 :
b00000000000000000000001111100100 B
b00000000000000000000001111100100 G
b00000000000000000000001111101000 H
1j
#220
0j
#221
b00000000000000000000001111101000 -
b00000000000000000000001111101100 .
b0011111010 :
b00000000000000000000001111101000 B
b00000000000000000000001111101000 G
b00000000000000000000001111101100 H
1j
#222
0j
#223
b00000000000000000000001111101100 -
b00000000000000000000001111110000 .
b0011111011 :
b00000000000000000000001111101100 B
b00000000000000000000001111101100 G
b00000000000000000000001111110000 H
1j
#224
0j
#225
b00000000000000000000001111110000 -
b00000000000000000000001111110100 .
b0011111100 :
b00000000000000000000001111110000 B
b00000000000000000000001111110000 G
b00000000000000000000001111110100 H
1j
#226
0j
#227
b00000000000000000000001111110100 -
b00000000000000000000001111111000 .
b0011111101 :
b00000000000000000000001111110100 B
b00000000000000000000001111110100 G
b00000000000000000000001111111000 H
1j
#228
0j
#229
b00000000000000000000001111111000 -
b00000000000000000000001111111100 .
b0011111110 :
b00000000000000000000001111111000 B
b00000000000000000000001111111000 G
b00000000000000000000001111111100 H
1j
#230
0j
#231
b00000000000000000000001111111100 -
b00000000000000000000010000000000 .
b0011111111 :
b00000000000000000000001111111100 B
b00000000000000000000001111111100 G
b00000000000000000000010000000000 H
1j
#232
0j
#233
b00000000000000000000010000000000 -
b00000000000000000000010000000100 .
b0100000000 :
b00000000000000000000010000000000 B
b00000000000000000000010000000000 G
b00000000000000000000010000000100 H
1j
#234
0j
#235
b00000000000000000000010000000100 -
b00000000000000000000010000001000 .
b0100000001 :
b00000000000000000000010000000100 B
b00000000000000000000010000000100 G
b00000000000000000000010000001000 H
1j
#236
0j
#237
b00000000000000000000010000001000 -
b00000000000000000000010000001100 .
b0100000010 :
b00000000000000000000010000001000 B
b00000000000000000000010000001000 G
b00000000000000000000010000001100 H
1j
#238
0j
#239
b00000000000000000000010000001100 -
b00000000000000000000010000010000 .
b0100000011 :
b00000000000000000000010000001100 B
b00000000000000000000010000001100 G
b00000000000000000000010000010000 H
1j
#240
0j
#241
b00000000000000000000010000010000 -
b00000000000000000000010000010100 .
b0100000100 :
b00000000000000000000010000010000 B
b00000000000000000000010000010000 G
b00000000000000000000010000010100 H
1j
#242
0j
#243
b00000000000000000000010000010100 -
b00000000000000000000010000011000 .
b0100000101 :
b00000000000000000000010000010100 B
b00000000000000000000010000010100 G
b00000000000000000000010000011000 H
1j
#244
0j
#245
b00000000000000000000010000011000 -
b00000000000000000000010000011100 .
b0100000110 :
b00000000000000000000010000011000 B
b00000000000000000000010000011000 G
b00000000000000000000010000011100 H
1j
#246
0j
#247
b00000000000000000000010000011100 -
b00000000000000000000010000100000 .
b0100000111 :
b00000000000000000000010000011100 B
b00000000000000000000010000011100 G
b00000000000000000000010000100000 H
1j
#248
0j
#249
b00000000000000000000010000100000 -
b00000000000000000000010000100100 .
b0100001000 :
b00000000000000000000010000100000 B
b00000000000000000000010000100000 G
b00000000000000000000010000100100 H
1j
#250
0j
#251
b00000000000000000000010000100100 -
b00000000000000000000010000101000 .
b0100001001 :
b00000000000000000000010000100100 B
b00000000000000000000010000100100 G
b00000000000000000000010000101000 H
1j
#252
0j
#253
b00000000000000000000010000101000 -
b00000000000000000000010000101100 .
b0100001010 :
b00000000000000000000010000101000 B
b00000000000000000000010000101000 G
b00000000000000000000010000101100 H
1j
#254
0j
#255
b00000000000000000000010000101100 -
b00000000000000000000010000110000 .
b0100001011 :
b00000000000000000000010000101100 B
b00000000000000000000010000101100 G
b00000000000000000000010000110000 H
1j
#256
0j
#257
b00000000000000000000010000110000 -
b00000000000000000000010000110100 .
b0100001100 :
b00000000000000000000010000110000 B
b00000000000000000000010000110000 G
b00000000000000000000010000110100 H
1j
#258
0j
#259
b00000000000000000000010000110100 -
b00000000000000000000010000111000 .
b0100001101 :
b00000000000000000000010000110100 B
b00000000000000000000010000110100 G
b00000000000000000000010000111000 H
1j
#260
0j
#261
b00000000000000000000010000111000 -
b00000000000000000000010000111100 .
b0100001110 :
b00000000000000000000010000111000 B
b00000000000000000000010000111000 G
b00000000000000000000010000111100 H
1j
#262
0j
#263
b00000000000000000000010000111100 -
b00000000000000000000010001000000 .
b0100001111 :
b00000000000000000000010000111100 B
b00000000000000000000010000111100 G
b00000000000000000000010001000000 H
1j
#264
0j
#265
b00000000000000000000010001000000 -
b00000000000000000000010001000100 .
b0100010000 :
b00000000000000000000010001000000 B
b00000000000000000000010001000000 G
b00000000000000000000010001000100 H
1j
#266
0j
#267
b00000000000000000000010001000100 -
b00000000000000000000010001001000 .
b0100010001 :
b00000000000000000000010001000100 B
b00000000000000000000010001000100 G
b00000000000000000000010001001000 H
1j
#268
0j
#269
b00000000000000000000010001001000 -
b00000000000000000000010001001100 .
b0100010010 :
b00000000000000000000010001001000 B
b00000000000000000000010001001000 G
b00000000000000000000010001001100 H
1j
#270
0j
#271
b00000000000000000000010001001100 -
b00000000000000000000010001010000 .
b0100010011 :
b00000000000000000000010001001100 B
b00000000000000000000010001001100 G
b00000000000000000000010001010000 H
1j
#272
0j
#273
b00000000000000000000010001010000 -
b00000000000000000000010001010100 .
b0100010100 :
b00000000000000000000010001010000 B
b00000000000000000000010001010000 G
b00000000000000000000010001010100 H
1j
#274
0j
#275
b00000000000000000000010001010100 -
b00000000000000000000010001011000 .
b0100010101 :
b00000000000000000000010001010100 B
b00000000000000000000010001010100 G
b00000000000000000000010001011000 H
1j
#276
0j
#277
b00000000000000000000010001011000 -
b00000000000000000000010001011100 .
b0100010110 :
b00000000000000000000010001011000 B
b00000000000000000000010001011000 G
b00000000000000000000010001011100 H
1j
#278
0j
#279
b00000000000000000000010001011100 -
b00000000000000000000010001100000 .
b0100010111 :
b00000000000000000000010001011100 B
b00000000000000000000010001011100 G
b00000000000000000000010001100000 H
1j
#280
0j
#281
b00000000000000000000010001100000 -
b00000000000000000000010001100100 .
b0100011000 :
b00000000000000000000010001100000 B
b00000000000000000000010001100000 G
b00000000000000000000010001100100 H
1j
#282
0j
#283
b00000000000000000000010001100100 -
b00000000000000000000010001101000 .
b0100011001 :
b00000000000000000000010001100100 B
b00000000000000000000010001100100 G
b00000000000000000000010001101000 H
1j
#284
0j
#285
b00000000000000000000010001101000 -
b00000000000000000000010001101100 .
b0100011010 :
b00000000000000000000010001101000 B
b00000000000000000000010001101000 G
b00000000000000000000010001101100 H
1j
#286
0j
#287
b00000000000000000000010001101100 -
b00000000000000000000010001110000 .
b0100011011 :
b00000000000000000000010001101100 B
b00000000000000000000010001101100 G
b00000000000000000000010001110000 H
1j
#288
0j
#289
b00000000000000000000010001110000 -
b00000000000000000000010001110100 .
b0100011100 :
b00000000000000000000010001110000 B
b00000000000000000000010001110000 G
b00000000000000000000010001110100 H
1j
#290
0j
#291
b00000000000000000000010001110100 -
b00000000000000000000010001111000 .
b0100011101 :
b00000000000000000000010001110100 B
b00000000000000000000010001110100 G
b00000000000000000000010001111000 H
1j
#292
0j
#293
b00000000000000000000010001111000 -
b00000000000000000000010001111100 .
b0100011110 :
b00000000000000000000010001111000 B
b00000000000000000000010001111000 G
b00000000000000000000010001111100 H
1j
#294
0j
#295
b00000000000000000000010001111100 -
b00000000000000000000010010000000 .
b0100011111 :
b00000000000000000000010001111100 B
b00000000000000000000010001111100 G
b00000000000000000000010010000000 H
1j
#296
0j
#297
b00000000000000000000010010000000 -
b00000000000000000000010010000100 .
b0100100000 :
b00000000000000000000010010000000 B
b00000000000000000000010010000000 G
b00000000000000000000010010000100 H
1j
#298
0j
#299
b00000000000000000000010010000100 -
b00000000000000000000010010001000 .
b0100100001 :
b00000000000000000000010010000100 B
b00000000000000000000010010000100 G
b00000000000000000000010010001000 H
1j
#300
0j
#301
b00000000000000000000010010001000 -
b00000000000000000000010010001100 .
b0100100010 :
b00000000000000000000010010001000 B
b00000000000000000000010010001000 G
b00000000000000000000010010001100 H
1j
#302
0j
#303
b00000000000000000000010010001100 -
b00000000000000000000010010010000 .
b0100100011 :
b00000000000000000000010010001100 B
b00000000000000000000010010001100 G
b00000000000000000000010010010000 H
1j
#304
0j
#305
b00000000000000000000010010010000 -
b00000000000000000000010010010100 .
b0100100100 :
b00000000000000000000010010010000 B
b00000000000000000000010010010000 G
b00000000000000000000010010010100 H
1j
#306
0j
#307
b00000000000000000000010010010100 -
b00000000000000000000010010011000 .
b0100100101 :
b00000000000000000000010010010100 B
b00000000000000000000010010010100 G
b00000000000000000000010010011000 H
1j
#308
0j
#309
b00000000000000000000010010011000 -
b00000000000000000000010010011100 .
b0100100110 :
b00000000000000000000010010011000 B
b00000000000000000000010010011000 G
b00000000000000000000010010011100 H
1j
#310
0j
#311
b00000000000000000000010010011100 -
b00000000000000000000010010100000 .
b0100100111 :
b00000000000000000000010010011100 B
b00000000000000000000010010011100 G
b00000000000000000000010010100000 H
1j
#312
0j
#313
b00000000000000000000010010100000 -
b00000000000000000000010010100100 .
b0100101000 :
b00000000000000000000010010100000 B
b00000000000000000000010010100000 G
b00000000000000000000010010100100 H
1j
#314
0j
#315
b00000000000000000000010010100100 -
b00000000000000000000010010101000 .
b0100101001 :
b00000000000000000000010010100100 B
b00000000000000000000010010100100 G
b00000000000000000000010010101000 H
1j
#316
0j
#317
b00000000000000000000010010101000 -
b00000000000000000000010010101100 .
b0100101010 :
b00000000000000000000010010101000 B
b00000000000000000000010010101000 G
b00000000000000000000010010101100 H
1j
#318
0j
#319
b00000000000000000000010010101100 -
b00000000000000000000010010110000 .
b0100101011 :
b00000000000000000000010010101100 B
b00000000000000000000010010101100 G
b00000000000000000000010010110000 H
1j
#320
0j
#321
b00000000000000000000010010110000 -
b00000000000000000000010010110100 .
b0100101100 :
b00000000000000000000010010110000 B
b00000000000000000000010010110000 G
b00000000000000000000010010110100 H
1j
#322
0j
#323
b00000000000000000000010010110100 -
b00000000000000000000010010111000 .
b0100101101 :
b00000000000000000000010010110100 B
b00000000000000000000010010110100 G
b00000000000000000000010010111000 H
1j
#324
0j
#325
b00000000000000000000010010111000 -
b00000000000000000000010010111100 .
b0100101110 :
b00000000000000000000010010111000 B
b00000000000000000000010010111000 G
b00000000000000000000010010111100 H
1j
#326
0j
#327
b00000000000000000000010010111100 -
b00000000000000000000010011000000 .
b0100101111 :
b00000000000000000000010010111100 B
b00000000000000000000010010111100 G
b00000000000000000000010011000000 H
1j
#328
0j
#329
b00000000000000000000010011000000 -
b00000000000000000000010011000100 .
b0100110000 :
b00000000000000000000010011000000 B
b00000000000000000000010011000000 G
b00000000000000000000010011000100 H
1j
#330
0j
#331
b00000000000000000000010011000100 -
b00000000000000000000010011001000 .
b0100110001 :
b00000000000000000000010011000100 B
b00000000000000000000010011000100 G
b00000000000000000000010011001000 H
1j
#332
0j
#333
b00000000000000000000010011001000 -
b00000000000000000000010011001100 .
b0100110010 :
b00000000000000000000010011001000 B
b00000000000000000000010011001000 G
b00000000000000000000010011001100 H
1j
#334
0j
#335
b00000000000000000000010011001100 -
b00000000000000000000010011010000 .
b0100110011 :
b00000000000000000000010011001100 B
b00000000000000000000010011001100 G
b00000000000000000000010011010000 H
1j
#336
0j
#337
b00000000000000000000010011010000 -
b00000000000000000000010011010100 .
b0100110100 :
b00000000000000000000010011010000 B
b00000000000000000000010011010000 G
b00000000000000000000010011010100 H
1j
#338
0j
#339
b00000000000000000000010011010100 -
b00000000000000000000010011011000 .
b0100110101 :
b00000000000000000000010011010100 B
b00000000000000000000010011010100 G
b00000000000000000000010011011000 H
1j
#340
0j
#341
b00000000000000000000010011011000 -
b00000000000000000000010011011100 .
b0100110110 :
b00000000000000000000010011011000 B
b00000000000000000000010011011000 G
b00000000000000000000010011011100 H
1j
#342
0j
#343
b00000000000000000000010011011100 -
b00000000000000000000010011100000 .
b0100110111 :
b00000000000000000000010011011100 B
b00000000000000000000010011011100 G
b00000000000000000000010011100000 H
1j
#344
0j
#345
b00000000000000000000010011100000 -
b00000000000000000000010011100100 .
b0100111000 :
b00000000000000000000010011100000 B
b00000000000000000000010011100000 G
b00000000000000000000010011100100 H
1j
#346
0j
#347
b00000000000000000000010011100100 -
b00000000000000000000010011101000 .
b0100111001 :
b00000000000000000000010011100100 B
b00000000000000000000010011100100 G
b00000000000000000000010011101000 H
1j
#348
0j
#349
b00000000000000000000010011101000 -
b00000000000000000000010011101100 .
b0100111010 :
b00000000000000000000010011101000 B
b00000000000000000000010011101000 G
b00000000000000000000010011101100 H
1j
#350
0j
#351
b00000000000000000000010011101100 -
b00000000000000000000010011110000 .
b0100111011 :
b00000000000000000000010011101100 B
b00000000000000000000010011101100 G
b00000000000000000000010011110000 H
1j
#352
0j
#353
b00000000000000000000010011110000 -
b00000000000000000000010011110100 .
b0100111100 :
b00000000000000000000010011110000 B
b00000000000000000000010011110000 G
b00000000000000000000010011110100 H
1j
#354
0j
#355
b00000000000000000000010011110100 -
b00000000000000000000010011111000 .
b0100111101 :
b00000000000000000000010011110100 B
b00000000000000000000010011110100 G
b00000000000000000000010011111000 H
1j
#356
0j
#357
b00000000000000000000010011111000 -
b00000000000000000000010011111100 .
b0100111110 :
b00000000000000000000010011111000 B
b00000000000000000000010011111000 G
b00000000000000000000010011111100 H
1j
#358
0j
#359
b00000000000000000000010011111100 -
b00000000000000000000010100000000 .
b0100111111 :
b00000000000000000000010011111100 B
b00000000000000000000010011111100 G
b00000000000000000000010100000000 H
1j
#360
0j
#361
b00000000000000000000010100000000 -
b00000000000000000000010100000100 .
b0101000000 :
b00000000000000000000010100000000 B
b00000000000000000000010100000000 G
b00000000000000000000010100000100 H
1j
#362
0j
