$version Generated by VerilatedVcd $end
$timescale 1ps $end
 $scope module TOP $end
  $scope module $unit $end
   $var wire 7 p I_IMM_TYPE [6:0] $end
   $var wire 7 p I_OR_R_ALU [6:0] $end
   $var wire 7 q LD_TYPE [6:0] $end
   $var wire 7 q I_IMM_OR_LD [6:0] $end
   $var wire 7 r S_TYPE [6:0] $end
   $var wire 7 q LD_OR_S [6:0] $end
   $var wire 7 s B_TYPE [6:0] $end
   $var wire 7 t J_TYPE [6:0] $end
   $var wire 7 u I_JMP_TYPE [6:0] $end
   $var wire 7 u JAL_OR_JALR [6:0] $end
   $var wire 7 v AUIPC [6:0] $end
   $var wire 7 v U_TYPE [6:0] $end
  $upscope $end
  $var wire 1 g clk $end
  $var wire 1 h rst $end
  $scope module tb_risc_v $end
   $var wire 1 g clk $end
   $var wire 1 h rst $end
   $scope module DUT $end
    $var wire 32 l AddressWidth [31:0] $end
    $var wire 32 m DataWidth [31:0] $end
    $var wire 1 g clk_i $end
    $var wire 1 h rst_i $end
    $var wire 4 C alu_op [3:0] $end
    $var wire 2 D regf_rd_src [1:0] $end
    $var wire 1 E alu_src2_sel $end
    $var wire 1 F jal $end
    $var wire 1 G jalr $end
    $var wire 1 H branch $end
    $var wire 1 I auipc $end
    $var wire 1 J regf_wr_en $end
    $var wire 1 K mem_wr_en $end
    $var wire 1 L pc_src_sel $end
    $var wire 32 M target_pc [31:0] $end
    $var wire 32 c pc [31:0] $end
    $var wire 32 d pc_plus4 [31:0] $end
    $var wire 32 i next_pc [31:0] $end
    $var wire 1 N alu_flag $end
    $var wire 32 O alu_src2 [31:0] $end
    $var wire 32 P alu_result [31:0] $end
    $var wire 32 j regf_rd_data [31:0] $end
    $var wire 32 Q regf_rs1_data [31:0] $end
    $var wire 32 R regf_rs2_data [31:0] $end
    $var wire 32 S uimm_type_data [31:0] $end
    $var wire 32 T data_mem_r_data [31:0] $end
    $var wire 32 U imm [31:0] $end
    $var wire 32 V instr [31:0] $end
    $var wire 32 W ld_data [31:0] $end
    $var wire 7 X op_code [6:0] $end
    $var wire 3 Y funct3 [2:0] $end
    $var wire 1 Z funct7_h20 $end
    $var wire 5 [ regf_rd_addr [4:0] $end
    $var wire 5 \ regf_rs1_addr [4:0] $end
    $var wire 5 ] regf_rs2_addr [4:0] $end
    $scope module alu $end
     $var wire 32 m DataWidth [31:0] $end
     $var wire 32 Q src1_i [31:0] $end
     $var wire 32 O src2_i [31:0] $end
     $var wire 4 C alu_op_i [3:0] $end
     $var wire 32 P result_o [31:0] $end
    $upscope $end
    $scope module alu_src2_mux $end
     $var wire 32 m DataWidth [31:0] $end
     $var wire 1 E sel_i $end
     $var wire 32 R in0_i [31:0] $end
     $var wire 32 U in1_i [31:0] $end
     $var wire 32 O out_o [31:0] $end
    $upscope $end
    $scope module control_unit $end
     $var wire 7 X op_code_i [6:0] $end
     $var wire 1 F jal_o $end
     $var wire 1 G jalr_o $end
     $var wire 1 H branch_o $end
     $var wire 1 I auipc_o $end
     $var wire 1 J regf_wr_en_o $end
     $var wire 1 K mem_wr_en_o $end
     $var wire 2 D regf_rd_src_o [1:0] $end
     $var wire 1 k fnc7_h20_i $end
     $var wire 3 Y funct3_i [2:0] $end
     $var wire 1 E alu_src_o $end
     $var wire 4 C alu_op_o [3:0] $end
    $upscope $end
    $scope module ctrl_flow_unit $end
     $var wire 32 m DataWidth [31:0] $end
     $var wire 1 F jal_i $end
     $var wire 1 G jalr_i $end
     $var wire 1 H branch_i $end
     $var wire 1 N alu_flag_i $end
     $var wire 32 c pc_i [31:0] $end
     $var wire 32 Q rs1_data_i [31:0] $end
     $var wire 32 U addr_offset_i [31:0] $end
     $var wire 1 L pc_src_sel_o $end
     $var wire 32 M pc_target_o [31:0] $end
     $var wire 32 ^ base_addr [31:0] $end
     $var wire 32 M pc_plus_offset [31:0] $end
    $upscope $end
    $scope module dmem $end
     $var wire 32 l AddressWidth [31:0] $end
     $var wire 32 m DataWidth [31:0] $end
     $var wire 1 g clk_i $end
     $var wire 1 K wr_en_i $end
     $var wire 10 _ addr_i [9:0] $end
     $var wire 32 R wr_data_i [31:0] $end
     $var wire 32 T r_data_o [31:0] $end
    $upscope $end
    $scope module imem $end
     $var wire 32 l AddressWidth [31:0] $end
     $var wire 32 m DataWidth [31:0] $end
     $var wire 1 g clk_i $end
     $var wire 1 K wr_en_i $end
     $var wire 10 e addr_i [9:0] $end
     $var wire 32 R wr_data_i [31:0] $end
     $var wire 32 V r_data_o [31:0] $end
    $upscope $end
    $scope module imm_extension_unit $end
     $var wire 32 V instr_i [31:0] $end
     $var wire 32 U imm_o [31:0] $end
     $var wire 7 X op_code [6:0] $end
    $upscope $end
    $scope module ld_data_ext $end
     $var wire 3 Y funct3_i [2:0] $end
     $var wire 2 ` offset_i [1:0] $end
     $var wire 32 T data_i [31:0] $end
     $var wire 32 W data_o [31:0] $end
     $var wire 8 a byte_sel [7:0] $end
     $var wire 16 b halfword_sel [15:0] $end
    $upscope $end
    $scope module pc_adder $end
     $var wire 32 m DataWidth [31:0] $end
     $var wire 32 c a_i [31:0] $end
     $var wire 32 n b_i [31:0] $end
     $var wire 32 d y_o [31:0] $end
    $upscope $end
    $scope module pc_mux $end
     $var wire 32 m DataWidth [31:0] $end
     $var wire 1 L sel_i $end
     $var wire 32 d in0_i [31:0] $end
     $var wire 32 M in1_i [31:0] $end
     $var wire 32 i out_o [31:0] $end
    $upscope $end
    $scope module pc_reg $end
     $var wire 32 m DataWidth [31:0] $end
     $var wire 1 h rst_i $end
     $var wire 1 g clk_i $end
     $var wire 32 i d_i [31:0] $end
     $var wire 32 c q_o [31:0] $end
    $upscope $end
    $scope module regf_wr_data_mux $end
     $var wire 32 m DataWidth [31:0] $end
     $var wire 2 D sel_i [1:0] $end
     $var wire 32 P in0_i [31:0] $end
     $var wire 32 W in1_i [31:0] $end
     $var wire 32 d in2_i [31:0] $end
     $var wire 32 S in3_i [31:0] $end
     $var wire 32 j out_o [31:0] $end
    $upscope $end
    $scope module regfile $end
     $var wire 32 m NumRegs [31:0] $end
     $var wire 32 m DataWidth [31:0] $end
     $var wire 32 o AddressWidth [31:0] $end
     $var wire 1 g clk_i $end
     $var wire 1 h rst_i $end
     $var wire 1 J wr_en_i $end
     $var wire 5 [ rd_addr_i [4:0] $end
     $var wire 5 \ rs1_addr_i [4:0] $end
     $var wire 5 ] rs2_addr_i [4:0] $end
     $var wire 32 j rd_data_i [31:0] $end
     $var wire 32 Q rs1_data_o [31:0] $end
     $var wire 32 R rs2_data_o [31:0] $end
     $var wire 32 f i [31:0] $end
     $var wire 32 # register_file[0] [31:0] $end
     $var wire 32 $ register_file[1] [31:0] $end
     $var wire 32 % register_file[2] [31:0] $end
     $var wire 32 & register_file[3] [31:0] $end
     $var wire 32 ' register_file[4] [31:0] $end
     $var wire 32 ( register_file[5] [31:0] $end
     $var wire 32 ) register_file[6] [31:0] $end
     $var wire 32 * register_file[7] [31:0] $end
     $var wire 32 + register_file[8] [31:0] $end
     $var wire 32 , register_file[9] [31:0] $end
     $var wire 32 - register_file[10] [31:0] $end
     $var wire 32 . register_file[11] [31:0] $end
     $var wire 32 / register_file[12] [31:0] $end
     $var wire 32 0 register_file[13] [31:0] $end
     $var wire 32 1 register_file[14] [31:0] $end
     $var wire 32 2 register_file[15] [31:0] $end
     $var wire 32 3 register_file[16] [31:0] $end
     $var wire 32 4 register_file[17] [31:0] $end
     $var wire 32 5 register_file[18] [31:0] $end
     $var wire 32 6 register_file[19] [31:0] $end
     $var wire 32 7 register_file[20] [31:0] $end
     $var wire 32 8 register_file[21] [31:0] $end
     $var wire 32 9 register_file[22] [31:0] $end
     $var wire 32 : register_file[23] [31:0] $end
     $var wire 32 ; register_file[24] [31:0] $end
     $var wire 32 < register_file[25] [31:0] $end
     $var wire 32 = register_file[26] [31:0] $end
     $var wire 32 > register_file[27] [31:0] $end
     $var wire 32 ? register_file[28] [31:0] $end
     $var wire 32 @ register_file[29] [31:0] $end
     $var wire 32 A register_file[30] [31:0] $end
     $var wire 32 B register_file[31] [31:0] $end
    $upscope $end
    $scope module utype_rd_data_mux $end
     $var wire 32 m DataWidth [31:0] $end
     $var wire 1 I sel_i $end
     $var wire 32 U in0_i [31:0] $end
     $var wire 32 M in1_i [31:0] $end
     $var wire 32 S out_o [31:0] $end
    $upscope $end
   $upscope $end
  $upscope $end
 $upscope $end
$enddefinitions $end


#0
b00000000000000000000000000000000 #
b00000000000000000000000000000000 $
b00000000000000000000000000000000 %
b00000000000000000000000000000000 &
b00000000000000000000000000000000 '
b00000000000000000000000000000000 (
b00000000000000000000000000000000 )
b00000000000000000000000000000000 *
b00000000000000000000000000000000 +
b00000000000000000000000000000000 ,
b00000000000000000000000000000000 -
b00000000000000000000000000000000 .
b00000000000000000000000000000000 /
b00000000000000000000000000000000 0
b00000000000000000000000000000000 1
b00000000000000000000000000000000 2
b00000000000000000000000000000000 3
b00000000000000000000000000000000 4
b00000000000000000000000000000000 5
b00000000000000000000000000000000 6
b00000000000000000000000000000000 7
b00000000000000000000000000000000 8
b00000000000000000000000000000000 9
b00000000000000000000000000000000 :
b00000000000000000000000000000000 ;
b00000000000000000000000000000000 <
b00000000000000000000000000000000 =
b00000000000000000000000000000000 >
b00000000000000000000000000000000 ?
b00000000000000000000000000000000 @
b00000000000000000000000000000000 A
b00000000000000000000000000000000 B
b0000 C
b00 D
0E
0F
0G
0H
0I
1J
0K
0L
b00000000000000000000000000000000 M
0N
b00000000000000000000000000000000 O
b00000000000000000000000000000000 P
b00000000000000000000000000000000 Q
b00000000000000000000000000000000 R
b00000000000000000000000000000000 S
b00000000000000000000000000000000 T
b00000000000000000000000000000000 U
b00000000000000000000000000000000 V
b00000000000000000000000000000000 W
b0000000 X
b000 Y
0Z
b00000 [
b00000 \
b00000 ]
b00000000000000000000000000000000 ^
b0000000000 _
b00 `
b00000000 a
b0000000000000000 b
b00000000000000000000000000000000 c
b00000000000000000000000000000100 d
b0000000000 e
b00000000000000000000000000000000 f
0g
1h
b00000000000000000000000000000100 i
b00000000000000000000000000000000 j
0k
b00000000000000000000000000001010 l
b00000000000000000000000000100000 m
b00000000000000000000000000000100 n
b00000000000000000000000000000101 o
b0010011 p
b0000011 q
b0100011 r
b1100011 s
b1101111 t
b1100111 u
b0010111 v
#1
b00000000000000000000000000100000 f
1g
#2
0g
#3
1g
#4
0g
#5
1g
#6
0g
#7
1g
#8
0g
#9
1g
#10
0g
#11
b00000000000000000000000000000100 M
b00000000000000000000000000000100 ^
b00000000000000000000000000000100 c
b00000000000000000000000000001000 d
b0000000001 e
1g
0h
b00000000000000000000000000001000 i
#12
0g
#13
b00000000000000000000000000001000 M
b00000000000000000000000000001000 ^
b00000000000000000000000000001000 c
b00000000000000000000000000001100 d
b0000000010 e
1g
b00000000000000000000000000001100 i
#14
0g
#15
b00000000000000000000000000001100 M
b00000000000000000000000000001100 ^
b00000000000000000000000000001100 c
b00000000000000000000000000010000 d
b0000000011 e
1g
b00000000000000000000000000010000 i
#16
0g
#17
b00000000000000000000000000010000 M
b00000000000000000000000000010000 ^
b00000000000000000000000000010000 c
b00000000000000000000000000010100 d
b0000000100 e
1g
b00000000000000000000000000010100 i
#18
0g
#19
b00000000000000000000000000010100 M
b00000000000000000000000000010100 ^
b00000000000000000000000000010100 c
b00000000000000000000000000011000 d
b0000000101 e
1g
b00000000000000000000000000011000 i
#20
0g
#21
b00000000000000000000000000011000 M
b00000000000000000000000000011000 ^
b00000000000000000000000000011000 c
b00000000000000000000000000011100 d
b0000000110 e
1g
b00000000000000000000000000011100 i
#22
0g
#23
b00000000000000000000000000011100 M
b00000000000000000000000000011100 ^
b00000000000000000000000000011100 c
b00000000000000000000000000100000 d
b0000000111 e
1g
b00000000000000000000000000100000 i
#24
0g
#25
b00000000000000000000000000100000 M
b00000000000000000000000000100000 ^
b00000000000000000000000000100000 c
b00000000000000000000000000100100 d
b0000001000 e
1g
b00000000000000000000000000100100 i
#26
0g
#27
b00000000000000000000000000100100 M
b00000000000000000000000000100100 ^
b00000000000000000000000000100100 c
b00000000000000000000000000101000 d
b0000001001 e
1g
b00000000000000000000000000101000 i
#28
0g
#29
b00000000000000000000000000101000 M
b00000000000000000000000000101000 ^
b00000000000000000000000000101000 c
b00000000000000000000000000101100 d
b0000001010 e
1g
b00000000000000000000000000101100 i
#30
0g
#31
b00000000000000000000000000101100 M
b00000000000000000000000000101100 ^
b00000000000000000000000000101100 c
b00000000000000000000000000110000 d
b0000001011 e
1g
b00000000000000000000000000110000 i
#32
0g
#33
b00000000000000000000000000110000 M
b00000000000000000000000000110000 ^
b00000000000000000000000000110000 c
b00000000000000000000000000110100 d
b0000001100 e
1g
b00000000000000000000000000110100 i
#34
0g
#35
b00000000000000000000000000110100 M
b00000000000000000000000000110100 ^
b00000000000000000000000000110100 c
b00000000000000000000000000111000 d
b0000001101 e
1g
b00000000000000000000000000111000 i
#36
0g
#37
b00000000000000000000000000111000 M
b00000000000000000000000000111000 ^
b00000000000000000000000000111000 c
b00000000000000000000000000111100 d
b0000001110 e
1g
b00000000000000000000000000111100 i
#38
0g
#39
b00000000000000000000000000111100 M
b00000000000000000000000000111100 ^
b00000000000000000000000000111100 c
b00000000000000000000000001000000 d
b0000001111 e
1g
b00000000000000000000000001000000 i
#40
0g
#41
b00000000000000000000000001000000 M
b00000000000000000000000001000000 ^
b00000000000000000000000001000000 c
b00000000000000000000000001000100 d
b0000010000 e
1g
b00000000000000000000000001000100 i
#42
0g
#43
b00000000000000000000000001000100 M
b00000000000000000000000001000100 ^
b00000000000000000000000001000100 c
b00000000000000000000000001001000 d
b0000010001 e
1g
b00000000000000000000000001001000 i
#44
0g
#45
b00000000000000000000000001001000 M
b00000000000000000000000001001000 ^
b00000000000000000000000001001000 c
b00000000000000000000000001001100 d
b0000010010 e
1g
b00000000000000000000000001001100 i
#46
0g
#47
b00000000000000000000000001001100 M
b00000000000000000000000001001100 ^
b00000000000000000000000001001100 c
b00000000000000000000000001010000 d
b0000010011 e
1g
b00000000000000000000000001010000 i
#48
0g
#49
b00000000000000000000000001010000 M
b00000000000000000000000001010000 ^
b00000000000000000000000001010000 c
b00000000000000000000000001010100 d
b0000010100 e
1g
b00000000000000000000000001010100 i
#50
0g
#51
b00000000000000000000000001010100 M
b00000000000000000000000001010100 ^
b00000000000000000000000001010100 c
b00000000000000000000000001011000 d
b0000010101 e
1g
b00000000000000000000000001011000 i
#52
0g
#53
b00000000000000000000000001011000 M
b00000000000000000000000001011000 ^
b00000000000000000000000001011000 c
b00000000000000000000000001011100 d
b0000010110 e
1g
b00000000000000000000000001011100 i
#54
0g
#55
b00000000000000000000000001011100 M
b00000000000000000000000001011100 ^
b00000000000000000000000001011100 c
b00000000000000000000000001100000 d
b0000010111 e
1g
b00000000000000000000000001100000 i
#56
0g
#57
b00000000000000000000000001100000 M
b00000000000000000000000001100000 ^
b00000000000000000000000001100000 c
b00000000000000000000000001100100 d
b0000011000 e
1g
b00000000000000000000000001100100 i
#58
0g
#59
b00000000000000000000000001100100 M
b00000000000000000000000001100100 ^
b00000000000000000000000001100100 c
b00000000000000000000000001101000 d
b0000011001 e
1g
b00000000000000000000000001101000 i
#60
0g
#61
b00000000000000000000000001101000 M
b00000000000000000000000001101000 ^
b00000000000000000000000001101000 c
b00000000000000000000000001101100 d
b0000011010 e
1g
b00000000000000000000000001101100 i
#62
0g
#63
b00000000000000000000000001101100 M
b00000000000000000000000001101100 ^
b00000000000000000000000001101100 c
b00000000000000000000000001110000 d
b0000011011 e
1g
b00000000000000000000000001110000 i
#64
0g
#65
b00000000000000000000000001110000 M
b00000000000000000000000001110000 ^
b00000000000000000000000001110000 c
b00000000000000000000000001110100 d
b0000011100 e
1g
b00000000000000000000000001110100 i
#66
0g
#67
b00000000000000000000000001110100 M
b00000000000000000000000001110100 ^
b00000000000000000000000001110100 c
b00000000000000000000000001111000 d
b0000011101 e
1g
b00000000000000000000000001111000 i
#68
0g
#69
b00000000000000000000000001111000 M
b00000000000000000000000001111000 ^
b00000000000000000000000001111000 c
b00000000000000000000000001111100 d
b0000011110 e
1g
b00000000000000000000000001111100 i
#70
0g
#71
b00000000000000000000000001111100 M
b00000000000000000000000001111100 ^
b00000000000000000000000001111100 c
b00000000000000000000000010000000 d
b0000011111 e
1g
b00000000000000000000000010000000 i
#72
0g
#73
b00000000000000000000000010000000 M
b00000000000000000000000010000000 ^
b00000000000000000000000010000000 c
b00000000000000000000000010000100 d
b0000100000 e
1g
b00000000000000000000000010000100 i
#74
0g
#75
b00000000000000000000000010000100 M
b00000000000000000000000010000100 ^
b00000000000000000000000010000100 c
b00000000000000000000000010001000 d
b0000100001 e
1g
b00000000000000000000000010001000 i
#76
0g
#77
b00000000000000000000000010001000 M
b00000000000000000000000010001000 ^
b00000000000000000000000010001000 c
b00000000000000000000000010001100 d
b0000100010 e
1g
b00000000000000000000000010001100 i
#78
0g
#79
b00000000000000000000000010001100 M
b00000000000000000000000010001100 ^
b00000000000000000000000010001100 c
b00000000000000000000000010010000 d
b0000100011 e
1g
b00000000000000000000000010010000 i
#80
0g
#81
b00000000000000000000000010010000 M
b00000000000000000000000010010000 ^
b00000000000000000000000010010000 c
b00000000000000000000000010010100 d
b0000100100 e
1g
b00000000000000000000000010010100 i
#82
0g
#83
b00000000000000000000000010010100 M
b00000000000000000000000010010100 ^
b00000000000000000000000010010100 c
b00000000000000000000000010011000 d
b0000100101 e
1g
b00000000000000000000000010011000 i
#84
0g
#85
b00000000000000000000000010011000 M
b00000000000000000000000010011000 ^
b00000000000000000000000010011000 c
b00000000000000000000000010011100 d
b0000100110 e
1g
b00000000000000000000000010011100 i
#86
0g
#87
b00000000000000000000000010011100 M
b00000000000000000000000010011100 ^
b00000000000000000000000010011100 c
b00000000000000000000000010100000 d
b0000100111 e
1g
b00000000000000000000000010100000 i
#88
0g
#89
b00000000000000000000000010100000 M
b00000000000000000000000010100000 ^
b00000000000000000000000010100000 c
b00000000000000000000000010100100 d
b0000101000 e
1g
b00000000000000000000000010100100 i
#90
0g
#91
b00000000000000000000000010100100 M
b00000000000000000000000010100100 ^
b00000000000000000000000010100100 c
b00000000000000000000000010101000 d
b0000101001 e
1g
b00000000000000000000000010101000 i
#92
0g
#93
b00000000000000000000000010101000 M
b00000000000000000000000010101000 ^
b00000000000000000000000010101000 c
b00000000000000000000000010101100 d
b0000101010 e
1g
b00000000000000000000000010101100 i
#94
0g
#95
b00000000000000000000000010101100 M
b00000000000000000000000010101100 ^
b00000000000000000000000010101100 c
b00000000000000000000000010110000 d
b0000101011 e
1g
b00000000000000000000000010110000 i
#96
0g
#97
b00000000000000000000000010110000 M
b00000000000000000000000010110000 ^
b00000000000000000000000010110000 c
b00000000000000000000000010110100 d
b0000101100 e
1g
b00000000000000000000000010110100 i
#98
0g
#99
b00000000000000000000000010110100 M
b00000000000000000000000010110100 ^
b00000000000000000000000010110100 c
b00000000000000000000000010111000 d
b0000101101 e
1g
b00000000000000000000000010111000 i
#100
0g
#101
b00000000000000000000000010111000 M
b00000000000000000000000010111000 ^
b00000000000000000000000010111000 c
b00000000000000000000000010111100 d
b0000101110 e
1g
b00000000000000000000000010111100 i
#102
0g
#103
b00000000000000000000000010111100 M
b00000000000000000000000010111100 ^
b00000000000000000000000010111100 c
b00000000000000000000000011000000 d
b0000101111 e
1g
b00000000000000000000000011000000 i
#104
0g
#105
b00000000000000000000000011000000 M
b00000000000000000000000011000000 ^
b00000000000000000000000011000000 c
b00000000000000000000000011000100 d
b0000110000 e
1g
b00000000000000000000000011000100 i
#106
0g
#107
b00000000000000000000000011000100 M
b00000000000000000000000011000100 ^
b00000000000000000000000011000100 c
b00000000000000000000000011001000 d
b0000110001 e
1g
b00000000000000000000000011001000 i
#108
0g
#109
b00000000000000000000000011001000 M
b00000000000000000000000011001000 ^
b00000000000000000000000011001000 c
b00000000000000000000000011001100 d
b0000110010 e
1g
b00000000000000000000000011001100 i
#110
0g
#111
b00000000000000000000000011001100 M
b00000000000000000000000011001100 ^
b00000000000000000000000011001100 c
b00000000000000000000000011010000 d
b0000110011 e
1g
b00000000000000000000000011010000 i
#112
0g
#113
b00000000000000000000000011010000 M
b00000000000000000000000011010000 ^
b00000000000000000000000011010000 c
b00000000000000000000000011010100 d
b0000110100 e
1g
b00000000000000000000000011010100 i
#114
0g
#115
b00000000000000000000000011010100 M
b00000000000000000000000011010100 ^
b00000000000000000000000011010100 c
b00000000000000000000000011011000 d
b0000110101 e
1g
b00000000000000000000000011011000 i
#116
0g
#117
b00000000000000000000000011011000 M
b00000000000000000000000011011000 ^
b00000000000000000000000011011000 c
b00000000000000000000000011011100 d
b0000110110 e
1g
b00000000000000000000000011011100 i
#118
0g
#119
b00000000000000000000000011011100 M
b00000000000000000000000011011100 ^
b00000000000000000000000011011100 c
b00000000000000000000000011100000 d
b0000110111 e
1g
b00000000000000000000000011100000 i
#120
0g
#121
b00000000000000000000000011100000 M
b00000000000000000000000011100000 ^
b00000000000000000000000011100000 c
b00000000000000000000000011100100 d
b0000111000 e
1g
b00000000000000000000000011100100 i
#122
0g
#123
b00000000000000000000000011100100 M
b00000000000000000000000011100100 ^
b00000000000000000000000011100100 c
b00000000000000000000000011101000 d
b0000111001 e
1g
b00000000000000000000000011101000 i
#124
0g
#125
b00000000000000000000000011101000 M
b00000000000000000000000011101000 ^
b00000000000000000000000011101000 c
b00000000000000000000000011101100 d
b0000111010 e
1g
b00000000000000000000000011101100 i
#126
0g
#127
b00000000000000000000000011101100 M
b00000000000000000000000011101100 ^
b00000000000000000000000011101100 c
b00000000000000000000000011110000 d
b0000111011 e
1g
b00000000000000000000000011110000 i
#128
0g
#129
b00000000000000000000000011110000 M
b00000000000000000000000011110000 ^
b00000000000000000000000011110000 c
b00000000000000000000000011110100 d
b0000111100 e
1g
b00000000000000000000000011110100 i
#130
0g
#131
b00000000000000000000000011110100 M
b00000000000000000000000011110100 ^
b00000000000000000000000011110100 c
b00000000000000000000000011111000 d
b0000111101 e
1g
b00000000000000000000000011111000 i
#132
0g
#133
b00000000000000000000000011111000 M
b00000000000000000000000011111000 ^
b00000000000000000000000011111000 c
b00000000000000000000000011111100 d
b0000111110 e
1g
b00000000000000000000000011111100 i
#134
0g
#135
b00000000000000000000000011111100 M
b00000000000000000000000011111100 ^
b00000000000000000000000011111100 c
b00000000000000000000000100000000 d
b0000111111 e
1g
b00000000000000000000000100000000 i
#136
0g
#137
b00000000000000000000000100000000 M
b00000000000000000000000100000000 ^
b00000000000000000000000100000000 c
b00000000000000000000000100000100 d
b0001000000 e
1g
b00000000000000000000000100000100 i
#138
0g
#139
b00000000000000000000000100000100 M
b00000000000000000000000100000100 ^
b00000000000000000000000100000100 c
b00000000000000000000000100001000 d
b0001000001 e
1g
b00000000000000000000000100001000 i
#140
0g
#141
b00000000000000000000000100001000 M
b00000000000000000000000100001000 ^
b00000000000000000000000100001000 c
b00000000000000000000000100001100 d
b0001000010 e
1g
b00000000000000000000000100001100 i
#142
0g
#143
b00000000000000000000000100001100 M
b00000000000000000000000100001100 ^
b00000000000000000000000100001100 c
b00000000000000000000000100010000 d
b0001000011 e
1g
b00000000000000000000000100010000 i
#144
0g
#145
b00000000000000000000000100010000 M
b00000000000000000000000100010000 ^
b00000000000000000000000100010000 c
b00000000000000000000000100010100 d
b0001000100 e
1g
b00000000000000000000000100010100 i
#146
0g
#147
b00000000000000000000000100010100 M
b00000000000000000000000100010100 ^
b00000000000000000000000100010100 c
b00000000000000000000000100011000 d
b0001000101 e
1g
b00000000000000000000000100011000 i
#148
0g
#149
b00000000000000000000000100011000 M
b00000000000000000000000100011000 ^
b00000000000000000000000100011000 c
b00000000000000000000000100011100 d
b0001000110 e
1g
b00000000000000000000000100011100 i
#150
0g
#151
b00000000000000000000000100011100 M
b00000000000000000000000100011100 ^
b00000000000000000000000100011100 c
b00000000000000000000000100100000 d
b0001000111 e
1g
b00000000000000000000000100100000 i
#152
0g
#153
b00000000000000000000000100100000 M
b00000000000000000000000100100000 ^
b00000000000000000000000100100000 c
b00000000000000000000000100100100 d
b0001001000 e
1g
b00000000000000000000000100100100 i
#154
0g
#155
b00000000000000000000000100100100 M
b00000000000000000000000100100100 ^
b00000000000000000000000100100100 c
b00000000000000000000000100101000 d
b0001001001 e
1g
b00000000000000000000000100101000 i
#156
0g
#157
b00000000000000000000000100101000 M
b00000000000000000000000100101000 ^
b00000000000000000000000100101000 c
b00000000000000000000000100101100 d
b0001001010 e
1g
b00000000000000000000000100101100 i
#158
0g
#159
b00000000000000000000000100101100 M
b00000000000000000000000100101100 ^
b00000000000000000000000100101100 c
b00000000000000000000000100110000 d
b0001001011 e
1g
b00000000000000000000000100110000 i
#160
0g
#161
b00000000000000000000000100110000 M
b00000000000000000000000100110000 ^
b00000000000000000000000100110000 c
b00000000000000000000000100110100 d
b0001001100 e
1g
b00000000000000000000000100110100 i
#162
0g
#163
b00000000000000000000000100110100 M
b00000000000000000000000100110100 ^
b00000000000000000000000100110100 c
b00000000000000000000000100111000 d
b0001001101 e
1g
b00000000000000000000000100111000 i
#164
0g
#165
b00000000000000000000000100111000 M
b00000000000000000000000100111000 ^
b00000000000000000000000100111000 c
b00000000000000000000000100111100 d
b0001001110 e
1g
b00000000000000000000000100111100 i
#166
0g
#167
b00000000000000000000000100111100 M
b00000000000000000000000100111100 ^
b00000000000000000000000100111100 c
b00000000000000000000000101000000 d
b0001001111 e
1g
b00000000000000000000000101000000 i
#168
0g
#169
b00000000000000000000000101000000 M
b00000000000000000000000101000000 ^
b00000000000000000000000101000000 c
b00000000000000000000000101000100 d
b0001010000 e
1g
b00000000000000000000000101000100 i
#170
0g
#171
b00000000000000000000000101000100 M
b00000000000000000000000101000100 ^
b00000000000000000000000101000100 c
b00000000000000000000000101001000 d
b0001010001 e
1g
b00000000000000000000000101001000 i
#172
0g
#173
b00000000000000000000000101001000 M
b00000000000000000000000101001000 ^
b00000000000000000000000101001000 c
b00000000000000000000000101001100 d
b0001010010 e
1g
b00000000000000000000000101001100 i
#174
0g
#175
b00000000000000000000000101001100 M
b00000000000000000000000101001100 ^
b00000000000000000000000101001100 c
b00000000000000000000000101010000 d
b0001010011 e
1g
b00000000000000000000000101010000 i
#176
0g
#177
b00000000000000000000000101010000 M
b00000000000000000000000101010000 ^
b00000000000000000000000101010000 c
b00000000000000000000000101010100 d
b0001010100 e
1g
b00000000000000000000000101010100 i
#178
0g
#179
b00000000000000000000000101010100 M
b00000000000000000000000101010100 ^
b00000000000000000000000101010100 c
b00000000000000000000000101011000 d
b0001010101 e
1g
b00000000000000000000000101011000 i
#180
0g
#181
b00000000000000000000000101011000 M
b00000000000000000000000101011000 ^
b00000000000000000000000101011000 c
b00000000000000000000000101011100 d
b0001010110 e
1g
b00000000000000000000000101011100 i
#182
0g
#183
b00000000000000000000000101011100 M
b00000000000000000000000101011100 ^
b00000000000000000000000101011100 c
b00000000000000000000000101100000 d
b0001010111 e
1g
b00000000000000000000000101100000 i
#184
0g
#185
b00000000000000000000000101100000 M
b00000000000000000000000101100000 ^
b00000000000000000000000101100000 c
b00000000000000000000000101100100 d
b0001011000 e
1g
b00000000000000000000000101100100 i
#186
0g
#187
b00000000000000000000000101100100 M
b00000000000000000000000101100100 ^
b00000000000000000000000101100100 c
b00000000000000000000000101101000 d
b0001011001 e
1g
b00000000000000000000000101101000 i
#188
0g
#189
b00000000000000000000000101101000 M
b00000000000000000000000101101000 ^
b00000000000000000000000101101000 c
b00000000000000000000000101101100 d
b0001011010 e
1g
b00000000000000000000000101101100 i
#190
0g
#191
b00000000000000000000000101101100 M
b00000000000000000000000101101100 ^
b00000000000000000000000101101100 c
b00000000000000000000000101110000 d
b0001011011 e
1g
b00000000000000000000000101110000 i
#192
0g
#193
b00000000000000000000000101110000 M
b00000000000000000000000101110000 ^
b00000000000000000000000101110000 c
b00000000000000000000000101110100 d
b0001011100 e
1g
b00000000000000000000000101110100 i
#194
0g
#195
b00000000000000000000000101110100 M
b00000000000000000000000101110100 ^
b00000000000000000000000101110100 c
b00000000000000000000000101111000 d
b0001011101 e
1g
b00000000000000000000000101111000 i
#196
0g
#197
b00000000000000000000000101111000 M
b00000000000000000000000101111000 ^
b00000000000000000000000101111000 c
b00000000000000000000000101111100 d
b0001011110 e
1g
b00000000000000000000000101111100 i
#198
0g
#199
b00000000000000000000000101111100 M
b00000000000000000000000101111100 ^
b00000000000000000000000101111100 c
b00000000000000000000000110000000 d
b0001011111 e
1g
b00000000000000000000000110000000 i
#200
0g
#201
b00000000000000000000000110000000 M
b00000000000000000000000110000000 ^
b00000000000000000000000110000000 c
b00000000000000000000000110000100 d
b0001100000 e
1g
b00000000000000000000000110000100 i
#202
0g
#203
b00000000000000000000000110000100 M
b00000000000000000000000110000100 ^
b00000000000000000000000110000100 c
b00000000000000000000000110001000 d
b0001100001 e
1g
b00000000000000000000000110001000 i
#204
0g
#205
b00000000000000000000000110001000 M
b00000000000000000000000110001000 ^
b00000000000000000000000110001000 c
b00000000000000000000000110001100 d
b0001100010 e
1g
b00000000000000000000000110001100 i
#206
0g
#207
b00000000000000000000000110001100 M
b00000000000000000000000110001100 ^
b00000000000000000000000110001100 c
b00000000000000000000000110010000 d
b0001100011 e
1g
b00000000000000000000000110010000 i
#208
0g
#209
b00000000000000000000000110010000 M
b00000000000000000000000110010000 ^
b00000000000000000000000110010000 c
b00000000000000000000000110010100 d
b0001100100 e
1g
b00000000000000000000000110010100 i
#210
0g
#211
b00000000000000000000000110010100 M
b00000000000000000000000110010100 ^
b00000000000000000000000110010100 c
b00000000000000000000000110011000 d
b0001100101 e
1g
b00000000000000000000000110011000 i
#212
0g
#213
b00000000000000000000000110011000 M
b00000000000000000000000110011000 ^
b00000000000000000000000110011000 c
b00000000000000000000000110011100 d
b0001100110 e
1g
b00000000000000000000000110011100 i
#214
0g
#215
b00000000000000000000000110011100 M
b00000000000000000000000110011100 ^
b00000000000000000000000110011100 c
b00000000000000000000000110100000 d
b0001100111 e
1g
b00000000000000000000000110100000 i
#216
0g
#217
b00000000000000000000000110100000 M
b00000000000000000000000110100000 ^
b00000000000000000000000110100000 c
b00000000000000000000000110100100 d
b0001101000 e
1g
b00000000000000000000000110100100 i
#218
0g
#219
b00000000000000000000000110100100 M
b00000000000000000000000110100100 ^
b00000000000000000000000110100100 c
b00000000000000000000000110101000 d
b0001101001 e
1g
b00000000000000000000000110101000 i
#220
0g
#221
b00000000000000000000000110101000 M
b00000000000000000000000110101000 ^
b00000000000000000000000110101000 c
b00000000000000000000000110101100 d
b0001101010 e
1g
b00000000000000000000000110101100 i
#222
0g
#223
b00000000000000000000000110101100 M
b00000000000000000000000110101100 ^
b00000000000000000000000110101100 c
b00000000000000000000000110110000 d
b0001101011 e
1g
b00000000000000000000000110110000 i
#224
0g
#225
b00000000000000000000000110110000 M
b00000000000000000000000110110000 ^
b00000000000000000000000110110000 c
b00000000000000000000000110110100 d
b0001101100 e
1g
b00000000000000000000000110110100 i
#226
0g
#227
b00000000000000000000000110110100 M
b00000000000000000000000110110100 ^
b00000000000000000000000110110100 c
b00000000000000000000000110111000 d
b0001101101 e
1g
b00000000000000000000000110111000 i
#228
0g
#229
b00000000000000000000000110111000 M
b00000000000000000000000110111000 ^
b00000000000000000000000110111000 c
b00000000000000000000000110111100 d
b0001101110 e
1g
b00000000000000000000000110111100 i
#230
0g
#231
b00000000000000000000000110111100 M
b00000000000000000000000110111100 ^
b00000000000000000000000110111100 c
b00000000000000000000000111000000 d
b0001101111 e
1g
b00000000000000000000000111000000 i
#232
0g
#233
b00000000000000000000000111000000 M
b00000000000000000000000111000000 ^
b00000000000000000000000111000000 c
b00000000000000000000000111000100 d
b0001110000 e
1g
b00000000000000000000000111000100 i
#234
0g
#235
b00000000000000000000000111000100 M
b00000000000000000000000111000100 ^
b00000000000000000000000111000100 c
b00000000000000000000000111001000 d
b0001110001 e
1g
b00000000000000000000000111001000 i
#236
0g
#237
b00000000000000000000000111001000 M
b00000000000000000000000111001000 ^
b00000000000000000000000111001000 c
b00000000000000000000000111001100 d
b0001110010 e
1g
b00000000000000000000000111001100 i
#238
0g
#239
b00000000000000000000000111001100 M
b00000000000000000000000111001100 ^
b00000000000000000000000111001100 c
b00000000000000000000000111010000 d
b0001110011 e
1g
b00000000000000000000000111010000 i
#240
0g
#241
b00000000000000000000000111010000 M
b00000000000000000000000111010000 ^
b00000000000000000000000111010000 c
b00000000000000000000000111010100 d
b0001110100 e
1g
b00000000000000000000000111010100 i
#242
0g
#243
b00000000000000000000000111010100 M
b00000000000000000000000111010100 ^
b00000000000000000000000111010100 c
b00000000000000000000000111011000 d
b0001110101 e
1g
b00000000000000000000000111011000 i
#244
0g
#245
b00000000000000000000000111011000 M
b00000000000000000000000111011000 ^
b00000000000000000000000111011000 c
b00000000000000000000000111011100 d
b0001110110 e
1g
b00000000000000000000000111011100 i
#246
0g
#247
b00000000000000000000000111011100 M
b00000000000000000000000111011100 ^
b00000000000000000000000111011100 c
b00000000000000000000000111100000 d
b0001110111 e
1g
b00000000000000000000000111100000 i
#248
0g
#249
b00000000000000000000000111100000 M
b00000000000000000000000111100000 ^
b00000000000000000000000111100000 c
b00000000000000000000000111100100 d
b0001111000 e
1g
b00000000000000000000000111100100 i
#250
0g
#251
b00000000000000000000000111100100 M
b00000000000000000000000111100100 ^
b00000000000000000000000111100100 c
b00000000000000000000000111101000 d
b0001111001 e
1g
b00000000000000000000000111101000 i
#252
0g
#253
b00000000000000000000000111101000 M
b00000000000000000000000111101000 ^
b00000000000000000000000111101000 c
b00000000000000000000000111101100 d
b0001111010 e
1g
b00000000000000000000000111101100 i
#254
0g
#255
b00000000000000000000000111101100 M
b00000000000000000000000111101100 ^
b00000000000000000000000111101100 c
b00000000000000000000000111110000 d
b0001111011 e
1g
b00000000000000000000000111110000 i
#256
0g
#257
b00000000000000000000000111110000 M
b00000000000000000000000111110000 ^
b00000000000000000000000111110000 c
b00000000000000000000000111110100 d
b0001111100 e
1g
b00000000000000000000000111110100 i
#258
0g
#259
b00000000000000000000000111110100 M
b00000000000000000000000111110100 ^
b00000000000000000000000111110100 c
b00000000000000000000000111111000 d
b0001111101 e
1g
b00000000000000000000000111111000 i
#260
0g
#261
b00000000000000000000000111111000 M
b00000000000000000000000111111000 ^
b00000000000000000000000111111000 c
b00000000000000000000000111111100 d
b0001111110 e
1g
b00000000000000000000000111111100 i
#262
0g
#263
b00000000000000000000000111111100 M
b00000000000000000000000111111100 ^
b00000000000000000000000111111100 c
b00000000000000000000001000000000 d
b0001111111 e
1g
b00000000000000000000001000000000 i
#264
0g
#265
b00000000000000000000001000000000 M
b00000000000000000000001000000000 ^
b00000000000000000000001000000000 c
b00000000000000000000001000000100 d
b0010000000 e
1g
b00000000000000000000001000000100 i
#266
0g
#267
b00000000000000000000001000000100 M
b00000000000000000000001000000100 ^
b00000000000000000000001000000100 c
b00000000000000000000001000001000 d
b0010000001 e
1g
b00000000000000000000001000001000 i
#268
0g
#269
b00000000000000000000001000001000 M
b00000000000000000000001000001000 ^
b00000000000000000000001000001000 c
b00000000000000000000001000001100 d
b0010000010 e
1g
b00000000000000000000001000001100 i
#270
0g
#271
b00000000000000000000001000001100 M
b00000000000000000000001000001100 ^
b00000000000000000000001000001100 c
b00000000000000000000001000010000 d
b0010000011 e
1g
b00000000000000000000001000010000 i
#272
0g
#273
b00000000000000000000001000010000 M
b00000000000000000000001000010000 ^
b00000000000000000000001000010000 c
b00000000000000000000001000010100 d
b0010000100 e
1g
b00000000000000000000001000010100 i
#274
0g
#275
b00000000000000000000001000010100 M
b00000000000000000000001000010100 ^
b00000000000000000000001000010100 c
b00000000000000000000001000011000 d
b0010000101 e
1g
b00000000000000000000001000011000 i
#276
0g
#277
b00000000000000000000001000011000 M
b00000000000000000000001000011000 ^
b00000000000000000000001000011000 c
b00000000000000000000001000011100 d
b0010000110 e
1g
b00000000000000000000001000011100 i
#278
0g
#279
b00000000000000000000001000011100 M
b00000000000000000000001000011100 ^
b00000000000000000000001000011100 c
b00000000000000000000001000100000 d
b0010000111 e
1g
b00000000000000000000001000100000 i
#280
0g
#281
b00000000000000000000001000100000 M
b00000000000000000000001000100000 ^
b00000000000000000000001000100000 c
b00000000000000000000001000100100 d
b0010001000 e
1g
b00000000000000000000001000100100 i
#282
0g
#283
b00000000000000000000001000100100 M
b00000000000000000000001000100100 ^
b00000000000000000000001000100100 c
b00000000000000000000001000101000 d
b0010001001 e
1g
b00000000000000000000001000101000 i
#284
0g
#285
b00000000000000000000001000101000 M
b00000000000000000000001000101000 ^
b00000000000000000000001000101000 c
b00000000000000000000001000101100 d
b0010001010 e
1g
b00000000000000000000001000101100 i
#286
0g
#287
b00000000000000000000001000101100 M
b00000000000000000000001000101100 ^
b00000000000000000000001000101100 c
b00000000000000000000001000110000 d
b0010001011 e
1g
b00000000000000000000001000110000 i
#288
0g
#289
b00000000000000000000001000110000 M
b00000000000000000000001000110000 ^
b00000000000000000000001000110000 c
b00000000000000000000001000110100 d
b0010001100 e
1g
b00000000000000000000001000110100 i
#290
0g
#291
b00000000000000000000001000110100 M
b00000000000000000000001000110100 ^
b00000000000000000000001000110100 c
b00000000000000000000001000111000 d
b0010001101 e
1g
b00000000000000000000001000111000 i
#292
0g
#293
b00000000000000000000001000111000 M
b00000000000000000000001000111000 ^
b00000000000000000000001000111000 c
b00000000000000000000001000111100 d
b0010001110 e
1g
b00000000000000000000001000111100 i
#294
0g
#295
b00000000000000000000001000111100 M
b00000000000000000000001000111100 ^
b00000000000000000000001000111100 c
b00000000000000000000001001000000 d
b0010001111 e
1g
b00000000000000000000001001000000 i
#296
0g
#297
b00000000000000000000001001000000 M
b00000000000000000000001001000000 ^
b00000000000000000000001001000000 c
b00000000000000000000001001000100 d
b0010010000 e
1g
b00000000000000000000001001000100 i
#298
0g
#299
b00000000000000000000001001000100 M
b00000000000000000000001001000100 ^
b00000000000000000000001001000100 c
b00000000000000000000001001001000 d
b0010010001 e
1g
b00000000000000000000001001001000 i
#300
0g
#301
b00000000000000000000001001001000 M
b00000000000000000000001001001000 ^
b00000000000000000000001001001000 c
b00000000000000000000001001001100 d
b0010010010 e
1g
b00000000000000000000001001001100 i
#302
0g
#303
b00000000000000000000001001001100 M
b00000000000000000000001001001100 ^
b00000000000000000000001001001100 c
b00000000000000000000001001010000 d
b0010010011 e
1g
b00000000000000000000001001010000 i
#304
0g
#305
b00000000000000000000001001010000 M
b00000000000000000000001001010000 ^
b00000000000000000000001001010000 c
b00000000000000000000001001010100 d
b0010010100 e
1g
b00000000000000000000001001010100 i
#306
0g
#307
b00000000000000000000001001010100 M
b00000000000000000000001001010100 ^
b00000000000000000000001001010100 c
b00000000000000000000001001011000 d
b0010010101 e
1g
b00000000000000000000001001011000 i
#308
0g
#309
b00000000000000000000001001011000 M
b00000000000000000000001001011000 ^
b00000000000000000000001001011000 c
b00000000000000000000001001011100 d
b0010010110 e
1g
b00000000000000000000001001011100 i
#310
0g
#311
b00000000000000000000001001011100 M
b00000000000000000000001001011100 ^
b00000000000000000000001001011100 c
b00000000000000000000001001100000 d
b0010010111 e
1g
b00000000000000000000001001100000 i
#312
0g
#313
b00000000000000000000001001100000 M
b00000000000000000000001001100000 ^
b00000000000000000000001001100000 c
b00000000000000000000001001100100 d
b0010011000 e
1g
b00000000000000000000001001100100 i
#314
0g
#315
b00000000000000000000001001100100 M
b00000000000000000000001001100100 ^
b00000000000000000000001001100100 c
b00000000000000000000001001101000 d
b0010011001 e
1g
b00000000000000000000001001101000 i
#316
0g
#317
b00000000000000000000001001101000 M
b00000000000000000000001001101000 ^
b00000000000000000000001001101000 c
b00000000000000000000001001101100 d
b0010011010 e
1g
b00000000000000000000001001101100 i
#318
0g
#319
b00000000000000000000001001101100 M
b00000000000000000000001001101100 ^
b00000000000000000000001001101100 c
b00000000000000000000001001110000 d
b0010011011 e
1g
b00000000000000000000001001110000 i
#320
0g
#321
b00000000000000000000001001110000 M
b00000000000000000000001001110000 ^
b00000000000000000000001001110000 c
b00000000000000000000001001110100 d
b0010011100 e
1g
b00000000000000000000001001110100 i
#322
0g
#323
b00000000000000000000001001110100 M
b00000000000000000000001001110100 ^
b00000000000000000000001001110100 c
b00000000000000000000001001111000 d
b0010011101 e
1g
b00000000000000000000001001111000 i
#324
0g
#325
b00000000000000000000001001111000 M
b00000000000000000000001001111000 ^
b00000000000000000000001001111000 c
b00000000000000000000001001111100 d
b0010011110 e
1g
b00000000000000000000001001111100 i
#326
0g
#327
b00000000000000000000001001111100 M
b00000000000000000000001001111100 ^
b00000000000000000000001001111100 c
b00000000000000000000001010000000 d
b0010011111 e
1g
b00000000000000000000001010000000 i
#328
0g
#329
b00000000000000000000001010000000 M
b00000000000000000000001010000000 ^
b00000000000000000000001010000000 c
b00000000000000000000001010000100 d
b0010100000 e
1g
b00000000000000000000001010000100 i
#330
0g
#331
b00000000000000000000001010000100 M
b00000000000000000000001010000100 ^
b00000000000000000000001010000100 c
b00000000000000000000001010001000 d
b0010100001 e
1g
b00000000000000000000001010001000 i
#332
0g
#333
b00000000000000000000001010001000 M
b00000000000000000000001010001000 ^
b00000000000000000000001010001000 c
b00000000000000000000001010001100 d
b0010100010 e
1g
b00000000000000000000001010001100 i
#334
0g
#335
b00000000000000000000001010001100 M
b00000000000000000000001010001100 ^
b00000000000000000000001010001100 c
b00000000000000000000001010010000 d
b0010100011 e
1g
b00000000000000000000001010010000 i
#336
0g
#337
b00000000000000000000001010010000 M
b00000000000000000000001010010000 ^
b00000000000000000000001010010000 c
b00000000000000000000001010010100 d
b0010100100 e
1g
b00000000000000000000001010010100 i
#338
0g
#339
b00000000000000000000001010010100 M
b00000000000000000000001010010100 ^
b00000000000000000000001010010100 c
b00000000000000000000001010011000 d
b0010100101 e
1g
b00000000000000000000001010011000 i
#340
0g
#341
b00000000000000000000001010011000 M
b00000000000000000000001010011000 ^
b00000000000000000000001010011000 c
b00000000000000000000001010011100 d
b0010100110 e
1g
b00000000000000000000001010011100 i
#342
0g
#343
b00000000000000000000001010011100 M
b00000000000000000000001010011100 ^
b00000000000000000000001010011100 c
b00000000000000000000001010100000 d
b0010100111 e
1g
b00000000000000000000001010100000 i
#344
0g
#345
b00000000000000000000001010100000 M
b00000000000000000000001010100000 ^
b00000000000000000000001010100000 c
b00000000000000000000001010100100 d
b0010101000 e
1g
b00000000000000000000001010100100 i
#346
0g
#347
b00000000000000000000001010100100 M
b00000000000000000000001010100100 ^
b00000000000000000000001010100100 c
b00000000000000000000001010101000 d
b0010101001 e
1g
b00000000000000000000001010101000 i
#348
0g
#349
b00000000000000000000001010101000 M
b00000000000000000000001010101000 ^
b00000000000000000000001010101000 c
b00000000000000000000001010101100 d
b0010101010 e
1g
b00000000000000000000001010101100 i
#350
0g
#351
b00000000000000000000001010101100 M
b00000000000000000000001010101100 ^
b00000000000000000000001010101100 c
b00000000000000000000001010110000 d
b0010101011 e
1g
b00000000000000000000001010110000 i
#352
0g
#353
b00000000000000000000001010110000 M
b00000000000000000000001010110000 ^
b00000000000000000000001010110000 c
b00000000000000000000001010110100 d
b0010101100 e
1g
b00000000000000000000001010110100 i
#354
0g
#355
b00000000000000000000001010110100 M
b00000000000000000000001010110100 ^
b00000000000000000000001010110100 c
b00000000000000000000001010111000 d
b0010101101 e
1g
b00000000000000000000001010111000 i
#356
0g
#357
b00000000000000000000001010111000 M
b00000000000000000000001010111000 ^
b00000000000000000000001010111000 c
b00000000000000000000001010111100 d
b0010101110 e
1g
b00000000000000000000001010111100 i
#358
0g
#359
b00000000000000000000001010111100 M
b00000000000000000000001010111100 ^
b00000000000000000000001010111100 c
b00000000000000000000001011000000 d
b0010101111 e
1g
b00000000000000000000001011000000 i
#360
0g
#361
b00000000000000000000001011000000 M
b00000000000000000000001011000000 ^
b00000000000000000000001011000000 c
b00000000000000000000001011000100 d
b0010110000 e
1g
b00000000000000000000001011000100 i
#362
0g
#363
b00000000000000000000001011000100 M
b00000000000000000000001011000100 ^
b00000000000000000000001011000100 c
b00000000000000000000001011001000 d
b0010110001 e
1g
b00000000000000000000001011001000 i
#364
0g
#365
b00000000000000000000001011001000 M
b00000000000000000000001011001000 ^
b00000000000000000000001011001000 c
b00000000000000000000001011001100 d
b0010110010 e
1g
b00000000000000000000001011001100 i
#366
0g
#367
b00000000000000000000001011001100 M
b00000000000000000000001011001100 ^
b00000000000000000000001011001100 c
b00000000000000000000001011010000 d
b0010110011 e
1g
b00000000000000000000001011010000 i
#368
0g
#369
b00000000000000000000001011010000 M
b00000000000000000000001011010000 ^
b00000000000000000000001011010000 c
b00000000000000000000001011010100 d
b0010110100 e
1g
b00000000000000000000001011010100 i
#370
0g
#371
b00000000000000000000001011010100 M
b00000000000000000000001011010100 ^
b00000000000000000000001011010100 c
b00000000000000000000001011011000 d
b0010110101 e
1g
b00000000000000000000001011011000 i
#372
0g
#373
b00000000000000000000001011011000 M
b00000000000000000000001011011000 ^
b00000000000000000000001011011000 c
b00000000000000000000001011011100 d
b0010110110 e
1g
b00000000000000000000001011011100 i
#374
0g
#375
b00000000000000000000001011011100 M
b00000000000000000000001011011100 ^
b00000000000000000000001011011100 c
b00000000000000000000001011100000 d
b0010110111 e
1g
b00000000000000000000001011100000 i
#376
0g
#377
b00000000000000000000001011100000 M
b00000000000000000000001011100000 ^
b00000000000000000000001011100000 c
b00000000000000000000001011100100 d
b0010111000 e
1g
b00000000000000000000001011100100 i
#378
0g
#379
b00000000000000000000001011100100 M
b00000000000000000000001011100100 ^
b00000000000000000000001011100100 c
b00000000000000000000001011101000 d
b0010111001 e
1g
b00000000000000000000001011101000 i
#380
0g
#381
b00000000000000000000001011101000 M
b00000000000000000000001011101000 ^
b00000000000000000000001011101000 c
b00000000000000000000001011101100 d
b0010111010 e
1g
b00000000000000000000001011101100 i
#382
0g
#383
b00000000000000000000001011101100 M
b00000000000000000000001011101100 ^
b00000000000000000000001011101100 c
b00000000000000000000001011110000 d
b0010111011 e
1g
b00000000000000000000001011110000 i
#384
0g
#385
b00000000000000000000001011110000 M
b00000000000000000000001011110000 ^
b00000000000000000000001011110000 c
b00000000000000000000001011110100 d
b0010111100 e
1g
b00000000000000000000001011110100 i
#386
0g
#387
b00000000000000000000001011110100 M
b00000000000000000000001011110100 ^
b00000000000000000000001011110100 c
b00000000000000000000001011111000 d
b0010111101 e
1g
b00000000000000000000001011111000 i
#388
0g
#389
b00000000000000000000001011111000 M
b00000000000000000000001011111000 ^
b00000000000000000000001011111000 c
b00000000000000000000001011111100 d
b0010111110 e
1g
b00000000000000000000001011111100 i
#390
0g
#391
b00000000000000000000001011111100 M
b00000000000000000000001011111100 ^
b00000000000000000000001011111100 c
b00000000000000000000001100000000 d
b0010111111 e
1g
b00000000000000000000001100000000 i
#392
0g
#393
b00000000000000000000001100000000 M
b00000000000000000000001100000000 ^
b00000000000000000000001100000000 c
b00000000000000000000001100000100 d
b0011000000 e
1g
b00000000000000000000001100000100 i
#394
0g
#395
b00000000000000000000001100000100 M
b00000000000000000000001100000100 ^
b00000000000000000000001100000100 c
b00000000000000000000001100001000 d
b0011000001 e
1g
b00000000000000000000001100001000 i
#396
0g
#397
b00000000000000000000001100001000 M
b00000000000000000000001100001000 ^
b00000000000000000000001100001000 c
b00000000000000000000001100001100 d
b0011000010 e
1g
b00000000000000000000001100001100 i
#398
0g
#399
b00000000000000000000001100001100 M
b00000000000000000000001100001100 ^
b00000000000000000000001100001100 c
b00000000000000000000001100010000 d
b0011000011 e
1g
b00000000000000000000001100010000 i
#400
0g
#401
b00000000000000000000001100010000 M
b00000000000000000000001100010000 ^
b00000000000000000000001100010000 c
b00000000000000000000001100010100 d
b0011000100 e
1g
b00000000000000000000001100010100 i
#402
0g
#403
b00000000000000000000001100010100 M
b00000000000000000000001100010100 ^
b00000000000000000000001100010100 c
b00000000000000000000001100011000 d
b0011000101 e
1g
b00000000000000000000001100011000 i
#404
0g
#405
b00000000000000000000001100011000 M
b00000000000000000000001100011000 ^
b00000000000000000000001100011000 c
b00000000000000000000001100011100 d
b0011000110 e
1g
b00000000000000000000001100011100 i
#406
0g
#407
b00000000000000000000001100011100 M
b00000000000000000000001100011100 ^
b00000000000000000000001100011100 c
b00000000000000000000001100100000 d
b0011000111 e
1g
b00000000000000000000001100100000 i
#408
0g
#409
b00000000000000000000001100100000 M
b00000000000000000000001100100000 ^
b00000000000000000000001100100000 c
b00000000000000000000001100100100 d
b0011001000 e
1g
b00000000000000000000001100100100 i
#410
0g
#411
b00000000000000000000001100100100 M
b00000000000000000000001100100100 ^
b00000000000000000000001100100100 c
b00000000000000000000001100101000 d
b0011001001 e
1g
b00000000000000000000001100101000 i
#412
0g
#413
b00000000000000000000001100101000 M
b00000000000000000000001100101000 ^
b00000000000000000000001100101000 c
b00000000000000000000001100101100 d
b0011001010 e
1g
b00000000000000000000001100101100 i
#414
0g
#415
b00000000000000000000001100101100 M
b00000000000000000000001100101100 ^
b00000000000000000000001100101100 c
b00000000000000000000001100110000 d
b0011001011 e
1g
b00000000000000000000001100110000 i
#416
0g
#417
b00000000000000000000001100110000 M
b00000000000000000000001100110000 ^
b00000000000000000000001100110000 c
b00000000000000000000001100110100 d
b0011001100 e
1g
b00000000000000000000001100110100 i
#418
0g
#419
b00000000000000000000001100110100 M
b00000000000000000000001100110100 ^
b00000000000000000000001100110100 c
b00000000000000000000001100111000 d
b0011001101 e
1g
b00000000000000000000001100111000 i
#420
0g
#421
b00000000000000000000001100111000 M
b00000000000000000000001100111000 ^
b00000000000000000000001100111000 c
b00000000000000000000001100111100 d
b0011001110 e
1g
b00000000000000000000001100111100 i
#422
0g
#423
b00000000000000000000001100111100 M
b00000000000000000000001100111100 ^
b00000000000000000000001100111100 c
b00000000000000000000001101000000 d
b0011001111 e
1g
b00000000000000000000001101000000 i
#424
0g
#425
b00000000000000000000001101000000 M
b00000000000000000000001101000000 ^
b00000000000000000000001101000000 c
b00000000000000000000001101000100 d
b0011010000 e
1g
b00000000000000000000001101000100 i
#426
0g
#427
b00000000000000000000001101000100 M
b00000000000000000000001101000100 ^
b00000000000000000000001101000100 c
b00000000000000000000001101001000 d
b0011010001 e
1g
b00000000000000000000001101001000 i
#428
0g
#429
b00000000000000000000001101001000 M
b00000000000000000000001101001000 ^
b00000000000000000000001101001000 c
b00000000000000000000001101001100 d
b0011010010 e
1g
b00000000000000000000001101001100 i
#430
0g
#431
b00000000000000000000001101001100 M
b00000000000000000000001101001100 ^
b00000000000000000000001101001100 c
b00000000000000000000001101010000 d
b0011010011 e
1g
b00000000000000000000001101010000 i
#432
0g
#433
b00000000000000000000001101010000 M
b00000000000000000000001101010000 ^
b00000000000000000000001101010000 c
b00000000000000000000001101010100 d
b0011010100 e
1g
b00000000000000000000001101010100 i
#434
0g
#435
b00000000000000000000001101010100 M
b00000000000000000000001101010100 ^
b00000000000000000000001101010100 c
b00000000000000000000001101011000 d
b0011010101 e
1g
b00000000000000000000001101011000 i
#436
0g
#437
b00000000000000000000001101011000 M
b00000000000000000000001101011000 ^
b00000000000000000000001101011000 c
b00000000000000000000001101011100 d
b0011010110 e
1g
b00000000000000000000001101011100 i
#438
0g
#439
b00000000000000000000001101011100 M
b00000000000000000000001101011100 ^
b00000000000000000000001101011100 c
b00000000000000000000001101100000 d
b0011010111 e
1g
b00000000000000000000001101100000 i
#440
0g
#441
b00000000000000000000001101100000 M
b00000000000000000000001101100000 ^
b00000000000000000000001101100000 c
b00000000000000000000001101100100 d
b0011011000 e
1g
b00000000000000000000001101100100 i
#442
0g
#443
b00000000000000000000001101100100 M
b00000000000000000000001101100100 ^
b00000000000000000000001101100100 c
b00000000000000000000001101101000 d
b0011011001 e
1g
b00000000000000000000001101101000 i
#444
0g
#445
b00000000000000000000001101101000 M
b00000000000000000000001101101000 ^
b00000000000000000000001101101000 c
b00000000000000000000001101101100 d
b0011011010 e
1g
b00000000000000000000001101101100 i
#446
0g
#447
b00000000000000000000001101101100 M
b00000000000000000000001101101100 ^
b00000000000000000000001101101100 c
b00000000000000000000001101110000 d
b0011011011 e
1g
b00000000000000000000001101110000 i
#448
0g
#449
b00000000000000000000001101110000 M
b00000000000000000000001101110000 ^
b00000000000000000000001101110000 c
b00000000000000000000001101110100 d
b0011011100 e
1g
b00000000000000000000001101110100 i
#450
0g
#451
b00000000000000000000001101110100 M
b00000000000000000000001101110100 ^
b00000000000000000000001101110100 c
b00000000000000000000001101111000 d
b0011011101 e
1g
b00000000000000000000001101111000 i
#452
0g
#453
b00000000000000000000001101111000 M
b00000000000000000000001101111000 ^
b00000000000000000000001101111000 c
b00000000000000000000001101111100 d
b0011011110 e
1g
b00000000000000000000001101111100 i
#454
0g
#455
b00000000000000000000001101111100 M
b00000000000000000000001101111100 ^
b00000000000000000000001101111100 c
b00000000000000000000001110000000 d
b0011011111 e
1g
b00000000000000000000001110000000 i
#456
0g
#457
b00000000000000000000001110000000 M
b00000000000000000000001110000000 ^
b00000000000000000000001110000000 c
b00000000000000000000001110000100 d
b0011100000 e
1g
b00000000000000000000001110000100 i
#458
0g
#459
b00000000000000000000001110000100 M
b00000000000000000000001110000100 ^
b00000000000000000000001110000100 c
b00000000000000000000001110001000 d
b0011100001 e
1g
b00000000000000000000001110001000 i
#460
0g
#461
b00000000000000000000001110001000 M
b00000000000000000000001110001000 ^
b00000000000000000000001110001000 c
b00000000000000000000001110001100 d
b0011100010 e
1g
b00000000000000000000001110001100 i
#462
0g
#463
b00000000000000000000001110001100 M
b00000000000000000000001110001100 ^
b00000000000000000000001110001100 c
b00000000000000000000001110010000 d
b0011100011 e
1g
b00000000000000000000001110010000 i
#464
0g
#465
b00000000000000000000001110010000 M
b00000000000000000000001110010000 ^
b00000000000000000000001110010000 c
b00000000000000000000001110010100 d
b0011100100 e
1g
b00000000000000000000001110010100 i
#466
0g
#467
b00000000000000000000001110010100 M
b00000000000000000000001110010100 ^
b00000000000000000000001110010100 c
b00000000000000000000001110011000 d
b0011100101 e
1g
b00000000000000000000001110011000 i
#468
0g
#469
b00000000000000000000001110011000 M
b00000000000000000000001110011000 ^
b00000000000000000000001110011000 c
b00000000000000000000001110011100 d
b0011100110 e
1g
b00000000000000000000001110011100 i
#470
0g
#471
b00000000000000000000001110011100 M
b00000000000000000000001110011100 ^
b00000000000000000000001110011100 c
b00000000000000000000001110100000 d
b0011100111 e
1g
b00000000000000000000001110100000 i
#472
0g
#473
b00000000000000000000001110100000 M
b00000000000000000000001110100000 ^
b00000000000000000000001110100000 c
b00000000000000000000001110100100 d
b0011101000 e
1g
b00000000000000000000001110100100 i
#474
0g
#475
b00000000000000000000001110100100 M
b00000000000000000000001110100100 ^
b00000000000000000000001110100100 c
b00000000000000000000001110101000 d
b0011101001 e
1g
b00000000000000000000001110101000 i
#476
0g
#477
b00000000000000000000001110101000 M
b00000000000000000000001110101000 ^
b00000000000000000000001110101000 c
b00000000000000000000001110101100 d
b0011101010 e
1g
b00000000000000000000001110101100 i
#478
0g
#479
b00000000000000000000001110101100 M
b00000000000000000000001110101100 ^
b00000000000000000000001110101100 c
b00000000000000000000001110110000 d
b0011101011 e
1g
b00000000000000000000001110110000 i
#480
0g
#481
b00000000000000000000001110110000 M
b00000000000000000000001110110000 ^
b00000000000000000000001110110000 c
b00000000000000000000001110110100 d
b0011101100 e
1g
b00000000000000000000001110110100 i
#482
0g
#483
b00000000000000000000001110110100 M
b00000000000000000000001110110100 ^
b00000000000000000000001110110100 c
b00000000000000000000001110111000 d
b0011101101 e
1g
b00000000000000000000001110111000 i
#484
0g
#485
b00000000000000000000001110111000 M
b00000000000000000000001110111000 ^
b00000000000000000000001110111000 c
b00000000000000000000001110111100 d
b0011101110 e
1g
b00000000000000000000001110111100 i
#486
0g
#487
b00000000000000000000001110111100 M
b00000000000000000000001110111100 ^
b00000000000000000000001110111100 c
b00000000000000000000001111000000 d
b0011101111 e
1g
b00000000000000000000001111000000 i
#488
0g
#489
b00000000000000000000001111000000 M
b00000000000000000000001111000000 ^
b00000000000000000000001111000000 c
b00000000000000000000001111000100 d
b0011110000 e
1g
b00000000000000000000001111000100 i
#490
0g
#491
b00000000000000000000001111000100 M
b00000000000000000000001111000100 ^
b00000000000000000000001111000100 c
b00000000000000000000001111001000 d
b0011110001 e
1g
b00000000000000000000001111001000 i
#492
0g
#493
b00000000000000000000001111001000 M
b00000000000000000000001111001000 ^
b00000000000000000000001111001000 c
b00000000000000000000001111001100 d
b0011110010 e
1g
b00000000000000000000001111001100 i
#494
0g
#495
b00000000000000000000001111001100 M
b00000000000000000000001111001100 ^
b00000000000000000000001111001100 c
b00000000000000000000001111010000 d
b0011110011 e
1g
b00000000000000000000001111010000 i
#496
0g
#497
b00000000000000000000001111010000 M
b00000000000000000000001111010000 ^
b00000000000000000000001111010000 c
b00000000000000000000001111010100 d
b0011110100 e
1g
b00000000000000000000001111010100 i
#498
0g
#499
b00000000000000000000001111010100 M
b00000000000000000000001111010100 ^
b00000000000000000000001111010100 c
b00000000000000000000001111011000 d
b0011110101 e
1g
b00000000000000000000001111011000 i
#500
0g
