Register Write to Reg: 0x01 Val: 0x00000014
Register Write to Reg: 0x02 Val: 0x00000006
Register Write to Reg: 0x1E Val: 0x00000003
Register Write to Reg: 0x1D Val: 0x00000003
Register Write to Reg: 0x03 Val: 0x00000002
Register Write to Reg: 0x01 Val: 0xFFFFFFFFFFFFFFEC
Register Write to Reg: 0x02 Val: 0x00000006
Register Write to Reg: 0x1E Val: 0xFFFFFFFFFFFFFFFD
Register Write to Reg: 0x1D Val: 0xFFFFFFFFFFFFFFFD
Register Write to Reg: 0x03 Val: 0x00000003
Register Write to Reg: 0x01 Val: 0x00000014
Register Write to Reg: 0x02 Val: 0xFFFFFFFFFFFFFFFA
Register Write to Reg: 0x1E Val: 0xFFFFFFFFFFFFFFFD
Register Write to Reg: 0x1D Val: 0xFFFFFFFFFFFFFFFD
Register Write to Reg: 0x03 Val: 0x00000004
Register Write to Reg: 0x01 Val: 0xFFFFFFFFFFFFFFEC
Register Write to Reg: 0x02 Val: 0xFFFFFFFFFFFFFFFA
Register Write to Reg: 0x1E Val: 0x00000003
Register Write to Reg: 0x1D Val: 0x00000003
Register Write to Reg: 0x03 Val: 0x00000005
Register Write to Reg: 0x01 Val: 0xFFFFFFFF80000000
Register Write to Reg: 0x01 Val: 0xFFFFFFFF80000000
Register Write to Reg: 0x02 Val: 0x00000001
Register Write to Reg: 0x1E Val: 0xFFFFFFFF80000000
Register Write to Reg: 0x1D Val: 0xFFFFFFFF80000000
Register Write to Reg: 0x1D Val: 0xFFFFFFFF80000000
Register Write to Reg: 0x03 Val: 0x00000006
Register Write to Reg: 0x01 Val: 0xFFFFFFFF80000000
Register Write to Reg: 0x01 Val: 0xFFFFFFFF80000000
Register Write to Reg: 0x02 Val: 0xFFFFFFFFFFFFFFFF
Register Write to Reg: 0x1E Val: 0xFFFFFFFF80000000
Register Write to Reg: 0x1D Val: 0xFFFFFFFF80000000
Register Write to Reg: 0x1D Val: 0xFFFFFFFF80000000
Register Write to Reg: 0x03 Val: 0x00000007
Register Write to Reg: 0x01 Val: 0xFFFFFFFF80000000
Register Write to Reg: 0x01 Val: 0xFFFFFFFF80000000
Register Write to Reg: 0x02 Val: 0x00000000
Register Write to Reg: 0x1E Val: 0xFFFFFFFFFFFFFFFF
Register Write to Reg: 0x1D Val: 0xFFFFFFFFFFFFFFFF
Register Write to Reg: 0x03 Val: 0x00000008
Register Write to Reg: 0x01 Val: 0x00000001
Register Write to Reg: 0x02 Val: 0x00000000
Register Write to Reg: 0x1E Val: 0xFFFFFFFFFFFFFFFF
Register Write to Reg: 0x1D Val: 0xFFFFFFFFFFFFFFFF
Register Write to Reg: 0x03 Val: 0x00000009
Register Write to Reg: 0x01 Val: 0x00000000
Register Write to Reg: 0x02 Val: 0x00000000
Register Write to Reg: 0x1E Val: 0xFFFFFFFFFFFFFFFF
Register Write to Reg: 0x1D Val: 0xFFFFFFFFFFFFFFFF
Register Write to Reg: 0x03 Val: 0x0000000A
Register Write to Reg: 0x0A Val: 0x0000002A
Register Write to Reg: 0x11 Val: 0x0000005D

Program terminated by calling exit
