[inst #1] addi x1,x0,1
Register Write to Reg: 0x01 Val: 0x00000001
[inst #2] addi x2,x0,0
Register Write to Reg: 0x02 Val: 0x00000000
[inst #3] sll x30,x1,x2
Register Write to Reg: 0x1E Val: 0x00000001
[inst #4] addi x29,x0,1
Register Write to Reg: 0x1D Val: 0x00000001
[inst #5] addi x3,x0,2
Register Write to Reg: 0x03 Val: 0x00000002
[inst #6] bne x30,x29,600
[inst #7] addi x1,x0,1
Register Write to Reg: 0x01 Val: 0x00000001
[inst #8] addi x2,x0,1
Register Write to Reg: 0x02 Val: 0x00000001
[inst #9] sll x30,x1,x2
Register Write to Reg: 0x1E Val: 0x00000002
[inst #10] addi x29,x0,2
Register Write to Reg: 0x1D Val: 0x00000002
[inst #11] addi x3,x0,3
Register Write to Reg: 0x03 Val: 0x00000003
[inst #12] bne x30,x29,576
[inst #13] addi x1,x0,1
Register Write to Reg: 0x01 Val: 0x00000001
[inst #14] addi x2,x0,7
Register Write to Reg: 0x02 Val: 0x00000007
[inst #15] sll x30,x1,x2
Register Write to Reg: 0x1E Val: 0x00000080
[inst #16] addi x29,x0,128
Register Write to Reg: 0x1D Val: 0x00000080
[inst #17] addi x3,x0,4
Register Write to Reg: 0x03 Val: 0x00000004
[inst #18] bne x30,x29,552
[inst #19] addi x1,x0,1
Register Write to Reg: 0x01 Val: 0x00000001
[inst #20] addi x2,x0,14
Register Write to Reg: 0x02 Val: 0x0000000E
[inst #21] sll x30,x1,x2
Register Write to Reg: 0x1E Val: 0x00004000
[inst #22] lui x29,4
Register Write to Reg: 0x1D Val: 0x00004000
[inst #23] addi x29,x29,0
Register Write to Reg: 0x1D Val: 0x00004000
[inst #24] addi x3,x0,5
Register Write to Reg: 0x03 Val: 0x00000005
[inst #25] bne x30,x29,524
[inst #26] addi x1,x0,1
Register Write to Reg: 0x01 Val: 0x00000001
[inst #27] addi x2,x0,31
Register Write to Reg: 0x02 Val: 0x0000001F
[inst #28] sll x30,x1,x2
Register Write to Reg: 0x1E Val: 0xFFFFFFFF80000000
[inst #29] lui x29,-524288
Register Write to Reg: 0x1D Val: 0xFFFFFFFF80000000
[inst #30] addi x29,x29,0
Register Write to Reg: 0x1D Val: 0xFFFFFFFF80000000
[inst #31] addi x3,x0,6
Register Write to Reg: 0x03 Val: 0x00000006
[inst #32] bne x30,x29,496
[inst #33] addi x1,x0,-1
Register Write to Reg: 0x01 Val: 0xFFFFFFFFFFFFFFFF
[inst #34] addi x2,x0,0
Register Write to Reg: 0x02 Val: 0x00000000
[inst #35] sll x30,x1,x2
Register Write to Reg: 0x1E Val: 0xFFFFFFFFFFFFFFFF
[inst #36] addi x29,x0,-1
Register Write to Reg: 0x1D Val: 0xFFFFFFFFFFFFFFFF
[inst #37] addi x3,x0,7
Register Write to Reg: 0x03 Val: 0x00000007
[inst #38] bne x30,x29,472
[inst #39] addi x1,x0,-1
Register Write to Reg: 0x01 Val: 0xFFFFFFFFFFFFFFFF
[inst #40] addi x2,x0,1
Register Write to Reg: 0x02 Val: 0x00000001
[inst #41] sll x30,x1,x2
Register Write to Reg: 0x1E Val: 0xFFFFFFFFFFFFFFFE
[inst #42] addi x29,x0,-2
Register Write to Reg: 0x1D Val: 0xFFFFFFFFFFFFFFFE
[inst #43] addi x3,x0,8
Register Write to Reg: 0x03 Val: 0x00000008
[inst #44] bne x30,x29,448
[inst #45] addi x1,x0,-1
Register Write to Reg: 0x01 Val: 0xFFFFFFFFFFFFFFFF
[inst #46] addi x2,x0,7
Register Write to Reg: 0x02 Val: 0x00000007
[inst #47] sll x30,x1,x2
Register Write to Reg: 0x1E Val: 0xFFFFFFFFFFFFFF80
[inst #48] addi x29,x0,-128
Register Write to Reg: 0x1D Val: 0xFFFFFFFFFFFFFF80
[inst #49] addi x3,x0,9
Register Write to Reg: 0x03 Val: 0x00000009
[inst #50] bne x30,x29,424
[inst #51] addi x1,x0,-1
Register Write to Reg: 0x01 Val: 0xFFFFFFFFFFFFFFFF
[inst #52] addi x2,x0,14
Register Write to Reg: 0x02 Val: 0x0000000E
[inst #53] sll x30,x1,x2
Register Write to Reg: 0x1E Val: 0xFFFFFFFFFFFFC000
[inst #54] lui x29,-4
Register Write to Reg: 0x1D Val: 0xFFFFFFFFFFFFC000
[inst #55] addi x29,x29,0
Register Write to Reg: 0x1D Val: 0xFFFFFFFFFFFFC000
[inst #56] addi x3,x0,10
Register Write to Reg: 0x03 Val: 0x0000000A
[inst #57] bne x30,x29,396
[inst #58] addi x1,x0,-1
Register Write to Reg: 0x01 Val: 0xFFFFFFFFFFFFFFFF
[inst #59] addi x2,x0,31
Register Write to Reg: 0x02 Val: 0x0000001F
[inst #60] sll x30,x1,x2
Register Write to Reg: 0x1E Val: 0xFFFFFFFF80000000
[inst #61] lui x29,-524288
Register Write to Reg: 0x1D Val: 0xFFFFFFFF80000000
[inst #62] addi x29,x29,0
Register Write to Reg: 0x1D Val: 0xFFFFFFFF80000000
[inst #63] addi x3,x0,11
Register Write to Reg: 0x03 Val: 0x0000000B
[inst #64] bne x30,x29,368
[inst #65] lui x1,135698
Register Write to Reg: 0x01 Val: 0x21212000
[inst #66] addi x1,x1,289
Register Write to Reg: 0x01 Val: 0x21212121
[inst #67] addi x2,x0,0
Register Write to Reg: 0x02 Val: 0x00000000
[inst #68] sll x30,x1,x2
Register Write to Reg: 0x1E Val: 0x21212121
[inst #69] lui x29,135698
Register Write to Reg: 0x1D Val: 0x21212000
[inst #70] addi x29,x29,289
Register Write to Reg: 0x1D Val: 0x21212121
[inst #71] addi x3,x0,12
Register Write to Reg: 0x03 Val: 0x0000000C
[inst #72] bne x30,x29,336
[inst #73] lui x1,135698
Register Write to Reg: 0x01 Val: 0x21212000
[inst #74] addi x1,x1,289
Register Write to Reg: 0x01 Val: 0x21212121
[inst #75] addi x2,x0,1
Register Write to Reg: 0x02 Val: 0x00000001
[inst #76] sll x30,x1,x2
Register Write to Reg: 0x1E Val: 0x42424242
[inst #77] lui x29,271396
Register Write to Reg: 0x1D Val: 0x42424000
[inst #78] addi x29,x29,578
Register Write to Reg: 0x1D Val: 0x42424242
[inst #79] addi x3,x0,13
Register Write to Reg: 0x03 Val: 0x0000000D
[inst #80] bne x30,x29,304
[inst #81] lui x1,135698
Register Write to Reg: 0x01 Val: 0x21212000
[inst #82] addi x1,x1,289
Register Write to Reg: 0x01 Val: 0x21212121
[inst #83] addi x2,x0,7
Register Write to Reg: 0x02 Val: 0x00000007
[inst #84] sll x30,x1,x2
Register Write to Reg: 0x1E Val: 0xFFFFFFFF90909080
[inst #85] lui x29,-456439
Register Write to Reg: 0x1D Val: 0xFFFFFFFF90909000
[inst #86] addi x29,x29,128
Register Write to Reg: 0x1D Val: 0xFFFFFFFF90909080
[inst #87] addi x3,x0,14
Register Write to Reg: 0x03 Val: 0x0000000E
[inst #88] bne x30,x29,272
[inst #89] lui x1,135698
Register Write to Reg: 0x01 Val: 0x21212000
[inst #90] addi x1,x1,289
Register Write to Reg: 0x01 Val: 0x21212121
[inst #91] addi x2,x0,14
Register Write to Reg: 0x02 Val: 0x0000000E
[inst #92] sll x30,x1,x2
Register Write to Reg: 0x1E Val: 0x48484000
[inst #93] lui x29,296068
Register Write to Reg: 0x1D Val: 0x48484000
[inst #94] addi x29,x29,0
Register Write to Reg: 0x1D Val: 0x48484000
[inst #95] addi x3,x0,15
Register Write to Reg: 0x03 Val: 0x0000000F
[inst #96] bne x30,x29,240
[inst #97] lui x1,135698
Register Write to Reg: 0x01 Val: 0x21212000
[inst #98] addi x1,x1,289
Register Write to Reg: 0x01 Val: 0x21212121
[inst #99] addi x2,x0,31
Register Write to Reg: 0x02 Val: 0x0000001F
[inst #100] sll x30,x1,x2
Register Write to Reg: 0x1E Val: 0xFFFFFFFF80000000
[inst #101] lui x29,-524288
Register Write to Reg: 0x1D Val: 0xFFFFFFFF80000000
[inst #102] addi x29,x29,0
Register Write to Reg: 0x1D Val: 0xFFFFFFFF80000000
[inst #103] addi x3,x0,16
Register Write to Reg: 0x03 Val: 0x00000010
[inst #104] bne x30,x29,208
[inst #105] lui x1,135698
Register Write to Reg: 0x01 Val: 0x21212000
[inst #106] addi x1,x1,289
Register Write to Reg: 0x01 Val: 0x21212121
[inst #107] addi x2,x0,-64
Register Write to Reg: 0x02 Val: 0xFFFFFFFFFFFFFFC0
[inst #108] sll x30,x1,x2
Register Write to Reg: 0x1E Val: 0x21212121
[inst #109] lui x29,135698
Register Write to Reg: 0x1D Val: 0x21212000
[inst #110] addi x29,x29,289
Register Write to Reg: 0x1D Val: 0x21212121
[inst #111] addi x3,x0,17
Register Write to Reg: 0x03 Val: 0x00000011
[inst #112] bne x30,x29,176
[inst #113] lui x1,135698
Register Write to Reg: 0x01 Val: 0x21212000
[inst #114] addi x1,x1,289
Register Write to Reg: 0x01 Val: 0x21212121
[inst #115] addi x2,x0,-63
Register Write to Reg: 0x02 Val: 0xFFFFFFFFFFFFFFC1
[inst #116] sll x30,x1,x2
Register Write to Reg: 0x1E Val: 0x42424242
[inst #117] lui x29,271396
Register Write to Reg: 0x1D Val: 0x42424000
[inst #118] addi x29,x29,578
Register Write to Reg: 0x1D Val: 0x42424242
[inst #119] addi x3,x0,18
Register Write to Reg: 0x03 Val: 0x00000012
[inst #120] bne x30,x29,144
[inst #121] lui x1,135698
Register Write to Reg: 0x01 Val: 0x21212000
[inst #122] addi x1,x1,289
Register Write to Reg: 0x01 Val: 0x21212121
[inst #123] addi x2,x0,-57
Register Write to Reg: 0x02 Val: 0xFFFFFFFFFFFFFFC7
[inst #124] sll x30,x1,x2
Register Write to Reg: 0x1E Val: 0xFFFFFFFF90909080
[inst #125] lui x29,-456439
Register Write to Reg: 0x1D Val: 0xFFFFFFFF90909000
[inst #126] addi x29,x29,128
Register Write to Reg: 0x1D Val: 0xFFFFFFFF90909080
[inst #127] addi x3,x0,19
Register Write to Reg: 0x03 Val: 0x00000013
[inst #128] bne x30,x29,112
[inst #129] lui x1,135698
Register Write to Reg: 0x01 Val: 0x21212000
[inst #130] addi x1,x1,289
Register Write to Reg: 0x01 Val: 0x21212121
[inst #131] addi x2,x0,-50
Register Write to Reg: 0x02 Val: 0xFFFFFFFFFFFFFFCE
[inst #132] sll x30,x1,x2
Register Write to Reg: 0x1E Val: 0x48484000
[inst #133] lui x29,296068
Register Write to Reg: 0x1D Val: 0x48484000
[inst #134] addi x29,x29,0
Register Write to Reg: 0x1D Val: 0x48484000
[inst #135] addi x3,x0,20
Register Write to Reg: 0x03 Val: 0x00000014
[inst #136] bne x30,x29,80
[inst #137] addi x1,x0,1
Register Write to Reg: 0x01 Val: 0x00000001
[inst #138] addi x2,x0,7
Register Write to Reg: 0x02 Val: 0x00000007
[inst #139] sll x1,x1,x2
Register Write to Reg: 0x01 Val: 0x00000080
[inst #140] addi x29,x0,128
Register Write to Reg: 0x1D Val: 0x00000080
[inst #141] addi x3,x0,22
Register Write to Reg: 0x03 Val: 0x00000016
[inst #142] bne x1,x29,56
[inst #143] addi x1,x0,1
Register Write to Reg: 0x01 Val: 0x00000001
[inst #144] addi x2,x0,14
Register Write to Reg: 0x02 Val: 0x0000000E
[inst #145] sll x2,x1,x2
Register Write to Reg: 0x02 Val: 0x00004000
[inst #146] lui x29,4
Register Write to Reg: 0x1D Val: 0x00004000
[inst #147] addi x29,x29,0
Register Write to Reg: 0x1D Val: 0x00004000
[inst #148] addi x3,x0,23
Register Write to Reg: 0x03 Val: 0x00000017
[inst #149] bne x2,x29,28
[inst #150] addi x1,x0,3
Register Write to Reg: 0x01 Val: 0x00000003
[inst #151] sll x1,x1,x1
Register Write to Reg: 0x01 Val: 0x00000018
[inst #152] addi x29,x0,24
Register Write to Reg: 0x1D Val: 0x00000018
[inst #153] addi x3,x0,24
Register Write to Reg: 0x03 Val: 0x00000018
[inst #154] bne x1,x29,8
[inst #155] bne x0,x3,16
[inst #156] addi x10,x0,42
Register Write to Reg: 0x0A Val: 0x0000002A
[inst #157] addi x17,x0,93
Register Write to Reg: 0x11 Val: 0x0000005D
[inst #158] ecall 

Program terminated by calling exit
