$version Generated by VerilatedVcd $end
$timescale 1ps $end
 $scope module TOP $end
  $scope module $unit $end
   $var wire 7 t I_IMM_TYPE [6:0] $end
   $var wire 7 t I_OR_R_ALU [6:0] $end
   $var wire 7 u LD_TYPE [6:0] $end
   $var wire 7 u I_IMM_OR_LD [6:0] $end
   $var wire 7 v S_TYPE [6:0] $end
   $var wire 7 u LD_OR_S [6:0] $end
   $var wire 7 w B_TYPE [6:0] $end
   $var wire 7 x J_TYPE [6:0] $end
   $var wire 7 y I_JMP_TYPE [6:0] $end
   $var wire 7 y JAL_OR_JALR [6:0] $end
   $var wire 7 z AUIPC [6:0] $end
   $var wire 7 z U_TYPE [6:0] $end
  $upscope $end
  $var wire 1 j clk_i $end
  $var wire 1 k rst_i $end
  $var wire 1 l imem_ld_i $end
  $var wire 10 m imem_ld_addr_i [9:0] $end
  $var wire 32 n imem_ld_data_i [31:0] $end
  $scope module risc_v $end
   $var wire 32 o AddressWidth [31:0] $end
   $var wire 32 p DataWidth [31:0] $end
   $var wire 1 j clk_i $end
   $var wire 1 k rst_i $end
   $var wire 1 l imem_ld_i $end
   $var wire 10 m imem_ld_addr_i [9:0] $end
   $var wire 32 n imem_ld_data_i [31:0] $end
   $var wire 1 q halt $end
   $var wire 4 # alu_op [3:0] $end
   $var wire 2 $ regf_rd_src [1:0] $end
   $var wire 1 % alu_src2_sel $end
   $var wire 1 & jal $end
   $var wire 1 ' jalr $end
   $var wire 1 ( branch $end
   $var wire 1 ) auipc $end
   $var wire 1 * regf_wr_en $end
   $var wire 1 + mem_wr_en $end
   $var wire 1 , pc_src_sel $end
   $var wire 32 - target_pc [31:0] $end
   $var wire 32 G pc [31:0] $end
   $var wire 32 H pc_plus4 [31:0] $end
   $var wire 32 . next_pc [31:0] $end
   $var wire 1 / alu_flag $end
   $var wire 32 0 alu_src2 [31:0] $end
   $var wire 32 1 alu_result [31:0] $end
   $var wire 32 2 regf_rd_data [31:0] $end
   $var wire 32 3 regf_rs1_data [31:0] $end
   $var wire 32 4 regf_rs2_data [31:0] $end
   $var wire 32 5 uimm_type_data [31:0] $end
   $var wire 32 6 data_mem_r_data [31:0] $end
   $var wire 32 7 imm [31:0] $end
   $var wire 32 8 instr [31:0] $end
   $var wire 32 9 ld_data [31:0] $end
   $var wire 10 : imem_addr [9:0] $end
   $var wire 7 ; op_code [6:0] $end
   $var wire 3 < funct3 [2:0] $end
   $var wire 1 = funct7_h20 $end
   $var wire 5 > regf_rd_addr [4:0] $end
   $var wire 5 ? regf_rs1_addr [4:0] $end
   $var wire 5 @ regf_rs2_addr [4:0] $end
   $scope module alu $end
    $var wire 32 p DataWidth [31:0] $end
    $var wire 32 3 src1_i [31:0] $end
    $var wire 32 0 src2_i [31:0] $end
    $var wire 4 # alu_op_i [3:0] $end
    $var wire 32 1 result_o [31:0] $end
   $upscope $end
   $scope module alu_src2_mux $end
    $var wire 32 p DataWidth [31:0] $end
    $var wire 1 % sel_i $end
    $var wire 32 4 in0_i [31:0] $end
    $var wire 32 7 in1_i [31:0] $end
    $var wire 32 0 out_o [31:0] $end
   $upscope $end
   $scope module control_unit $end
    $var wire 7 ; op_code_i [6:0] $end
    $var wire 1 & jal_o $end
    $var wire 1 ' jalr_o $end
    $var wire 1 ( branch_o $end
    $var wire 1 ) auipc_o $end
    $var wire 1 * regf_wr_en_o $end
    $var wire 1 + mem_wr_en_o $end
    $var wire 2 $ regf_rd_src_o [1:0] $end
    $var wire 1 A fnc7_h20_i $end
    $var wire 3 < funct3_i [2:0] $end
    $var wire 1 % alu_src_o $end
    $var wire 4 # alu_op_o [3:0] $end
   $upscope $end
   $scope module ctrl_flow_unit $end
    $var wire 32 p DataWidth [31:0] $end
    $var wire 1 & jal_i $end
    $var wire 1 ' jalr_i $end
    $var wire 1 ( branch_i $end
    $var wire 1 / alu_flag_i $end
    $var wire 32 G pc_i [31:0] $end
    $var wire 32 3 rs1_data_i [31:0] $end
    $var wire 32 7 addr_offset_i [31:0] $end
    $var wire 1 , pc_src_sel_o $end
    $var wire 32 - pc_target_o [31:0] $end
    $var wire 32 B base_addr [31:0] $end
    $var wire 32 - pc_plus_offset [31:0] $end
   $upscope $end
   $scope module dmem $end
    $var wire 32 o AddressWidth [31:0] $end
    $var wire 32 p DataWidth [31:0] $end
    $var wire 1 j clk_i $end
    $var wire 1 + wr_en_i $end
    $var wire 10 C addr_i [9:0] $end
    $var wire 32 4 wr_data_i [31:0] $end
    $var wire 32 6 r_data_o [31:0] $end
   $upscope $end
   $scope module imem $end
    $var wire 32 o AddressWidth [31:0] $end
    $var wire 32 p DataWidth [31:0] $end
    $var wire 1 j clk_i $end
    $var wire 1 l wr_en_i $end
    $var wire 10 : addr_i [9:0] $end
    $var wire 32 n wr_data_i [31:0] $end
    $var wire 32 8 r_data_o [31:0] $end
   $upscope $end
   $scope module imm_extension_unit $end
    $var wire 32 8 instr_i [31:0] $end
    $var wire 32 7 imm_o [31:0] $end
    $var wire 7 ; op_code [6:0] $end
   $upscope $end
   $scope module ld_data_ext $end
    $var wire 3 < funct3_i [2:0] $end
    $var wire 2 D offset_i [1:0] $end
    $var wire 32 6 data_i [31:0] $end
    $var wire 32 9 data_o [31:0] $end
    $var wire 8 E byte_sel [7:0] $end
    $var wire 16 F halfword_sel [15:0] $end
   $upscope $end
   $scope module pc_adder $end
    $var wire 32 p DataWidth [31:0] $end
    $var wire 32 G a_i [31:0] $end
    $var wire 32 r b_i [31:0] $end
    $var wire 32 H y_o [31:0] $end
   $upscope $end
   $scope module pc_mux $end
    $var wire 32 p DataWidth [31:0] $end
    $var wire 1 , sel_i $end
    $var wire 32 H in0_i [31:0] $end
    $var wire 32 - in1_i [31:0] $end
    $var wire 32 . out_o [31:0] $end
   $upscope $end
   $scope module pc_reg $end
    $var wire 32 p DataWidth [31:0] $end
    $var wire 1 k rst_i $end
    $var wire 1 j clk_i $end
    $var wire 32 . d_i [31:0] $end
    $var wire 32 G q_o [31:0] $end
   $upscope $end
   $scope module regf_wr_data_mux $end
    $var wire 32 p DataWidth [31:0] $end
    $var wire 2 $ sel_i [1:0] $end
    $var wire 32 1 in0_i [31:0] $end
    $var wire 32 9 in1_i [31:0] $end
    $var wire 32 H in2_i [31:0] $end
    $var wire 32 5 in3_i [31:0] $end
    $var wire 32 2 out_o [31:0] $end
   $upscope $end
   $scope module regfile $end
    $var wire 32 p NumRegs [31:0] $end
    $var wire 32 p DataWidth [31:0] $end
    $var wire 32 s AddressWidth [31:0] $end
    $var wire 1 j clk_i $end
    $var wire 1 k rst_i $end
    $var wire 1 * wr_en_i $end
    $var wire 5 > rd_addr_i [4:0] $end
    $var wire 5 ? rs1_addr_i [4:0] $end
    $var wire 5 @ rs2_addr_i [4:0] $end
    $var wire 32 2 rd_data_i [31:0] $end
    $var wire 32 3 rs1_data_o [31:0] $end
    $var wire 32 4 rs2_data_o [31:0] $end
    $var wire 32 I i [31:0] $end
    $var wire 32 J register_file[0] [31:0] $end
    $var wire 32 K register_file[1] [31:0] $end
    $var wire 32 L register_file[2] [31:0] $end
    $var wire 32 M register_file[3] [31:0] $end
    $var wire 32 N register_file[4] [31:0] $end
    $var wire 32 O register_file[5] [31:0] $end
    $var wire 32 P register_file[6] [31:0] $end
    $var wire 32 Q register_file[7] [31:0] $end
    $var wire 32 R register_file[8] [31:0] $end
    $var wire 32 S register_file[9] [31:0] $end
    $var wire 32 T register_file[10] [31:0] $end
    $var wire 32 U register_file[11] [31:0] $end
    $var wire 32 V register_file[12] [31:0] $end
    $var wire 32 W register_file[13] [31:0] $end
    $var wire 32 X register_file[14] [31:0] $end
    $var wire 32 Y register_file[15] [31:0] $end
    $var wire 32 Z register_file[16] [31:0] $end
    $var wire 32 [ register_file[17] [31:0] $end
    $var wire 32 \ register_file[18] [31:0] $end
    $var wire 32 ] register_file[19] [31:0] $end
    $var wire 32 ^ register_file[20] [31:0] $end
    $var wire 32 _ register_file[21] [31:0] $end
    $var wire 32 ` register_file[22] [31:0] $end
    $var wire 32 a register_file[23] [31:0] $end
    $var wire 32 b register_file[24] [31:0] $end
    $var wire 32 c register_file[25] [31:0] $end
    $var wire 32 d register_file[26] [31:0] $end
    $var wire 32 e register_file[27] [31:0] $end
    $var wire 32 f register_file[28] [31:0] $end
    $var wire 32 g register_file[29] [31:0] $end
    $var wire 32 h register_file[30] [31:0] $end
    $var wire 32 i register_file[31] [31:0] $end
   $upscope $end
   $scope module utype_rd_data_mux $end
    $var wire 32 p DataWidth [31:0] $end
    $var wire 1 ) sel_i $end
    $var wire 32 7 in0_i [31:0] $end
    $var wire 32 - in1_i [31:0] $end
    $var wire 32 5 out_o [31:0] $end
   $upscope $end
  $upscope $end
 $upscope $end
$enddefinitions $end


#0
b0000 #
b00 $
1%
0&
0'
0(
0)
1*
0+
0,
b00000000000000000000000000000000 -
b00000000000000000000000000000100 .
0/
b00000000000000000000000000000000 0
b00000000000000000000000000000000 1
b00000000000000000000000000000000 2
b00000000000000000000000000000000 3
b00000000000000000000000000000000 4
b00000000000000000000000000000000 5
b00000000000000000000000000000000 6
b00000000000000000000000000000000 7
b00000000000000000000000010010011 8
b00000000000000000000000000000000 9
b0000000000 :
b0010011 ;
b000 <
0=
b00001 >
b00000 ?
b00000 @
0A
b00000000000000000000000000000000 B
b0000000000 C
b00 D
b00000000 E
b0000000000000000 F
b00000000000000000000000000000000 G
b00000000000000000000000000000100 H
b00000000000000000000000000100000 I
b00000000000000000000000000000000 J
b00000000000000000000000000000000 K
b00000000000000000000000000000000 L
b00000000000000000000000000000000 M
b00000000000000000000000000000000 N
b00000000000000000000000000000000 O
b00000000000000000000000000000000 P
b00000000000000000000000000000000 Q
b00000000000000000000000000000000 R
b00000000000000000000000000000000 S
b00000000000000000000000000000000 T
b00000000000000000000000000000000 U
b00000000000000000000000000000000 V
b00000000000000000000000000000000 W
b00000000000000000000000000000000 X
b00000000000000000000000000000000 Y
b00000000000000000000000000000000 Z
b00000000000000000000000000000000 [
b00000000000000000000000000000000 \
b00000000000000000000000000000000 ]
b00000000000000000000000000000000 ^
b00000000000000000000000000000000 _
b00000000000000000000000000000000 `
b00000000000000000000000000000000 a
b00000000000000000000000000000000 b
b00000000000000000000000000000000 c
b00000000000000000000000000000000 d
b00000000000000000000000000000000 e
b00000000000000000000000000000000 f
b00000000000000000000000000000000 g
b00000000000000000000000000000000 h
b00000000000000000000000000000000 i
0j
0k
0l
b0001101011 m
b00000101110100000000100010010011 n
b00000000000000000000000000001010 o
b00000000000000000000000000100000 p
0q
b00000000000000000000000000000100 r
b00000000000000000000000000000101 s
b0010011 t
b0000011 u
b0100011 v
b1100011 w
b1101111 x
b1100111 y
b0010111 z
#1
b00000000000000000000000000000100 -
b00000000000000000000000000001000 .
b00000000000000001000111100010011 8
b0000000001 :
b11110 >
b00001 ?
b00000000000000000000000000000100 B
b00000000000000000000000000000100 G
b00000000000000000000000000001000 H
1j
#2
0j
#3
b00000000000000000000000000001000 -
b00000000000000000000000000001100 .
b00000000000000000000111010010011 8
b0000000010 :
b11101 >
b00000 ?
b00000000000000000000000000001000 B
b00000000000000000000000000001000 G
b00000000000000000000000000001100 H
1j
#4
0j
#5
b00000000000000000000000000001110 -
b00000000000000000000000000010000 .
b00000000000000000000000000000010 0
b00000000000000000000000000000010 1
b00000000000000000000000000000010 2
b00000000000000000000000000000010 5
b00000000000000000000000000000010 7
b00000000001000000000000110010011 8
b0000000011 :
b00011 >
b00010 @
b00000000000000000000000000001100 B
b10 D
b00000000000000000000000000001100 G
b00000000000000000000000000010000 H
1j
#6
0j
#7
b1011 #
0%
1(
0*
b00000000000000000000000110101000 -
b00000000000000000000000000010100 .
b00000000000000000000000000000000 0
b00000000000000000000000000000000 1
b00000000000000000000000000000000 2
b00000000000000000000000110011000 5
b00000000000000000000000110011000 7
b00011001110111110001110001100011 8
b0000000100 :
b1100011 ;
b001 <
b11000 >
b11110 ?
b11101 @
b00000000000000000000000000010000 B
b00 D
b00000000000000000000000000010000 G
b00000000000000000000000000010100 H
b00000000000000000000000000000010 M
1j
#8
0j
#9
b0000 #
1%
0(
1*
b00000000000000000000000000010101 -
b00000000000000000000000000011000 .
1/
b00000000000000000000000000000001 0
b00000000000000000000000000000001 1
b00000000000000000000000000000001 2
b00000000000000000000000000000001 5
b00000000000000000000000000000001 7
b00000000000100000000000010010011 8
b0000000101 :
b0010011 ;
b000 <
b00001 >
b00000 ?
b00001 @
b00000000000000000000000000010100 B
b01 D
b00000000000000000000000000010100 G
b00000000000000000000000000011000 H
1j
#10
0j
#11
b00000000000000000000000000011001 -
b00000000000000000000000000011100 .
0/
b00000000000000000000000000000010 1
b00000000000000000000000000000010 2
b00000000000000000000000000000001 3
b00000000000000000000000000000001 4
b00000000000100001000111100010011 8
b0000000110 :
b11110 >
b00001 ?
b00000000000000000000000000011000 B
b10 D
b00000000000000000000000000011000 G
b00000000000000000000000000011100 H
b00000000000000000000000000000001 K
1j
#12
0j
#13
b00000000000000000000000000011110 -
b00000000000000000000000000100000 .
b00000000000000000000000000000010 0
b00000000000000000000000000000000 3
b00000000000000000000000000000000 4
b00000000000000000000000000000010 5
b00000000000000000000000000000010 7
b00000000001000000000111010010011 8
b0000000111 :
b11101 >
b00000 ?
b00010 @
b00000000000000000000000000011100 B
b00000000000000000000000000011100 G
b00000000000000000000000000100000 H
b00000000000000000000000000000010 h
1j
#14
0j
#15
b00000000000000000000000000100011 -
b00000000000000000000000000100100 .
1/
b00000000000000000000000000000011 0
b00000000000000000000000000000011 1
b00000000000000000000000000000011 2
b00000000000000000000000000000010 4
b00000000000000000000000000000011 5
b00000000000000000000000000000011 7
b00000000001100000000000110010011 8
b0000001000 :
b00011 >
b00011 @
b00000000000000000000000000100000 B
b11 D
b00000000000000000000000000100000 G
b00000000000000000000000000100100 H
b00000000000000000000000000000010 g
1j
#16
0j
#17
b1011 #
0%
1(
0*
b00000000000000000000000110101000 -
b00000000000000000000000000101000 .
0/
b00000000000000000000000000000010 0
b00000000000000000000000000000000 1
b00000000000000000000000000000000 2
b00000000000000000000000000000010 3
b00000000000000000000000110000100 5
b00000000000000000000000110000100 7
b00011001110111110001001001100011 8
b0000001001 :
b1100011 ;
b001 <
b00100 >
b11110 ?
b11101 @
b00000000000000000000000000100100 B
b00 D
b00000000000000000000000000100100 G
b00000000000000000000000000101000 H
b00000000000000000000000000000011 M
1j
#18
0j
#19
b0000 #
1%
0(
1*
b00000000000000000000000000101011 -
b00000000000000000000000000101100 .
1/
b00000000000000000000000000000011 0
b00000000000000000000000000000011 1
b00000000000000000000000000000011 2
b00000000000000000000000000000000 3
b00000000000000000000000000000011 4
b00000000000000000000000000000011 5
b00000000000000000000000000000011 7
b00000000001100000000000010010011 8
b0000001010 :
b0010011 ;
b000 <
b00001 >
b00000 ?
b00011 @
b00000000000000000000000000101000 B
b11 D
b00000000000000000000000000101000 G
b00000000000000000000000000101100 H
1j
#20
0j
#21
b00000000000000000000000000110011 -
b00000000000000000000000000110000 .
0/
b00000000000000000000000000000111 0
b00000000000000000000000000001010 1
b00000000000000000000000000001010 2
b00000000000000000000000000000011 3
b00000000000000000000000000000000 4
b00000000000000000000000000000111 5
b00000000000000000000000000000111 7
b00000000011100001000111100010011 8
b0000001011 :
b11110 >
b00001 ?
b00111 @
b00000000000000000000000000101100 B
b0000000010 C
b10 D
b00000000000000000000000000101100 G
b00000000000000000000000000110000 H
b00000000000000000000000000000011 K
1j
#22
0j
#23
b00000000000000000000000000111010 -
b00000000000000000000000000110100 .
b00000000000000000000000000001010 0
b00000000000000000000000000000000 3
b00000000000000000000000000001010 5
b00000000000000000000000000001010 7
b00000000101000000000111010010011 8
b0000001100 :
b11101 >
b00000 ?
b01010 @
b00000000000000000000000000110000 B
b00000000000000000000000000110000 G
b00000000000000000000000000110100 H
b00000000000000000000000000001010 h
1j
#24
0j
#25
b00000000000000000000000000111000 -
b00000000000000000000000000111000 .
b00000000000000000000000000000100 0
b00000000000000000000000000000100 1
b00000000000000000000000000000100 2
b00000000000000000000000000000100 5
b00000000000000000000000000000100 7
b00000000010000000000000110010011 8
b0000001101 :
b00011 >
b00100 @
b00000000000000000000000000110100 B
b0000000001 C
b00 D
b00000000000000000000000000110100 G
b00000000000000000000000000111000 H
b00000000000000000000000000001010 g
1j
#26
0j
#27
b1011 #
0%
1(
0*
b00000000000000000000000110101000 -
b00000000000000000000000000111100 .
b00000000000000000000000000001010 0
b00000000000000000000000000000000 1
b00000000000000000000000000000000 2
b00000000000000000000000000001010 3
b00000000000000000000000000001010 4
b00000000000000000000000101110000 5
b00000000000000000000000101110000 7
b00010111110111110001100001100011 8
b0000001110 :
b1100011 ;
b001 <
b10000 >
b11110 ?
b11101 @
b00000000000000000000000000111000 B
b0000000000 C
b00000000000000000000000000111000 G
b00000000000000000000000000111100 H
b00000000000000000000000000000100 M
1j
#28
0j
#29
b0000 #
1%
0(
1*
b00000000000000000000000000111100 -
b00000000000000000000000001000000 .
b00000000000000000000000000000000 0
b00000000000000000000000000000000 3
b00000000000000000000000000000000 4
b00000000000000000000000000000000 5
b00000000000000000000000000000000 7
b00000000000000000000000010010011 8
b0000001111 :
b0010011 ;
b000 <
b00001 >
b00000 ?
b00000 @
b00000000000000000000000000111100 B
b00000000000000000000000000111100 G
b00000000000000000000000001000000 H
1j
#30
0j
#31
b11111111111111111111100001000000 -
b00000000000000000000000001000100 .
b11111111111111111111100000000000 0
b11111111111111111111100000000000 1
b11111111111111111111100000000000 2
b11111111111111111111100000000000 5
b11111111111111111111100000000000 7
b10000000000000001000111100010011 8
b0000010000 :
b11110 >
b00001 ?
b00000000000000000000000001000000 B
b1000000000 C
b00000000000000000000000001000000 G
b00000000000000000000000001000100 H
b00000000000000000000000000000000 K
1j
#32
0j
#33
b11111111111111111111100001000100 -
b00000000000000000000000001001000 .
b10000000000000000000111010010011 8
b0000010001 :
b11101 >
b00000 ?
b00000000000000000000000001000100 B
b00000000000000000000000001000100 G
b00000000000000000000000001001000 H
b11111111111111111111100000000000 h
1j
#34
0j
#35
b00000000000000000000000001001101 -
b00000000000000000000000001001100 .
1/
b00000000000000000000000000000101 0
b00000000000000000000000000000101 1
b00000000000000000000000000000101 2
b00000000000000000000000000000101 5
b00000000000000000000000000000101 7
b00000000010100000000000110010011 8
b0000010010 :
b00011 >
b00101 @
b00000000000000000000000001001000 B
b0000000001 C
b01 D
b00000000000000000000000001001000 G
b00000000000000000000000001001100 H
b11111111111111111111100000000000 g
1j
#36
0j
#37
b1011 #
0%
1(
0*
b00000000000000000000000110101000 -
b00000000000000000000000001010000 .
0/
b11111111111111111111100000000000 0
b00000000000000000000000000000000 1
b00000000000000000000000000000000 2
b11111111111111111111100000000000 3
b11111111111111111111100000000000 4
b00000000000000000000000101011100 5
b00000000000000000000000101011100 7
b00010101110111110001111001100011 8
b0000010011 :
b1100011 ;
b001 <
b11100 >
b11110 ?
b11101 @
b00000000000000000000000001001100 B
b0000000000 C
b00 D
b00000000000000000000000001001100 G
b00000000000000000000000001010000 H
b00000000000000000000000000000101 M
1j
#38
0j
#39
b0000 #
b11 $
0(
1*
b10000000000000000000000001010000 -
b00000000000000000000000001010100 .
b00000000000000000000000000000000 0
b10000000000000000000000000000000 2
b00000000000000000000000000000000 3
b00000000000000000000000000000000 4
b10000000000000000000000000000000 5
b10000000000000000000000000000000 7
b10000000000000000000000010110111 8
b0000010100 :
b0110111 ;
b000 <
b00001 >
b00000 ?
b00000 @
b00000000000000000000000001010000 B
b00000000000000000000000001010000 G
b00000000000000000000000001010100 H
1j
#40
0j
#41
b00 $
1%
b00000000000000000000000001010100 -
b00000000000000000000000001011000 .
b10000000000000000000000000000000 1
b10000000000000000000000000000000 3
b00000000000000000000000000000000 5
b00000000000000000000000000000000 7
b00000000000000001000000010010011 8
b0000010101 :
b0010011 ;
b00001 ?
b00000000000000000000000001010100 B
b00000000000000000000000001010100 G
b00000000000000000000000001011000 H
b10000000000000000000000000000000 K
1j
#42
0j
#43
b00000000000000000000000001011000 -
b00000000000000000000000001011100 .
b00000000000000001000111100010011 8
b0000010110 :
b11110 >
b00000000000000000000000001011000 B
b00000000000000000000000001011000 G
b00000000000000000000000001011100 H
1j
#44
0j
#45
b11 $
0%
b10000000000000000000000001011100 -
b00000000000000000000000001100000 .
b00000000000000000000000000000000 1
b00000000000000000000000000000000 3
b10000000000000000000000000000000 5
b10000000000000000000000000000000 7
b10000000000000000000111010110111 8
b0000010111 :
b0110111 ;
b11101 >
b00000 ?
b00000000000000000000000001011100 B
b00000000000000000000000001011100 G
b00000000000000000000000001100000 H
b10000000000000000000000000000000 h
1j
#46
0j
#47
b00 $
1%
b00000000000000000000000001100000 -
b00000000000000000000000001100100 .
b10000000000000000000000000000000 1
b10000000000000000000000000000000 3
b00000000000000000000000000000000 5
b00000000000000000000000000000000 7
b00000000000011101000111010010011 8
b0000011000 :
b0010011 ;
b11101 ?
b00000000000000000000000001100000 B
b00000000000000000000000001100000 G
b00000000000000000000000001100100 H
b10000000000000000000000000000000 g
1j
#48
0j
#49
b00000000000000000000000001101010 -
b00000000000000000000000001101000 .
b00000000000000000000000000000110 0
b00000000000000000000000000000110 1
b00000000000000000000000000000110 2
b00000000000000000000000000000000 3
b00000000000000000000000000000110 5
b00000000000000000000000000000110 7
b00000000011000000000000110010011 8
b0000011001 :
b00011 >
b00000 ?
b00110 @
b00000000000000000000000001100100 B
b0000000001 C
b10 D
b00000000000000000000000001100100 G
b00000000000000000000000001101000 H
1j
#50
0j
#51
b1011 #
0%
1(
0*
b00000000000000000000000110101000 -
b00000000000000000000000001101100 .
b10000000000000000000000000000000 0
b00000000000000000000000000000000 1
b00000000000000000000000000000000 2
b10000000000000000000000000000000 3
b10000000000000000000000000000000 4
b00000000000000000000000101000000 5
b00000000000000000000000101000000 7
b00010101110111110001000001100011 8
b0000011010 :
b1100011 ;
b001 <
b00000 >
b11110 ?
b11101 @
b00000000000000000000000001101000 B
b0000000000 C
b00 D
b00000000000000000000000001101000 G
b00000000000000000000000001101100 H
b00000000000000000000000000000110 M
1j
#52
0j
#53
b0000 #
b11 $
0(
1*
b10000000000000000000000001101100 -
b00000000000000000000000001110000 .
b00000000000000000000000000000000 0
b10000000000000000000000000000000 2
b00000000000000000000000000000000 3
b00000000000000000000000000000000 4
b10000000000000000000000000000000 5
b10000000000000000000000000000000 7
b10000000000000000000000010110111 8
b0000011011 :
b0110111 ;
b000 <
b00001 >
b00000 ?
b00000 @
b00000000000000000000000001101100 B
b00000000000000000000000001101100 G
b00000000000000000000000001110000 H
1j
#54
0j
#55
b00 $
1%
b00000000000000000000000001110000 -
b00000000000000000000000001110100 .
b10000000000000000000000000000000 1
b10000000000000000000000000000000 3
b00000000000000000000000000000000 5
b00000000000000000000000000000000 7
b00000000000000001000000010010011 8
b0000011100 :
b0010011 ;
b00001 ?
b00000000000000000000000001110000 B
b00000000000000000000000001110000 G
b00000000000000000000000001110100 H
1j
#56
0j
#57
b11111111111111111111100001110100 -
b00000000000000000000000001111000 .
b11111111111111111111100000000000 0
b01111111111111111111100000000000 1
b01111111111111111111100000000000 2
b11111111111111111111100000000000 5
b11111111111111111111100000000000 7
b10000000000000001000111100010011 8
b0000011101 :
b11110 >
b00000000000000000000000001110100 B
b1000000000 C
b00000000000000000000000001110100 G
b00000000000000000000000001111000 H
1j
#58
0j
#59
b11 $
0%
b10000000000000000000000001111000 -
b00000000000000000000000001111100 .
b00000000000000000000000000000000 0
b00000000000000000000000000000000 1
b10000000000000000000000000000000 2
b00000000000000000000000000000000 3
b10000000000000000000000000000000 5
b10000000000000000000000000000000 7
b10000000000000000000111010110111 8
b0000011110 :
b0110111 ;
b11101 >
b00000 ?
b00000000000000000000000001111000 B
b0000000000 C
b00000000000000000000000001111000 G
b00000000000000000000000001111100 H
b01111111111111111111100000000000 h
1j
#60
0j
#61
b00 $
1%
b11111111111111111111100001111100 -
b00000000000000000000000010000000 .
b11111111111111111111100000000000 0
b01111111111111111111100000000000 1
b01111111111111111111100000000000 2
b10000000000000000000000000000000 3
b11111111111111111111100000000000 5
b11111111111111111111100000000000 7
b10000000000011101000111010010011 8
b0000011111 :
b0010011 ;
b11101 ?
b00000000000000000000000001111100 B
b1000000000 C
b00000000000000000000000001111100 G
b00000000000000000000000010000000 H
1j
#62
0j
#63
b00000000000000000000000010000111 -
b00000000000000000000000010000100 .
1/
b00000000000000000000000000000111 0
b00000000000000000000000000000111 1
b00000000000000000000000000000111 2
b00000000000000000000000000000000 3
b00000000000000000000000000000111 5
b00000000000000000000000000000111 7
b00000000011100000000000110010011 8
b0000100000 :
b00011 >
b00000 ?
b00111 @
b00000000000000000000000010000000 B
b0000000001 C
b11 D
b00000000000000000000000010000000 G
b00000000000000000000000010000100 H
b01111111111111111111100000000000 g
1j
#64
0j
#65
b1011 #
0%
1(
0*
b00000000000000000000000110101000 -
b00000000000000000000000010001000 .
0/
b01111111111111111111100000000000 0
b00000000000000000000000000000000 1
b00000000000000000000000000000000 2
b01111111111111111111100000000000 3
b01111111111111111111100000000000 4
b00000000000000000000000100100100 5
b00000000000000000000000100100100 7
b00010011110111110001001001100011 8
b0000100001 :
b1100011 ;
b001 <
b00100 >
b11110 ?
b11101 @
b00000000000000000000000010000100 B
b0000000000 C
b00 D
b00000000000000000000000010000100 G
b00000000000000000000000010001000 H
b00000000000000000000000000000111 M
1j
#66
0j
#67
b0000 #
1%
0(
1*
b00000000000000000000000010001000 -
b00000000000000000000000010001100 .
b00000000000000000000000000000000 0
b00000000000000000000000000000000 3
b00000000000000000000000000000000 4
b00000000000000000000000000000000 5
b00000000000000000000000000000000 7
b00000000000000000000000010010011 8
b0000100010 :
b0010011 ;
b000 <
b00001 >
b00000 ?
b00000 @
b00000000000000000000000010001000 B
b00000000000000000000000010001000 G
b00000000000000000000000010001100 H
1j
#68
0j
#69
b0001 #
b00000000000000000000100010001011 -
b00000000000000000000000010010000 .
1/
b00000000000000000000011111111111 0
b11111111111111111111100000000001 1
b11111111111111111111100000000001 2
b00000000000000000000011111111111 5
b00000000000000000000011111111111 7
b01111111111100001000111100010011 8
b0000100011 :
1=
b11110 >
b00001 ?
b11111 @
1A
b00000000000000000000000010001100 B
b1000000000 C
b01 D
b00000000000000000000000010001100 G
b00000000000000000000000010010000 H
b00000000000000000000000000000000 K
1j
#70
0j
#71
b00000000000000000000100010001111 -
b00000000000000000000000010010100 .
b01111111111100000000111010010011 8
b0000100100 :
b11101 >
b00000 ?
b00000000000000000000000010010000 B
b00000000000000000000000010010000 G
b00000000000000000000000010010100 H
b11111111111111111111100000000001 h
1j
#72
0j
#73
b0000 #
b00000000000000000000000010011100 -
b00000000000000000000000010011000 .
0/
b00000000000000000000000000001000 0
b00000000000000000000000000001000 1
b00000000000000000000000000001000 2
b00000000000000000000000000001000 5
b00000000000000000000000000001000 7
b00000000100000000000000110010011 8
b0000100101 :
0=
b00011 >
b01000 @
0A
b00000000000000000000000010010100 B
b0000000010 C
b00 D
b00000000000000000000000010010100 G
b00000000000000000000000010011000 H
b11111111111111111111100000000001 g
1j
#74
0j
#75
b1011 #
0%
1(
0*
b00000000000000000000000110101000 -
b00000000000000000000000010011100 .
b11111111111111111111100000000001 0
b00000000000000000000000000000000 1
b00000000000000000000000000000000 2
b11111111111111111111100000000001 3
b11111111111111111111100000000001 4
b00000000000000000000000100010000 5
b00000000000000000000000100010000 7
b00010001110111110001100001100011 8
b0000100110 :
b1100011 ;
b001 <
b10000 >
b11110 ?
b11101 @
b00000000000000000000000010011000 B
b0000000000 C
b00000000000000000000000010011000 G
b00000000000000000000000010011100 H
b00000000000000000000000000001000 M
1j
#76
0j
#77
b0000 #
b11 $
0(
1*
b10000000000000000000000010011100 -
b00000000000000000000000010100000 .
b00000000000000000000000000000000 0
b10000000000000000000000000000000 2
b00000000000000000000000000000000 3
b00000000000000000000000000000000 4
b10000000000000000000000000000000 5
b10000000000000000000000000000000 7
b10000000000000000000000010110111 8
b0000100111 :
b0110111 ;
b000 <
b00001 >
b00000 ?
b00000 @
b00000000000000000000000010011100 B
b00000000000000000000000010011100 G
b00000000000000000000000010100000 H
1j
#78
0j
#79
b0001 #
b00 $
1%
b00000000000000000000000010011111 -
b00000000000000000000000010100100 .
1/
b11111111111111111111111111111111 0
b10000000000000000000000000000001 1
b10000000000000000000000000000001 2
b10000000000000000000000000000000 3
b11111111111111111111111111111111 5
b11111111111111111111111111111111 7
b11111111111100001000000010010011 8
b0000101000 :
b0010011 ;
1=
b00001 ?
b11111 @
1A
b00000000000000000000000010100000 B
b01 D
b00000000000000000000000010100000 G
b00000000000000000000000010100100 H
b10000000000000000000000000000000 K
1j
#80
0j
#81
b0000 #
b00000000000000000000000010100100 -
b00000000000000000000000010101000 .
b00000000000000000000000000000000 0
b10000000000000000000000000000001 3
b00000000000000000000000000000000 5
b00000000000000000000000000000000 7
b00000000000000001000111100010011 8
b0000101001 :
0=
b11110 >
b00000 @
0A
b00000000000000000000000010100100 B
b00000000000000000000000010100100 G
b00000000000000000000000010101000 H
b10000000000000000000000000000001 K
1j
#82
0j
#83
b11 $
0%
b10000000000000000000000010101000 -
b00000000000000000000000010101100 .
0/
b00000000000000000000000000000000 1
b10000000000000000000000000000000 2
b00000000000000000000000000000000 3
b10000000000000000000000000000000 5
b10000000000000000000000000000000 7
b10000000000000000000111010110111 8
b0000101010 :
b0110111 ;
b11101 >
b00000 ?
b00000000000000000000000010101000 B
b00 D
b00000000000000000000000010101000 G
b00000000000000000000000010101100 H
b10000000000000000000000000000001 h
1j
#84
0j
#85
b0001 #
b00 $
1%
b00000000000000000000000010101011 -
b00000000000000000000000010110000 .
1/
b11111111111111111111111111111111 0
b10000000000000000000000000000001 1
b10000000000000000000000000000001 2
b10000000000000000000000000000000 3
b11111111111111111111111111111111 5
b11111111111111111111111111111111 7
b11111111111111101000111010010011 8
b0000101011 :
b0010011 ;
1=
b11101 ?
b11111 @
1A
b00000000000000000000000010101100 B
b01 D
b00000000000000000000000010101100 G
b00000000000000000000000010110000 H
b10000000000000000000000000000000 g
1j
#86
0j
#87
b0000 #
b00000000000000000000000010111001 -
b00000000000000000000000010110100 .
b00000000000000000000000000001001 0
b00000000000000000000000000001001 1
b00000000000000000000000000001001 2
b00000000000000000000000000000000 3
b00000000000000000000000000001001 5
b00000000000000000000000000001001 7
b00000000100100000000000110010011 8
b0000101100 :
0=
b00011 >
b00000 ?
b01001 @
0A
b00000000000000000000000010110000 B
b0000000010 C
b00000000000000000000000010110000 G
b00000000000000000000000010110100 H
b10000000000000000000000000000001 g
1j
#88
0j
#89
b1011 #
0%
1(
0*
b00000000000000000000000110101000 -
b00000000000000000000000010111000 .
0/
b10000000000000000000000000000001 0
b00000000000000000000000000000000 1
b00000000000000000000000000000000 2
b10000000000000000000000000000001 3
b10000000000000000000000000000001 4
b00000000000000000000000011110100 5
b00000000000000000000000011110100 7
b00001111110111110001101001100011 8
b0000101101 :
b1100011 ;
b001 <
b10100 >
b11110 ?
b11101 @
b00000000000000000000000010110100 B
b0000000000 C
b00 D
b00000000000000000000000010110100 G
b00000000000000000000000010111000 H
b00000000000000000000000000001001 M
1j
#90
0j
#91
b0000 #
b11 $
0(
1*
b10000000000000000000000010111000 -
b00000000000000000000000010111100 .
b00000000000000000000000000000000 0
b10000000000000000000000000000000 2
b00000000000000000000000000000000 3
b00000000000000000000000000000000 4
b10000000000000000000000000000000 5
b10000000000000000000000000000000 7
b10000000000000000000000010110111 8
b0000101110 :
b0110111 ;
b000 <
b00001 >
b00000 ?
b00000 @
b00000000000000000000000010111000 B
b00000000000000000000000010111000 G
b00000000000000000000000010111100 H
1j
#92
0j
#93
b0001 #
b00 $
1%
b00000000000000000000000010111011 -
b00000000000000000000000011000000 .
1/
b11111111111111111111111111111111 0
b10000000000000000000000000000001 1
b10000000000000000000000000000001 2
b10000000000000000000000000000000 3
b11111111111111111111111111111111 5
b11111111111111111111111111111111 7
b11111111111100001000000010010011 8
b0000101111 :
b0010011 ;
1=
b00001 ?
b11111 @
1A
b00000000000000000000000010111100 B
b01 D
b00000000000000000000000010111100 G
b00000000000000000000000011000000 H
b10000000000000000000000000000000 K
1j
#94
0j
#95
b00000000000000000000100010111111 -
b00000000000000000000000011000100 .
0/
b00000000000000000000011111111111 0
b01111111111111111111100000000010 1
b01111111111111111111100000000010 2
b10000000000000000000000000000001 3
b00000000000000000000011111111111 5
b00000000000000000000011111111111 7
b01111111111100001000111100010011 8
b0000110000 :
b11110 >
b00000000000000000000000011000000 B
b1000000000 C
b10 D
b00000000000000000000000011000000 G
b00000000000000000000000011000100 H
b10000000000000000000000000000001 K
1j
#96
0j
#97
b0000 #
b11 $
0%
b10000000000000000000000011000100 -
b00000000000000000000000011001000 .
b00000000000000000000000000000000 0
b00000000000000000000000000000000 1
b10000000000000000000000000000000 2
b00000000000000000000000000000000 3
b10000000000000000000000000000000 5
b10000000000000000000000000000000 7
b10000000000000000000111010110111 8
b0000110001 :
b0110111 ;
0=
b11101 >
b00000 ?
b00000 @
0A
b00000000000000000000000011000100 B
b0000000000 C
b00 D
b00000000000000000000000011000100 G
b00000000000000000000000011001000 H
b01111111111111111111100000000010 h
1j
#98
0j
#99
b0001 #
b00 $
1%
b00000000000000000000100011000110 -
b00000000000000000000000011001100 .
b00000000000000000000011111111110 0
b01111111111111111111100000000010 1
b01111111111111111111100000000010 2
b10000000000000000000000000000000 3
b01111111111111111111100000000010 4
b00000000000000000000011111111110 5
b00000000000000000000011111111110 7
b01111111111011101000111010010011 8
b0000110010 :
b0010011 ;
1=
b11101 ?
b11110 @
1A
b00000000000000000000000011001000 B
b1000000000 C
b10 D
b00000000000000000000000011001000 G
b00000000000000000000000011001100 H
b10000000000000000000000000000000 g
1j
#100
0j
#101
b0000 #
b00000000000000000000000011010110 -
b00000000000000000000000011010000 .
b00000000000000000000000000001010 0
b00000000000000000000000000001010 1
b00000000000000000000000000001010 2
b00000000000000000000000000000000 3
b00000000000000000000000000000000 4
b00000000000000000000000000001010 5
b00000000000000000000000000001010 7
b00000000101000000000000110010011 8
b0000110011 :
0=
b00011 >
b00000 ?
b01010 @
0A
b00000000000000000000000011001100 B
b0000000010 C
b00000000000000000000000011001100 G
b00000000000000000000000011010000 H
b01111111111111111111100000000010 g
1j
#102
0j
#103
b1011 #
0%
1(
0*
b00000000000000000000000110101000 -
b00000000000000000000000011010100 .
b01111111111111111111100000000010 0
b00000000000000000000000000000000 1
b00000000000000000000000000000000 2
b01111111111111111111100000000010 3
b01111111111111111111100000000010 4
b00000000000000000000000011011000 5
b00000000000000000000000011011000 7
b00001101110111110001110001100011 8
b0000110100 :
b1100011 ;
b001 <
b11000 >
b11110 ?
b11101 @
b00000000000000000000000011010000 B
b0000000000 C
b00 D
b00000000000000000000000011010000 G
b00000000000000000000000011010100 H
b00000000000000000000000000001010 M
1j
#104
0j
#105
b0000 #
b11 $
0(
1*
b10000000000000000000000011010100 -
b00000000000000000000000011011000 .
b00000000000000000000000000000000 0
b10000000000000000000000000000000 2
b00000000000000000000000000000000 3
b00000000000000000000000000000000 4
b10000000000000000000000000000000 5
b10000000000000000000000000000000 7
b10000000000000000000000010110111 8
b0000110101 :
b0110111 ;
b000 <
b00001 >
b00000 ?
b00000 @
b00000000000000000000000011010100 B
b00000000000000000000000011010100 G
b00000000000000000000000011011000 H
1j
#106
0j
#107
b00 $
1%
b00000000000000000000000011011000 -
b00000000000000000000000011011100 .
b10000000000000000000000000000000 1
b10000000000000000000000000000000 3
b00000000000000000000000000000000 5
b00000000000000000000000000000000 7
b00000000000000001000000010010011 8
b0000110110 :
b0010011 ;
b00001 ?
b00000000000000000000000011011000 B
b00000000000000000000000011011000 G
b00000000000000000000000011011100 H
b10000000000000000000000000000000 K
1j
#108
0j
#109
b0001 #
b00000000000000000000100011011011 -
b00000000000000000000000011100000 .
1/
b00000000000000000000011111111111 0
b01111111111111111111100000000001 1
b01111111111111111111100000000001 2
b00000000000000000000011111111111 5
b00000000000000000000011111111111 7
b01111111111100001000111100010011 8
b0000110111 :
1=
b11110 >
b11111 @
1A
b00000000000000000000000011011100 B
b1000000000 C
b01 D
b00000000000000000000000011011100 G
b00000000000000000000000011100000 H
1j
#110
0j
#111
b0000 #
b11 $
0%
b10000000000000000000000011100000 -
b00000000000000000000000011100100 .
0/
b00000000000000000000000000000000 0
b00000000000000000000000000000000 1
b10000000000000000000000000000000 2
b00000000000000000000000000000000 3
b10000000000000000000000000000000 5
b10000000000000000000000000000000 7
b10000000000000000000111010110111 8
b0000111000 :
b0110111 ;
0=
b11101 >
b00000 ?
b00000 @
0A
b00000000000000000000000011100000 B
b0000000000 C
b00 D
b00000000000000000000000011100000 G
b00000000000000000000000011100100 H
b01111111111111111111100000000001 h
1j
#112
0j
#113
b0001 #
b00 $
1%
b00000000000000000000100011100011 -
b00000000000000000000000011101000 .
1/
b00000000000000000000011111111111 0
b01111111111111111111100000000001 1
b01111111111111111111100000000001 2
b10000000000000000000000000000000 3
b00000000000000000000011111111111 5
b00000000000000000000011111111111 7
b01111111111111101000111010010011 8
b0000111001 :
b0010011 ;
1=
b11101 ?
b11111 @
1A
b00000000000000000000000011100100 B
b1000000000 C
b01 D
b00000000000000000000000011100100 G
b00000000000000000000000011101000 H
b10000000000000000000000000000000 g
1j
#114
0j
#115
b0000 #
b00000000000000000000000011110011 -
b00000000000000000000000011101100 .
b00000000000000000000000000001011 0
b00000000000000000000000000001011 1
b00000000000000000000000000001011 2
b00000000000000000000000000000000 3
b00000000000000000000000000001011 5
b00000000000000000000000000001011 7
b00000000101100000000000110010011 8
b0000111010 :
0=
b00011 >
b00000 ?
b01011 @
0A
b00000000000000000000000011101000 B
b0000000010 C
b11 D
b00000000000000000000000011101000 G
b00000000000000000000000011101100 H
b01111111111111111111100000000001 g
1j
#116
0j
#117
b1011 #
0%
1(
0*
b00000000000000000000000110101000 -
b00000000000000000000000011110000 .
0/
b01111111111111111111100000000001 0
b00000000000000000000000000000000 1
b00000000000000000000000000000000 2
b01111111111111111111100000000001 3
b01111111111111111111100000000001 4
b00000000000000000000000010111100 5
b00000000000000000000000010111100 7
b00001011110111110001111001100011 8
b0000111011 :
b1100011 ;
b001 <
b11100 >
b11110 ?
b11101 @
b00000000000000000000000011101100 B
b0000000000 C
b00 D
b00000000000000000000000011101100 G
b00000000000000000000000011110000 H
b00000000000000000000000000001011 M
1j
#118
0j
#119
b0000 #
b11 $
0(
1*
b10000000000000000000000011110000 -
b00000000000000000000000011110100 .
b00000000000000000000000000000000 0
b10000000000000000000000000000000 2
b00000000000000000000000000000000 3
b00000000000000000000000000000000 4
b10000000000000000000000000000000 5
b10000000000000000000000000000000 7
b10000000000000000000000010110111 8
b0000111100 :
b0110111 ;
b000 <
b00001 >
b00000 ?
b00000 @
b00000000000000000000000011110000 B
b00000000000000000000000011110000 G
b00000000000000000000000011110100 H
1j
#120
0j
#121
b0001 #
b00 $
1%
b00000000000000000000000011110011 -
b00000000000000000000000011111000 .
1/
b11111111111111111111111111111111 0
b10000000000000000000000000000001 1
b10000000000000000000000000000001 2
b10000000000000000000000000000000 3
b11111111111111111111111111111111 5
b11111111111111111111111111111111 7
b11111111111100001000000010010011 8
b0000111101 :
b0010011 ;
1=
b00001 ?
b11111 @
1A
b00000000000000000000000011110100 B
b01 D
b00000000000000000000000011110100 G
b00000000000000000000000011111000 H
1j
#122
0j
#123
b0000 #
b11111111111111111111100011111000 -
b00000000000000000000000011111100 .
b11111111111111111111100000000000 0
b01111111111111111111100000000001 1
b01111111111111111111100000000001 2
b10000000000000000000000000000001 3
b11111111111111111111100000000000 5
b11111111111111111111100000000000 7
b10000000000000001000111100010011 8
b0000111110 :
0=
b11110 >
b00000 @
0A
b00000000000000000000000011111000 B
b1000000000 C
b00000000000000000000000011111000 G
b00000000000000000000000011111100 H
b10000000000000000000000000000001 K
1j
#124
0j
#125
b11 $
0%
b01111111111111111111000011111100 -
b00000000000000000000000100000000 .
0/
b00000000000000000000000000000000 0
b00000000000000000000000000000000 1
b01111111111111111111000000000000 2
b00000000000000000000000000000000 3
b01111111111111111111000000000000 5
b01111111111111111111000000000000 7
b01111111111111111111111010110111 8
b0000111111 :
b0110111 ;
b111 <
1=
b11101 >
b11111 ?
b11111 @
1A
b00000000000000000000000011111100 B
b0000000000 C
b00 D
b00000000000000000000000011111100 G
b00000000000000000000000100000000 H
1j
#126
0j
#127
b0001 #
b00 $
1%
b00000000000000000000100011111111 -
b00000000000000000000000100000100 .
1/
b00000000000000000000011111111111 0
b01111111111111111110100000000001 1
b01111111111111111110100000000001 2
b01111111111111111111000000000000 3
b00000000000000000000011111111111 5
b00000000000000000000011111111111 7
b01111111111111101000111010010011 8
b0001000000 :
b0010011 ;
b000 <
b11101 ?
b00000000000000000000000100000000 B
b1000000000 C
b01 D
b00000000000000000000000100000000 G
b00000000000000000000000100000100 H
b01111111111111111111000000000000 g
1j
#128
0j
#129
b0000 #
b00000000000000000000000100010000 -
b00000000000000000000000100001000 .
0/
b00000000000000000000000000001100 0
b00000000000000000000000000001100 1
b00000000000000000000000000001100 2
b00000000000000000000000000000000 3
b00000000000000000000000000001100 5
b00000000000000000000000000001100 7
b00000000110000000000000110010011 8
b0001000001 :
0=
b00011 >
b00000 ?
b01100 @
0A
b00000000000000000000000100000100 B
b0000000011 C
b00 D
b00000000000000000000000100000100 G
b00000000000000000000000100001000 H
b01111111111111111110100000000001 g
1j
#130
0j
#131
b1011 #
0%
1(
0*
1,
b00000000000000000000000110101000 -
b00000000000000000000000110101000 .
1/
b01111111111111111110100000000001 0
b00000000000000000000000000000001 1
b00000000000000000000000000000001 2
b01111111111111111111100000000001 3
b01111111111111111110100000000001 4
b00000000000000000000000010100000 5
b00000000000000000000000010100000 7
b00001011110111110001000001100011 8
b0001000010 :
b1100011 ;
b001 <
b00000 >
b11110 ?
b11101 @
b00000000000000000000000100001000 B
b0000000000 C
b01 D
b00000000000000000000000100001000 G
b00000000000000000000000100001100 H
b00000000000000000000000000001100 M
1j
#132
0j
#133
b0000 #
1%
0(
1*
0,
b00000000000000000000000110101100 .
0/
b00000000000000000000000000000000 0
b00000000000000000000000000000000 1
b00000000000000000000000000000000 2
b00000000000000000000000000000000 3
b00000000000000000000000000000000 4
b00000000000000000000000000000000 5
b00000000000000000000000000000000 7
b00000000000000000000010100010011 8
b0001101010 :
b0010011 ;
b000 <
b01010 >
b00000 ?
b00000 @
b00000000000000000000000110101000 B
b00 D
b00000000000000000000000110101000 G
b00000000000000000000000110101100 H
1j
#134
0j
#135
b00000000000000000000001000001001 -
b00000000000000000000000110110000 .
1/
b00000000000000000000000001011101 0
b00000000000000000000000001011101 1
b00000000000000000000000001011101 2
b01111111111111111110100000000001 4
b00000000000000000000000001011101 5
b00000000000000000000000001011101 7
b00000101110100000000100010010011 8
b0001101011 :
b10001 >
b11101 @
b00000000000000000000000110101100 B
b0000010111 C
b01 D
b00000000000000000000000110101100 G
b00000000000000000000000110110000 H
1j
#136
0j
#137
0%
b00000000000000000000000110110000 -
b00000000000000000000000110110100 .
0/
b00000000000000000000000000000000 0
b00000000000000000000000000000000 1
b00000000000000000000000000000000 2
b00000000000000000000000000000000 4
b00000000000000000000000000000000 5
b00000000000000000000000000000000 7
b00000000000000000000000000000000 8
b0001101100 :
b0000000 ;
b00000 >
b00000 @
b00000000000000000000000110110000 B
b0000000000 C
b00 D
b00000000000000000000000110110000 G
b00000000000000000000000110110100 H
b00000000000000000000000001011101 [
1j
#138
0j
#139
b00000000000000000000000110110100 -
b00000000000000000000000110111000 .
b0001101101 :
b00000000000000000000000110110100 B
b00000000000000000000000110110100 G
b00000000000000000000000110111000 H
1j
#140
0j
#141
b00000000000000000000000110111000 -
b00000000000000000000000110111100 .
b0001101110 :
b00000000000000000000000110111000 B
b00000000000000000000000110111000 G
b00000000000000000000000110111100 H
1j
#142
0j
#143
b00000000000000000000000110111100 -
b00000000000000000000000111000000 .
b0001101111 :
b00000000000000000000000110111100 B
b00000000000000000000000110111100 G
b00000000000000000000000111000000 H
1j
#144
0j
#145
b00000000000000000000000111000000 -
b00000000000000000000000111000100 .
b0001110000 :
b00000000000000000000000111000000 B
b00000000000000000000000111000000 G
b00000000000000000000000111000100 H
1j
#146
0j
#147
b00000000000000000000000111000100 -
b00000000000000000000000111001000 .
b0001110001 :
b00000000000000000000000111000100 B
b00000000000000000000000111000100 G
b00000000000000000000000111001000 H
1j
#148
0j
#149
b00000000000000000000000111001000 -
b00000000000000000000000111001100 .
b0001110010 :
b00000000000000000000000111001000 B
b00000000000000000000000111001000 G
b00000000000000000000000111001100 H
1j
#150
0j
#151
b00000000000000000000000111001100 -
b00000000000000000000000111010000 .
b0001110011 :
b00000000000000000000000111001100 B
b00000000000000000000000111001100 G
b00000000000000000000000111010000 H
1j
#152
0j
#153
b00000000000000000000000111010000 -
b00000000000000000000000111010100 .
b0001110100 :
b00000000000000000000000111010000 B
b00000000000000000000000111010000 G
b00000000000000000000000111010100 H
1j
#154
0j
#155
b00000000000000000000000111010100 -
b00000000000000000000000111011000 .
b0001110101 :
b00000000000000000000000111010100 B
b00000000000000000000000111010100 G
b00000000000000000000000111011000 H
1j
#156
0j
#157
b00000000000000000000000111011000 -
b00000000000000000000000111011100 .
b0001110110 :
b00000000000000000000000111011000 B
b00000000000000000000000111011000 G
b00000000000000000000000111011100 H
1j
#158
0j
#159
b00000000000000000000000111011100 -
b00000000000000000000000111100000 .
b0001110111 :
b00000000000000000000000111011100 B
b00000000000000000000000111011100 G
b00000000000000000000000111100000 H
1j
#160
0j
#161
b00000000000000000000000111100000 -
b00000000000000000000000111100100 .
b0001111000 :
b00000000000000000000000111100000 B
b00000000000000000000000111100000 G
b00000000000000000000000111100100 H
1j
#162
0j
#163
b00000000000000000000000111100100 -
b00000000000000000000000111101000 .
b0001111001 :
b00000000000000000000000111100100 B
b00000000000000000000000111100100 G
b00000000000000000000000111101000 H
1j
#164
0j
#165
b00000000000000000000000111101000 -
b00000000000000000000000111101100 .
b0001111010 :
b00000000000000000000000111101000 B
b00000000000000000000000111101000 G
b00000000000000000000000111101100 H
1j
#166
0j
#167
b00000000000000000000000111101100 -
b00000000000000000000000111110000 .
b0001111011 :
b00000000000000000000000111101100 B
b00000000000000000000000111101100 G
b00000000000000000000000111110000 H
1j
#168
0j
#169
b00000000000000000000000111110000 -
b00000000000000000000000111110100 .
b0001111100 :
b00000000000000000000000111110000 B
b00000000000000000000000111110000 G
b00000000000000000000000111110100 H
1j
#170
0j
#171
b00000000000000000000000111110100 -
b00000000000000000000000111111000 .
b0001111101 :
b00000000000000000000000111110100 B
b00000000000000000000000111110100 G
b00000000000000000000000111111000 H
1j
#172
0j
#173
b00000000000000000000000111111000 -
b00000000000000000000000111111100 .
b0001111110 :
b00000000000000000000000111111000 B
b00000000000000000000000111111000 G
b00000000000000000000000111111100 H
1j
#174
0j
#175
b00000000000000000000000111111100 -
b00000000000000000000001000000000 .
b0001111111 :
b00000000000000000000000111111100 B
b00000000000000000000000111111100 G
b00000000000000000000001000000000 H
1j
#176
0j
#177
b00000000000000000000001000000000 -
b00000000000000000000001000000100 .
b0010000000 :
b00000000000000000000001000000000 B
b00000000000000000000001000000000 G
b00000000000000000000001000000100 H
1j
#178
0j
#179
b00000000000000000000001000000100 -
b00000000000000000000001000001000 .
b0010000001 :
b00000000000000000000001000000100 B
b00000000000000000000001000000100 G
b00000000000000000000001000001000 H
1j
#180
0j
#181
b00000000000000000000001000001000 -
b00000000000000000000001000001100 .
b0010000010 :
b00000000000000000000001000001000 B
b00000000000000000000001000001000 G
b00000000000000000000001000001100 H
1j
#182
0j
#183
b00000000000000000000001000001100 -
b00000000000000000000001000010000 .
b0010000011 :
b00000000000000000000001000001100 B
b00000000000000000000001000001100 G
b00000000000000000000001000010000 H
1j
#184
0j
#185
b00000000000000000000001000010000 -
b00000000000000000000001000010100 .
b0010000100 :
b00000000000000000000001000010000 B
b00000000000000000000001000010000 G
b00000000000000000000001000010100 H
1j
#186
0j
#187
b00000000000000000000001000010100 -
b00000000000000000000001000011000 .
b0010000101 :
b00000000000000000000001000010100 B
b00000000000000000000001000010100 G
b00000000000000000000001000011000 H
1j
#188
0j
#189
b00000000000000000000001000011000 -
b00000000000000000000001000011100 .
b0010000110 :
b00000000000000000000001000011000 B
b00000000000000000000001000011000 G
b00000000000000000000001000011100 H
1j
#190
0j
#191
b00000000000000000000001000011100 -
b00000000000000000000001000100000 .
b0010000111 :
b00000000000000000000001000011100 B
b00000000000000000000001000011100 G
b00000000000000000000001000100000 H
1j
#192
0j
#193
b00000000000000000000001000100000 -
b00000000000000000000001000100100 .
b0010001000 :
b00000000000000000000001000100000 B
b00000000000000000000001000100000 G
b00000000000000000000001000100100 H
1j
#194
0j
#195
b00000000000000000000001000100100 -
b00000000000000000000001000101000 .
b0010001001 :
b00000000000000000000001000100100 B
b00000000000000000000001000100100 G
b00000000000000000000001000101000 H
1j
#196
0j
#197
b00000000000000000000001000101000 -
b00000000000000000000001000101100 .
b0010001010 :
b00000000000000000000001000101000 B
b00000000000000000000001000101000 G
b00000000000000000000001000101100 H
1j
#198
0j
#199
b00000000000000000000001000101100 -
b00000000000000000000001000110000 .
b0010001011 :
b00000000000000000000001000101100 B
b00000000000000000000001000101100 G
b00000000000000000000001000110000 H
1j
#200
0j
#201
b00000000000000000000001000110000 -
b00000000000000000000001000110100 .
b0010001100 :
b00000000000000000000001000110000 B
b00000000000000000000001000110000 G
b00000000000000000000001000110100 H
1j
#202
0j
#203
b00000000000000000000001000110100 -
b00000000000000000000001000111000 .
b0010001101 :
b00000000000000000000001000110100 B
b00000000000000000000001000110100 G
b00000000000000000000001000111000 H
1j
#204
0j
#205
b00000000000000000000001000111000 -
b00000000000000000000001000111100 .
b0010001110 :
b00000000000000000000001000111000 B
b00000000000000000000001000111000 G
b00000000000000000000001000111100 H
1j
#206
0j
#207
b00000000000000000000001000111100 -
b00000000000000000000001001000000 .
b0010001111 :
b00000000000000000000001000111100 B
b00000000000000000000001000111100 G
b00000000000000000000001001000000 H
1j
#208
0j
#209
b00000000000000000000001001000000 -
b00000000000000000000001001000100 .
b0010010000 :
b00000000000000000000001001000000 B
b00000000000000000000001001000000 G
b00000000000000000000001001000100 H
1j
#210
0j
