[inst #1] addi x1,x0,0
Register Write to Reg: 0x01 Val: 0x00000000
[inst #2] addi x2,x0,0
Register Write to Reg: 0x02 Val: 0x00000000
[inst #3] sub x30,x1,x2
Register Write to Reg: 0x1E Val: 0x00000000
[inst #4] addi x29,x0,0
Register Write to Reg: 0x1D Val: 0x00000000
[inst #5] addi x3,x0,2
Register Write to Reg: 0x03 Val: 0x00000002
[inst #6] bne x30,x29,468
[inst #7] addi x1,x0,1
Register Write to Reg: 0x01 Val: 0x00000001
[inst #8] addi x2,x0,1
Register Write to Reg: 0x02 Val: 0x00000001
[inst #9] sub x30,x1,x2
Register Write to Reg: 0x1E Val: 0x00000000
[inst #10] addi x29,x0,0
Register Write to Reg: 0x1D Val: 0x00000000
[inst #11] addi x3,x0,3
Register Write to Reg: 0x03 Val: 0x00000003
[inst #12] bne x30,x29,444
[inst #13] addi x1,x0,3
Register Write to Reg: 0x01 Val: 0x00000003
[inst #14] addi x2,x0,7
Register Write to Reg: 0x02 Val: 0x00000007
[inst #15] sub x30,x1,x2
Register Write to Reg: 0x1E Val: 0xFFFFFFFFFFFFFFFC
[inst #16] addi x29,x0,-4
Register Write to Reg: 0x1D Val: 0xFFFFFFFFFFFFFFFC
[inst #17] addi x3,x0,4
Register Write to Reg: 0x03 Val: 0x00000004
[inst #18] bne x30,x29,420
[inst #19] addi x1,x0,0
Register Write to Reg: 0x01 Val: 0x00000000
[inst #20] lui x2,-8
Register Write to Reg: 0x02 Val: 0xFFFFFFFFFFFF8000
[inst #21] addi x2,x2,0
Register Write to Reg: 0x02 Val: 0xFFFFFFFFFFFF8000
[inst #22] sub x30,x1,x2
Register Write to Reg: 0x1E Val: 0x00008000
[inst #23] lui x29,8
Register Write to Reg: 0x1D Val: 0x00008000
[inst #24] addi x29,x29,0
Register Write to Reg: 0x1D Val: 0x00008000
[inst #25] addi x3,x0,5
Register Write to Reg: 0x03 Val: 0x00000005
[inst #26] bne x30,x29,388
[inst #27] lui x1,-524288
Register Write to Reg: 0x01 Val: 0xFFFFFFFF80000000
[inst #28] addi x1,x1,0
Register Write to Reg: 0x01 Val: 0xFFFFFFFF80000000
[inst #29] addi x2,x0,0
Register Write to Reg: 0x02 Val: 0x00000000
[inst #30] sub x30,x1,x2
Register Write to Reg: 0x1E Val: 0xFFFFFFFF80000000
[inst #31] lui x29,-524288
Register Write to Reg: 0x1D Val: 0xFFFFFFFF80000000
[inst #32] addi x29,x29,0
Register Write to Reg: 0x1D Val: 0xFFFFFFFF80000000
[inst #33] addi x3,x0,6
Register Write to Reg: 0x03 Val: 0x00000006
[inst #34] bne x30,x29,356
[inst #35] lui x1,-524288
Register Write to Reg: 0x01 Val: 0xFFFFFFFF80000000
[inst #36] addi x1,x1,0
Register Write to Reg: 0x01 Val: 0xFFFFFFFF80000000
[inst #37] lui x2,-8
Register Write to Reg: 0x02 Val: 0xFFFFFFFFFFFF8000
[inst #38] addi x2,x2,0
Register Write to Reg: 0x02 Val: 0xFFFFFFFFFFFF8000
[inst #39] sub x30,x1,x2
Register Write to Reg: 0x1E Val: 0xFFFFFFFF80008000
[inst #40] lui x29,-524280
Register Write to Reg: 0x1D Val: 0xFFFFFFFF80008000
[inst #41] addi x29,x29,0
Register Write to Reg: 0x1D Val: 0xFFFFFFFF80008000
[inst #42] addi x3,x0,7
Register Write to Reg: 0x03 Val: 0x00000007
[inst #43] bne x30,x29,320
[inst #44] addi x1,x0,0
Register Write to Reg: 0x01 Val: 0x00000000
[inst #45] lui x2,8
Register Write to Reg: 0x02 Val: 0x00008000
[inst #46] addi x2,x2,-1
Register Write to Reg: 0x02 Val: 0x00007FFF
[inst #47] sub x30,x1,x2
Register Write to Reg: 0x1E Val: 0xFFFFFFFFFFFF8001
[inst #48] lui x29,-8
Register Write to Reg: 0x1D Val: 0xFFFFFFFFFFFF8000
[inst #49] addi x29,x29,1
Register Write to Reg: 0x1D Val: 0xFFFFFFFFFFFF8001
[inst #50] addi x3,x0,8
Register Write to Reg: 0x03 Val: 0x00000008
[inst #51] bne x30,x29,288
[inst #52] lui x1,524288
Register Write to Reg: 0x01 Val: 0xFFFFFFFF80000000
[inst #53] addi x1,x1,-1
Register Write to Reg: 0x01 Val: 0x7FFFFFFF
[inst #54] addi x2,x0,0
Register Write to Reg: 0x02 Val: 0x00000000
[inst #55] sub x30,x1,x2
Register Write to Reg: 0x1E Val: 0x7FFFFFFF
[inst #56] lui x29,524288
Register Write to Reg: 0x1D Val: 0xFFFFFFFF80000000
[inst #57] addi x29,x29,-1
Register Write to Reg: 0x1D Val: 0x7FFFFFFF
[inst #58] addi x3,x0,9
Register Write to Reg: 0x03 Val: 0x00000009
[inst #59] bne x30,x29,256
[inst #60] lui x1,524288
Register Write to Reg: 0x01 Val: 0xFFFFFFFF80000000
[inst #61] addi x1,x1,-1
Register Write to Reg: 0x01 Val: 0x7FFFFFFF
[inst #62] lui x2,8
Register Write to Reg: 0x02 Val: 0x00008000
[inst #63] addi x2,x2,-1
Register Write to Reg: 0x02 Val: 0x00007FFF
[inst #64] sub x30,x1,x2
Register Write to Reg: 0x1E Val: 0x7FFF8000
[inst #65] lui x29,524280
Register Write to Reg: 0x1D Val: 0x7FFF8000
[inst #66] addi x29,x29,0
Register Write to Reg: 0x1D Val: 0x7FFF8000
[inst #67] addi x3,x0,10
Register Write to Reg: 0x03 Val: 0x0000000A
[inst #68] bne x30,x29,220
[inst #69] lui x1,-524288
Register Write to Reg: 0x01 Val: 0xFFFFFFFF80000000
[inst #70] addi x1,x1,0
Register Write to Reg: 0x01 Val: 0xFFFFFFFF80000000
[inst #71] lui x2,8
Register Write to Reg: 0x02 Val: 0x00008000
[inst #72] addi x2,x2,-1
Register Write to Reg: 0x02 Val: 0x00007FFF
[inst #73] sub x30,x1,x2
Register Write to Reg: 0x1E Val: 0x7FFF8001
[inst #74] lui x29,524280
Register Write to Reg: 0x1D Val: 0x7FFF8000
[inst #75] addi x29,x29,1
Register Write to Reg: 0x1D Val: 0x7FFF8001
[inst #76] addi x3,x0,11
Register Write to Reg: 0x03 Val: 0x0000000B
[inst #77] bne x30,x29,184
[inst #78] lui x1,524288
Register Write to Reg: 0x01 Val: 0xFFFFFFFF80000000
[inst #79] addi x1,x1,-1
Register Write to Reg: 0x01 Val: 0x7FFFFFFF
[inst #80] lui x2,-8
Register Write to Reg: 0x02 Val: 0xFFFFFFFFFFFF8000
[inst #81] addi x2,x2,0
Register Write to Reg: 0x02 Val: 0xFFFFFFFFFFFF8000
[inst #82] sub x30,x1,x2
Register Write to Reg: 0x1E Val: 0xFFFFFFFF80007FFF
[inst #83] lui x29,-524280
Register Write to Reg: 0x1D Val: 0xFFFFFFFF80008000
[inst #84] addi x29,x29,-1
Register Write to Reg: 0x1D Val: 0xFFFFFFFF80007FFF
[inst #85] addi x3,x0,12
Register Write to Reg: 0x03 Val: 0x0000000C
[inst #86] bne x30,x29,148
[inst #87] addi x1,x0,0
Register Write to Reg: 0x01 Val: 0x00000000
[inst #88] addi x2,x0,-1
Register Write to Reg: 0x02 Val: 0xFFFFFFFFFFFFFFFF
[inst #89] sub x30,x1,x2
Register Write to Reg: 0x1E Val: 0x00000001
[inst #90] addi x29,x0,1
Register Write to Reg: 0x1D Val: 0x00000001
[inst #91] addi x3,x0,13
Register Write to Reg: 0x03 Val: 0x0000000D
[inst #92] bne x30,x29,124
[inst #93] addi x1,x0,-1
Register Write to Reg: 0x01 Val: 0xFFFFFFFFFFFFFFFF
[inst #94] addi x2,x0,1
Register Write to Reg: 0x02 Val: 0x00000001
[inst #95] sub x30,x1,x2
Register Write to Reg: 0x1E Val: 0xFFFFFFFFFFFFFFFE
[inst #96] addi x29,x0,-2
Register Write to Reg: 0x1D Val: 0xFFFFFFFFFFFFFFFE
[inst #97] addi x3,x0,14
Register Write to Reg: 0x03 Val: 0x0000000E
[inst #98] bne x30,x29,100
[inst #99] addi x1,x0,-1
Register Write to Reg: 0x01 Val: 0xFFFFFFFFFFFFFFFF
[inst #100] addi x2,x0,-1
Register Write to Reg: 0x02 Val: 0xFFFFFFFFFFFFFFFF
[inst #101] sub x30,x1,x2
Register Write to Reg: 0x1E Val: 0x00000000
[inst #102] addi x29,x0,0
Register Write to Reg: 0x1D Val: 0x00000000
[inst #103] addi x3,x0,15
Register Write to Reg: 0x03 Val: 0x0000000F
[inst #104] bne x30,x29,76
[inst #105] addi x1,x0,13
Register Write to Reg: 0x01 Val: 0x0000000D
[inst #106] addi x2,x0,11
Register Write to Reg: 0x02 Val: 0x0000000B
[inst #107] sub x1,x1,x2
Register Write to Reg: 0x01 Val: 0x00000002
[inst #108] addi x29,x0,2
Register Write to Reg: 0x1D Val: 0x00000002
[inst #109] addi x3,x0,16
Register Write to Reg: 0x03 Val: 0x00000010
[inst #110] bne x1,x29,52
[inst #111] addi x1,x0,14
Register Write to Reg: 0x01 Val: 0x0000000E
[inst #112] addi x2,x0,11
Register Write to Reg: 0x02 Val: 0x0000000B
[inst #113] sub x2,x1,x2
Register Write to Reg: 0x02 Val: 0x00000003
[inst #114] addi x29,x0,3
Register Write to Reg: 0x1D Val: 0x00000003
[inst #115] addi x3,x0,17
Register Write to Reg: 0x03 Val: 0x00000011
[inst #116] bne x2,x29,28
[inst #117] addi x1,x0,13
Register Write to Reg: 0x01 Val: 0x0000000D
[inst #118] sub x1,x1,x1
Register Write to Reg: 0x01 Val: 0x00000000
[inst #119] addi x29,x0,0
Register Write to Reg: 0x1D Val: 0x00000000
[inst #120] addi x3,x0,18
Register Write to Reg: 0x03 Val: 0x00000012
[inst #121] bne x1,x29,8
[inst #122] bne x0,x3,16
[inst #123] addi x10,x0,42
Register Write to Reg: 0x0A Val: 0x0000002A
[inst #124] addi x17,x0,93
Register Write to Reg: 0x11 Val: 0x0000005D
[inst #125] ecall 

Program terminated by calling exit
